[INFO] Scanning for projects...
[INFO] 
[INFO] -------------------< com.nadiaevents:admin-service >--------------------
[INFO] Building Admin Service 1.0.0
[INFO]   from pom.xml
[INFO] --------------------------------[ jar ]---------------------------------
[INFO] 
[INFO] >>> spring-boot:2.7.14:run (default-cli) > test-compile @ admin-service >>>
[WARNING] 1 problem was encountered while building the effective model for org.javassist:javassist:jar:3.20.0-GA during dependency collection step for project (use -X to see details)
[INFO] 
[INFO] --- resources:3.2.0:resources (default-resources) @ admin-service ---
[INFO] Using 'UTF-8' encoding to copy filtered resources.
[INFO] Using 'UTF-8' encoding to copy filtered properties files.
[INFO] Copying 1 resource
[INFO] Copying 6 resources
[INFO] 
[INFO] --- compiler:3.10.1:compile (default-compile) @ admin-service ---
[INFO] Changes detected - recompiling the module!
[INFO] Compiling 23 source files to /Users/hermann.nana/kinéopolis /nadia-events-decor/admin-service/target/classes
[INFO] 
[INFO] --- resources:3.2.0:testResources (default-testResources) @ admin-service ---
[INFO] Using 'UTF-8' encoding to copy filtered resources.
[INFO] Using 'UTF-8' encoding to copy filtered properties files.
[INFO] skip non existing resourceDirectory /Users/hermann.nana/kinéopolis /nadia-events-decor/admin-service/src/test/resources
[INFO] 
[INFO] --- compiler:3.10.1:testCompile (default-testCompile) @ admin-service ---
[INFO] No sources to compile
[INFO] 
[INFO] <<< spring-boot:2.7.14:run (default-cli) < test-compile @ admin-service <<<
[INFO] 
[INFO] 
[INFO] --- spring-boot:2.7.14:run (default-cli) @ admin-service ---
[INFO] Attaching agents: []

  .   ____          _            __ _ _
 /\\ / ___'_ __ _ _(_)_ __  __ _ \ \ \ \
( ( )\___ | '_ | '_| | '_ \/ _` | \ \ \ \
 \\/  ___)| |_)| | | | | || (_| |  ) ) ) )
  '  |____| .__|_| |_|_| |_\__, | / / / /
 =========|_|==============|___/=/_/_/_/
 :: Spring Boot ::               (v2.7.14)

2025-06-30 15:27:04.437  INFO 77138 --- [           main] c.n.admin.AdminServiceApplication        : Starting AdminServiceApplication using Java 17.0.15 on MAC149.local.intech.lu with PID 77138 (/Users/hermann.nana/kinéopolis /nadia-events-decor/admin-service/target/classes started by hermann.nana in /Users/hermann.nana/kinéopolis /nadia-events-decor/admin-service)
2025-06-30 15:27:04.438 DEBUG 77138 --- [           main] c.n.admin.AdminServiceApplication        : Running with Spring Boot v2.7.14, Spring v5.3.29
2025-06-30 15:27:04.438  INFO 77138 --- [           main] c.n.admin.AdminServiceApplication        : No active profile set, falling back to 1 default profile: "default"
2025-06-30 15:27:04.733  INFO 77138 --- [           main] .s.d.r.c.RepositoryConfigurationDelegate : Bootstrapping Spring Data JPA repositories in DEFAULT mode.
2025-06-30 15:27:04.810  INFO 77138 --- [           main] .s.d.r.c.RepositoryConfigurationDelegate : Finished Spring Data repository scanning in 72 ms. Found 4 JPA repository interfaces.
2025-06-30 15:27:04.915  INFO 77138 --- [           main] o.s.cloud.context.scope.GenericScope     : BeanFactory id=7ce4f76d-19ec-3fea-a349-d84dc93074f8
2025-06-30 15:27:05.103  INFO 77138 --- [           main] o.s.b.w.embedded.tomcat.TomcatWebServer  : Tomcat initialized with port(s): 8082 (http)
2025-06-30 15:27:05.108  INFO 77138 --- [           main] o.apache.catalina.core.StandardService   : Starting service [Tomcat]
2025-06-30 15:27:05.108  INFO 77138 --- [           main] org.apache.catalina.core.StandardEngine  : Starting Servlet engine: [Apache Tomcat/9.0.78]
2025-06-30 15:27:05.170  INFO 77138 --- [           main] o.a.c.c.C.[Tomcat].[localhost].[/]       : Initializing Spring embedded WebApplicationContext
2025-06-30 15:27:05.171  INFO 77138 --- [           main] w.s.c.ServletWebServerApplicationContext : Root WebApplicationContext: initialization completed in 716 ms
2025-06-30 15:27:05.183  INFO 77138 --- [           main] com.zaxxer.hikari.HikariDataSource       : HikariPool-1 - Starting...
2025-06-30 15:27:05.280  INFO 77138 --- [           main] com.zaxxer.hikari.HikariDataSource       : HikariPool-1 - Start completed.
2025-06-30 15:27:05.285  INFO 77138 --- [           main] o.s.b.a.h2.H2ConsoleAutoConfiguration    : H2 console available at '/h2-console'. Database available at 'jdbc:h2:mem:testdb'
2025-06-30 15:27:05.384  INFO 77138 --- [           main] o.hibernate.jpa.internal.util.LogHelper  : HHH000204: Processing PersistenceUnitInfo [name: default]
2025-06-30 15:27:05.407  INFO 77138 --- [           main] org.hibernate.Version                    : HHH000412: Hibernate ORM core version 5.6.15.Final
2025-06-30 15:27:05.474  INFO 77138 --- [           main] o.hibernate.annotations.common.Version   : HCANN000001: Hibernate Commons Annotations {5.1.2.Final}
2025-06-30 15:27:05.520  INFO 77138 --- [           main] org.hibernate.dialect.Dialect            : HHH000400: Using dialect: org.hibernate.dialect.H2Dialect
Hibernate: 
    
    drop table if exists accounting_transactions CASCADE 
Hibernate: 
    
    drop table if exists invoice_items CASCADE 
Hibernate: 
    
    drop table if exists invoices CASCADE 
Hibernate: 
    
    drop table if exists quote_items CASCADE 
Hibernate: 
    
    drop table if exists quotes CASCADE 
Hibernate: 
    
    drop table if exists staff CASCADE 
Hibernate: 
    
    create table accounting_transactions (
       id bigint generated by default as identity,
        amount numeric(19,2) not null,
        category varchar(255),
        created_at timestamp,
        description varchar(255) not null,
        notes varchar(255),
        payment_method varchar(255),
        reference_number varchar(255),
        related_invoice_id bigint,
        related_quote_id bigint,
        status varchar(255),
        transaction_date timestamp not null,
        transaction_number varchar(255) not null,
        type varchar(255),
        updated_at timestamp,
        primary key (id)
    )
Hibernate: 
    
    create table invoice_items (
       id bigint generated by default as identity,
        notes varchar(255),
        product_description varchar(255),
        product_name varchar(255) not null,
        quantity integer,
        total_price numeric(19,2) not null,
        unit_price numeric(19,2) not null,
        invoice_id bigint not null,
        primary key (id)
    )
Hibernate: 
    
    create table invoices (
       id bigint generated by default as identity,
        client_email varchar(255),
        client_name varchar(255) not null,
        client_phone varchar(255),
        created_at timestamp,
        due_date timestamp,
        event_date timestamp,
        event_location varchar(255),
        event_type varchar(255),
        invoice_number varchar(255) not null,
        notes varchar(255),
        payment_date timestamp,
        payment_method varchar(255),
        status varchar(255),
        subtotal numeric(19,2),
        tax_amount numeric(19,2),
        total_amount numeric(19,2) not null,
        updated_at timestamp,
        primary key (id)
    )
Hibernate: 
    
    create table quote_items (
       id bigint generated by default as identity,
        notes varchar(255),
        product_description varchar(255),
        product_name varchar(255) not null,
        quantity integer,
        total_price numeric(19,2) not null,
        unit_price numeric(19,2) not null,
        quote_id bigint not null,
        primary key (id)
    )
Hibernate: 
    
    create table quotes (
       id bigint generated by default as identity,
        accepted_date timestamp,
        client_email varchar(255),
        client_name varchar(255) not null,
        client_phone varchar(255),
        created_at timestamp,
        event_date timestamp,
        event_location varchar(255),
        event_type varchar(255),
        notes varchar(255),
        quote_number varchar(255) not null,
        rejected_date timestamp,
        rejection_reason varchar(255),
        status varchar(255),
        subtotal numeric(19,2),
        tax_amount numeric(19,2),
        total_amount numeric(19,2) not null,
        updated_at timestamp,
        valid_until timestamp,
        primary key (id)
    )
Hibernate: 
    
    create table staff (
       id bigint generated by default as identity,
        address varchar(255),
        created_at timestamp,
        department varchar(255),
        email varchar(255) not null,
        emergency_contact varchar(255),
        emergency_phone varchar(255),
        first_name varchar(255) not null,
        hire_date timestamp,
        last_name varchar(255) not null,
        notes varchar(255),
        phone varchar(255),
        position varchar(255),
        salary numeric(19,2),
        status varchar(255),
        updated_at timestamp,
        primary key (id)
    )
Hibernate: 
    
    alter table accounting_transactions 
       add constraint UK_dfm624lknlkamy5i689r01bgf unique (transaction_number)
Hibernate: 
    
    alter table invoices 
       add constraint UK_l1x55mfsay7co0r3m9ynvipd5 unique (invoice_number)
Hibernate: 
    
    alter table quotes 
       add constraint UK_bkbvhxprsi25u20qvjyt5aoay unique (quote_number)
Hibernate: 
    
    alter table staff 
       add constraint UK_pvctx4dbua9qh4p4s3gm3scrh unique (email)
Hibernate: 
    
    alter table invoice_items 
       add constraint FK46ae0lhu1oqs7cv91fn6y9n7w 
       foreign key (invoice_id) 
       references invoices
Hibernate: 
    
    alter table quote_items 
       add constraint FKrvsmoef7yontnlu1lwxrb0g3g 
       foreign key (quote_id) 
       references quotes
2025-06-30 15:27:05.826  INFO 77138 --- [           main] o.h.e.t.j.p.i.JtaPlatformInitiator       : HHH000490: Using JtaPlatform implementation: [org.hibernate.engine.transaction.jta.platform.internal.NoJtaPlatform]
2025-06-30 15:27:05.830  INFO 77138 --- [           main] j.LocalContainerEntityManagerFactoryBean : Initialized JPA EntityManagerFactory for persistence unit 'default'
2025-06-30 15:27:06.126  WARN 77138 --- [           main] .s.s.UserDetailsServiceAutoConfiguration : 

Using generated security password: 0d88d96e-0a10-45bc-9c43-ff9348da41ff

This generated password is for development use only. Your security configuration must be updated before running your application in production.

2025-06-30 15:27:06.175  INFO 77138 --- [           main] o.s.s.web.DefaultSecurityFilterChain     : Will secure any request with [org.springframework.security.web.session.DisableEncodeUrlFilter@256d8f17, org.springframework.security.web.context.request.async.WebAsyncManagerIntegrationFilter@2319c1e0, org.springframework.security.web.context.SecurityContextPersistenceFilter@22a2e581, org.springframework.security.web.header.HeaderWriterFilter@70ab1ce0, org.springframework.security.web.authentication.logout.LogoutFilter@2cdb53d6, org.springframework.security.web.savedrequest.RequestCacheAwareFilter@2dc319cf, org.springframework.security.web.servletapi.SecurityContextHolderAwareRequestFilter@1690929, org.springframework.security.web.authentication.AnonymousAuthenticationFilter@659e003e, org.springframework.security.web.session.SessionManagementFilter@46df794e, org.springframework.security.web.access.ExceptionTranslationFilter@38f3dbbf, org.springframework.security.web.access.intercept.FilterSecurityInterceptor@67521a79]
2025-06-30 15:27:06.193  WARN 77138 --- [           main] JpaBaseConfiguration$JpaWebConfiguration : spring.jpa.open-in-view is enabled by default. Therefore, database queries may be performed during view rendering. Explicitly configure spring.jpa.open-in-view to disable this warning
2025-06-30 15:27:06.240 DEBUG 77138 --- [           main] s.w.s.m.m.a.RequestMappingHandlerAdapter : ControllerAdvice beans: 0 @ModelAttribute, 0 @InitBinder, 1 RequestBodyAdvice, 1 ResponseBodyAdvice
2025-06-30 15:27:06.280 DEBUG 77138 --- [           main] s.w.s.m.m.a.RequestMappingHandlerMapping : 67 mappings in 'requestMappingHandlerMapping'
2025-06-30 15:27:06.289 DEBUG 77138 --- [           main] o.s.w.s.handler.SimpleUrlHandlerMapping  : Patterns [/webjars/**, /**] in 'resourceHandlerMapping'
2025-06-30 15:27:06.294 DEBUG 77138 --- [           main] .m.m.a.ExceptionHandlerExceptionResolver : ControllerAdvice beans: 0 @ExceptionHandler, 1 ResponseBodyAdvice
2025-06-30 15:27:06.430  INFO 77138 --- [           main] DiscoveryClientOptionalArgsConfiguration : Eureka HTTP Client uses RestTemplate.
2025-06-30 15:27:06.483  WARN 77138 --- [           main] iguration$LoadBalancerCaffeineWarnLogger : Spring Cloud LoadBalancer is currently working with the default cache. While this cache implementation is useful for development and tests, it's recommended to use Caffeine cache in production.You can switch to using Caffeine cache, by adding it and org.springframework.cache.caffeine.CaffeineCacheManager to the classpath.
2025-06-30 15:27:06.495  INFO 77138 --- [           main] o.s.c.n.eureka.InstanceInfoFactory       : Setting initial instance status as: STARTING
2025-06-30 15:27:06.536  INFO 77138 --- [           main] com.netflix.discovery.DiscoveryClient    : Initializing Eureka in region us-east-1
2025-06-30 15:27:06.538  INFO 77138 --- [           main] c.n.d.s.r.aws.ConfigClusterResolver      : Resolving eureka endpoints via configuration
2025-06-30 15:27:06.549  INFO 77138 --- [           main] com.netflix.discovery.DiscoveryClient    : Disable delta property : false
2025-06-30 15:27:06.550  INFO 77138 --- [           main] com.netflix.discovery.DiscoveryClient    : Single vip registry refresh property : null
2025-06-30 15:27:06.550  INFO 77138 --- [           main] com.netflix.discovery.DiscoveryClient    : Force full registry fetch : false
2025-06-30 15:27:06.550  INFO 77138 --- [           main] com.netflix.discovery.DiscoveryClient    : Application is null : false
2025-06-30 15:27:06.550  INFO 77138 --- [           main] com.netflix.discovery.DiscoveryClient    : Registered Applications size is zero : true
2025-06-30 15:27:06.550  INFO 77138 --- [           main] com.netflix.discovery.DiscoveryClient    : Application version is -1: true
2025-06-30 15:27:06.550  INFO 77138 --- [           main] com.netflix.discovery.DiscoveryClient    : Getting all instance registry info from the eureka server
2025-06-30 15:27:06.643 DEBUG 77138 --- [           main] o.s.web.client.RestTemplate              : HTTP GET http://localhost:8761/eureka/apps/
2025-06-30 15:27:06.681 DEBUG 77138 --- [           main] o.s.web.client.RestTemplate              : Accept=[application/json, application/*+json]
2025-06-30 15:27:06.721 DEBUG 77138 --- [           main] o.s.web.client.RestTemplate              : Response 200 OK
2025-06-30 15:27:06.722 DEBUG 77138 --- [           main] o.s.web.client.RestTemplate              : Reading to [org.springframework.cloud.netflix.eureka.http.EurekaApplications]
2025-06-30 15:27:06.731  INFO 77138 --- [           main] com.netflix.discovery.DiscoveryClient    : The response status is 200
2025-06-30 15:27:06.733  INFO 77138 --- [           main] com.netflix.discovery.DiscoveryClient    : Starting heartbeat executor: renew interval is: 30
2025-06-30 15:27:06.734  INFO 77138 --- [           main] c.n.discovery.InstanceInfoReplicator     : InstanceInfoReplicator onDemand update allowed rate per min is 4
2025-06-30 15:27:06.735  INFO 77138 --- [           main] com.netflix.discovery.DiscoveryClient    : Discovery Client initialized at timestamp 1751290026735 with initial instances count: 2
2025-06-30 15:27:06.736  INFO 77138 --- [           main] o.s.c.n.e.s.EurekaServiceRegistry        : Registering application ADMIN-SERVICE with eureka with status UP
2025-06-30 15:27:06.737  INFO 77138 --- [           main] com.netflix.discovery.DiscoveryClient    : Saw local status change event StatusChangeEvent [timestamp=1751290026737, current=UP, previous=STARTING]
2025-06-30 15:27:06.737  INFO 77138 --- [nfoReplicator-0] com.netflix.discovery.DiscoveryClient    : DiscoveryClient_ADMIN-SERVICE/admin-service:8082: registering service...
2025-06-30 15:27:06.739 DEBUG 77138 --- [nfoReplicator-0] o.s.web.client.RestTemplate              : HTTP POST http://localhost:8761/eureka/apps/ADMIN-SERVICE
2025-06-30 15:27:06.740 DEBUG 77138 --- [nfoReplicator-0] o.s.web.client.RestTemplate              : Accept=[application/json, application/*+json]
2025-06-30 15:27:06.745 DEBUG 77138 --- [nfoReplicator-0] o.s.web.client.RestTemplate              : Writing [InstanceInfo [instanceId = admin-service:8082, appName = ADMIN-SERVICE, hostName = localhost, status = UP, ipAddr = 192.168.1.25, port = 8082, securePort = 443, dataCenterInfo = com.netflix.appinfo.MyDataCenterInfo@834b0f7] as "application/json"
2025-06-30 15:27:06.747  INFO 77138 --- [           main] o.s.b.w.embedded.tomcat.TomcatWebServer  : Tomcat started on port(s): 8082 (http) with context path ''
2025-06-30 15:27:06.748  INFO 77138 --- [           main] .s.c.n.e.s.EurekaAutoServiceRegistration : Updating port to 8082
2025-06-30 15:27:06.756 DEBUG 77138 --- [nfoReplicator-0] o.s.web.client.RestTemplate              : Response 204 NO_CONTENT
2025-06-30 15:27:06.756  INFO 77138 --- [           main] c.n.admin.AdminServiceApplication        : Started AdminServiceApplication in 2.577 seconds (JVM running for 2.752)
2025-06-30 15:27:06.756  INFO 77138 --- [nfoReplicator-0] com.netflix.discovery.DiscoveryClient    : DiscoveryClient_ADMIN-SERVICE/admin-service:8082 - registration status: 204
2025-06-30 15:27:23.837  INFO 77138 --- [nio-8082-exec-1] o.a.c.c.C.[Tomcat].[localhost].[/]       : Initializing Spring DispatcherServlet 'dispatcherServlet'
2025-06-30 15:27:23.837  INFO 77138 --- [nio-8082-exec-1] o.s.web.servlet.DispatcherServlet        : Initializing Servlet 'dispatcherServlet'
2025-06-30 15:27:23.837 DEBUG 77138 --- [nio-8082-exec-1] o.s.web.servlet.DispatcherServlet        : Detected StandardServletMultipartResolver
2025-06-30 15:27:23.837 DEBUG 77138 --- [nio-8082-exec-1] o.s.web.servlet.DispatcherServlet        : Detected AcceptHeaderLocaleResolver
2025-06-30 15:27:23.837 DEBUG 77138 --- [nio-8082-exec-1] o.s.web.servlet.DispatcherServlet        : Detected FixedThemeResolver
2025-06-30 15:27:23.838 DEBUG 77138 --- [nio-8082-exec-1] o.s.web.servlet.DispatcherServlet        : Detected org.springframework.web.servlet.view.DefaultRequestToViewNameTranslator@4138af7
2025-06-30 15:27:23.838 DEBUG 77138 --- [nio-8082-exec-1] o.s.web.servlet.DispatcherServlet        : Detected org.springframework.web.servlet.support.SessionFlashMapManager@61c644fe
2025-06-30 15:27:23.838 DEBUG 77138 --- [nio-8082-exec-1] o.s.web.servlet.DispatcherServlet        : enableLoggingRequestDetails='false': request parameters and headers will be masked to prevent unsafe logging of potentially sensitive data
2025-06-30 15:27:23.838  INFO 77138 --- [nio-8082-exec-1] o.s.web.servlet.DispatcherServlet        : Completed initialization in 1 ms
2025-06-30 15:27:23.849 DEBUG 77138 --- [nio-8082-exec-1] o.s.web.servlet.DispatcherServlet        : GET "/api/contact/quotes", parameters={}
2025-06-30 15:27:23.852 DEBUG 77138 --- [nio-8082-exec-1] s.w.s.m.m.a.RequestMappingHandlerMapping : Mapped to com.nadiaevents.admin.controller.ContactController#getQuoteRequests()
2025-06-30 15:27:23.860 DEBUG 77138 --- [nio-8082-exec-1] o.s.w.s.m.m.a.HttpEntityMethodProcessor  : Using 'application/json', given [*/*] and supported [application/json, application/*+json, application/json, application/*+json]
2025-06-30 15:27:23.861 DEBUG 77138 --- [nio-8082-exec-1] o.s.w.s.m.m.a.HttpEntityMethodProcessor  : Writing [{logFile=logs/admin.log, note=Pour une solution complète, implémenter le stockage en base de données (truncated)...]
2025-06-30 15:27:23.863 DEBUG 77138 --- [nio-8082-exec-1] o.s.web.servlet.DispatcherServlet        : Completed 200 OK
2025-06-30 15:27:34.248 DEBUG 77138 --- [nio-8082-exec-2] o.s.web.servlet.DispatcherServlet        : GET "/api/contact/quotes/latest", parameters={}
2025-06-30 15:27:34.249 DEBUG 77138 --- [nio-8082-exec-2] s.w.s.m.m.a.RequestMappingHandlerMapping : Mapped to com.nadiaevents.admin.controller.ContactController#getLatestQuoteRequests()
2025-06-30 15:27:34.255 DEBUG 77138 --- [nio-8082-exec-2] o.s.w.s.m.m.a.HttpEntityMethodProcessor  : Using 'application/json', given [*/*] and supported [application/json, application/*+json, application/json, application/*+json]
2025-06-30 15:27:34.255 DEBUG 77138 --- [nio-8082-exec-2] o.s.w.s.m.m.a.HttpEntityMethodProcessor  : Writing [{note=Données extraites des logs. Pour une solution complète, implémenter le stockage en base de don (truncated)...]
2025-06-30 15:27:34.258 DEBUG 77138 --- [nio-8082-exec-2] o.s.web.servlet.DispatcherServlet        : Completed 200 OK
2025-06-30 15:27:36.744 DEBUG 77138 --- [freshExecutor-0] o.s.web.client.RestTemplate              : HTTP GET http://localhost:8761/eureka/apps/delta
2025-06-30 15:27:36.745 DEBUG 77138 --- [freshExecutor-0] o.s.web.client.RestTemplate              : Accept=[application/json, application/*+json]
2025-06-30 15:27:36.747 DEBUG 77138 --- [tbeatExecutor-0] o.s.web.client.RestTemplate              : HTTP PUT http://localhost:8761/eureka/apps/ADMIN-SERVICE/admin-service:8082?status=UP&lastDirtyTimestamp=1751290026736
2025-06-30 15:27:36.754 DEBUG 77138 --- [freshExecutor-0] o.s.web.client.RestTemplate              : Response 200 OK
2025-06-30 15:27:36.754 DEBUG 77138 --- [freshExecutor-0] o.s.web.client.RestTemplate              : Reading to [org.springframework.cloud.netflix.eureka.http.EurekaApplications]
2025-06-30 15:27:36.756 DEBUG 77138 --- [tbeatExecutor-0] o.s.web.client.RestTemplate              : Accept=[application/json, application/*+json]
2025-06-30 15:27:36.759 DEBUG 77138 --- [tbeatExecutor-0] o.s.web.client.RestTemplate              : Response 200 OK
2025-06-30 15:28:06.763 DEBUG 77138 --- [freshExecutor-0] o.s.web.client.RestTemplate              : HTTP GET http://localhost:8761/eureka/apps/delta
2025-06-30 15:28:06.763 DEBUG 77138 --- [tbeatExecutor-0] o.s.web.client.RestTemplate              : HTTP PUT http://localhost:8761/eureka/apps/ADMIN-SERVICE/admin-service:8082?status=UP&lastDirtyTimestamp=1751290026736
2025-06-30 15:28:06.764 DEBUG 77138 --- [freshExecutor-0] o.s.web.client.RestTemplate              : Accept=[application/json, application/*+json]
2025-06-30 15:28:06.764 DEBUG 77138 --- [tbeatExecutor-0] o.s.web.client.RestTemplate              : Accept=[application/json, application/*+json]
2025-06-30 15:28:06.771 DEBUG 77138 --- [tbeatExecutor-0] o.s.web.client.RestTemplate              : Response 200 OK
2025-06-30 15:28:06.771 DEBUG 77138 --- [freshExecutor-0] o.s.web.client.RestTemplate              : Response 200 OK
2025-06-30 15:28:06.772 DEBUG 77138 --- [freshExecutor-0] o.s.web.client.RestTemplate              : Reading to [org.springframework.cloud.netflix.eureka.http.EurekaApplications]
2025-06-30 15:28:36.779 DEBUG 77138 --- [freshExecutor-0] o.s.web.client.RestTemplate              : HTTP GET http://localhost:8761/eureka/apps/delta
2025-06-30 15:28:36.779 DEBUG 77138 --- [tbeatExecutor-0] o.s.web.client.RestTemplate              : HTTP PUT http://localhost:8761/eureka/apps/ADMIN-SERVICE/admin-service:8082?status=UP&lastDirtyTimestamp=1751290026736
2025-06-30 15:28:36.781 DEBUG 77138 --- [freshExecutor-0] o.s.web.client.RestTemplate              : Accept=[application/json, application/*+json]
2025-06-30 15:28:36.781 DEBUG 77138 --- [tbeatExecutor-0] o.s.web.client.RestTemplate              : Accept=[application/json, application/*+json]
2025-06-30 15:28:36.790 DEBUG 77138 --- [tbeatExecutor-0] o.s.web.client.RestTemplate              : Response 200 OK
2025-06-30 15:28:36.790 DEBUG 77138 --- [freshExecutor-0] o.s.web.client.RestTemplate              : Response 200 OK
2025-06-30 15:28:36.790 DEBUG 77138 --- [freshExecutor-0] o.s.web.client.RestTemplate              : Reading to [org.springframework.cloud.netflix.eureka.http.EurekaApplications]
2025-06-30 15:29:06.805 DEBUG 77138 --- [tbeatExecutor-0] o.s.web.client.RestTemplate              : HTTP PUT http://localhost:8761/eureka/apps/ADMIN-SERVICE/admin-service:8082?status=UP&lastDirtyTimestamp=1751290026736
2025-06-30 15:29:06.805 DEBUG 77138 --- [freshExecutor-0] o.s.web.client.RestTemplate              : HTTP GET http://localhost:8761/eureka/apps/delta
2025-06-30 15:29:06.806 DEBUG 77138 --- [tbeatExecutor-0] o.s.web.client.RestTemplate              : Accept=[application/json, application/*+json]
2025-06-30 15:29:06.806 DEBUG 77138 --- [freshExecutor-0] o.s.web.client.RestTemplate              : Accept=[application/json, application/*+json]
2025-06-30 15:29:06.812 DEBUG 77138 --- [tbeatExecutor-0] o.s.web.client.RestTemplate              : Response 200 OK
2025-06-30 15:29:06.812 DEBUG 77138 --- [freshExecutor-0] o.s.web.client.RestTemplate              : Response 200 OK
2025-06-30 15:29:06.812 DEBUG 77138 --- [freshExecutor-0] o.s.web.client.RestTemplate              : Reading to [org.springframework.cloud.netflix.eureka.http.EurekaApplications]
2025-06-30 15:29:36.819 DEBUG 77138 --- [freshExecutor-0] o.s.web.client.RestTemplate              : HTTP GET http://localhost:8761/eureka/apps/delta
2025-06-30 15:29:36.819 DEBUG 77138 --- [tbeatExecutor-0] o.s.web.client.RestTemplate              : HTTP PUT http://localhost:8761/eureka/apps/ADMIN-SERVICE/admin-service:8082?status=UP&lastDirtyTimestamp=1751290026736
2025-06-30 15:29:36.820 DEBUG 77138 --- [tbeatExecutor-0] o.s.web.client.RestTemplate              : Accept=[application/json, application/*+json]
2025-06-30 15:29:36.820 DEBUG 77138 --- [freshExecutor-0] o.s.web.client.RestTemplate              : Accept=[application/json, application/*+json]
2025-06-30 15:29:36.825 DEBUG 77138 --- [freshExecutor-0] o.s.web.client.RestTemplate              : Response 200 OK
2025-06-30 15:29:36.825 DEBUG 77138 --- [tbeatExecutor-0] o.s.web.client.RestTemplate              : Response 200 OK
2025-06-30 15:29:36.825 DEBUG 77138 --- [freshExecutor-0] o.s.web.client.RestTemplate              : Reading to [org.springframework.cloud.netflix.eureka.http.EurekaApplications]
2025-06-30 15:30:06.874 DEBUG 77138 --- [freshExecutor-0] o.s.web.client.RestTemplate              : HTTP GET http://localhost:8761/eureka/apps/delta
2025-06-30 15:30:06.874 DEBUG 77138 --- [tbeatExecutor-0] o.s.web.client.RestTemplate              : HTTP PUT http://localhost:8761/eureka/apps/ADMIN-SERVICE/admin-service:8082?status=UP&lastDirtyTimestamp=1751290026736
2025-06-30 15:30:06.875 DEBUG 77138 --- [freshExecutor-0] o.s.web.client.RestTemplate              : Accept=[application/json, application/*+json]
2025-06-30 15:30:06.875 DEBUG 77138 --- [tbeatExecutor-0] o.s.web.client.RestTemplate              : Accept=[application/json, application/*+json]
2025-06-30 15:30:06.881 DEBUG 77138 --- [freshExecutor-0] o.s.web.client.RestTemplate              : Response 200 OK
2025-06-30 15:30:06.881 DEBUG 77138 --- [tbeatExecutor-0] o.s.web.client.RestTemplate              : Response 200 OK
2025-06-30 15:30:06.884 DEBUG 77138 --- [freshExecutor-0] o.s.web.client.RestTemplate              : Reading to [org.springframework.cloud.netflix.eureka.http.EurekaApplications]
2025-06-30 15:30:36.900 DEBUG 77138 --- [freshExecutor-0] o.s.web.client.RestTemplate              : HTTP GET http://localhost:8761/eureka/apps/delta
2025-06-30 15:30:36.900 DEBUG 77138 --- [tbeatExecutor-0] o.s.web.client.RestTemplate              : HTTP PUT http://localhost:8761/eureka/apps/ADMIN-SERVICE/admin-service:8082?status=UP&lastDirtyTimestamp=1751290026736
2025-06-30 15:30:36.905 DEBUG 77138 --- [freshExecutor-0] o.s.web.client.RestTemplate              : Accept=[application/json, application/*+json]
2025-06-30 15:30:36.905 DEBUG 77138 --- [tbeatExecutor-0] o.s.web.client.RestTemplate              : Accept=[application/json, application/*+json]
2025-06-30 15:30:36.936 DEBUG 77138 --- [tbeatExecutor-0] o.s.web.client.RestTemplate              : Response 200 OK
2025-06-30 15:30:36.936 DEBUG 77138 --- [freshExecutor-0] o.s.web.client.RestTemplate              : Response 200 OK
2025-06-30 15:30:36.936 DEBUG 77138 --- [freshExecutor-0] o.s.web.client.RestTemplate              : Reading to [org.springframework.cloud.netflix.eureka.http.EurekaApplications]
2025-06-30 15:31:06.943 DEBUG 77138 --- [freshExecutor-0] o.s.web.client.RestTemplate              : HTTP GET http://localhost:8761/eureka/apps/delta
2025-06-30 15:31:06.943 DEBUG 77138 --- [tbeatExecutor-0] o.s.web.client.RestTemplate              : HTTP PUT http://localhost:8761/eureka/apps/ADMIN-SERVICE/admin-service:8082?status=UP&lastDirtyTimestamp=1751290026736
2025-06-30 15:31:06.946 DEBUG 77138 --- [tbeatExecutor-0] o.s.web.client.RestTemplate              : Accept=[application/json, application/*+json]
2025-06-30 15:31:06.946 DEBUG 77138 --- [freshExecutor-0] o.s.web.client.RestTemplate              : Accept=[application/json, application/*+json]
2025-06-30 15:31:06.964 DEBUG 77138 --- [tbeatExecutor-0] o.s.web.client.RestTemplate              : Response 200 OK
2025-06-30 15:31:06.964 DEBUG 77138 --- [freshExecutor-0] o.s.web.client.RestTemplate              : Response 200 OK
2025-06-30 15:31:06.965 DEBUG 77138 --- [freshExecutor-0] o.s.web.client.RestTemplate              : Reading to [org.springframework.cloud.netflix.eureka.http.EurekaApplications]
2025-06-30 15:31:36.971 DEBUG 77138 --- [tbeatExecutor-0] o.s.web.client.RestTemplate              : HTTP PUT http://localhost:8761/eureka/apps/ADMIN-SERVICE/admin-service:8082?status=UP&lastDirtyTimestamp=1751290026736
2025-06-30 15:31:36.972 DEBUG 77138 --- [tbeatExecutor-0] o.s.web.client.RestTemplate              : Accept=[application/json, application/*+json]
2025-06-30 15:31:36.972 DEBUG 77138 --- [freshExecutor-0] o.s.web.client.RestTemplate              : HTTP GET http://localhost:8761/eureka/apps/delta
2025-06-30 15:31:36.972 DEBUG 77138 --- [freshExecutor-0] o.s.web.client.RestTemplate              : Accept=[application/json, application/*+json]
2025-06-30 15:31:36.992 DEBUG 77138 --- [tbeatExecutor-0] o.s.web.client.RestTemplate              : Response 200 OK
2025-06-30 15:31:36.992 DEBUG 77138 --- [freshExecutor-0] o.s.web.client.RestTemplate              : Response 200 OK
2025-06-30 15:31:36.993 DEBUG 77138 --- [freshExecutor-0] o.s.web.client.RestTemplate              : Reading to [org.springframework.cloud.netflix.eureka.http.EurekaApplications]
2025-06-30 15:32:06.604  INFO 77138 --- [trap-executor-0] c.n.d.s.r.aws.ConfigClusterResolver      : Resolving eureka endpoints via configuration
2025-06-30 15:32:06.999 DEBUG 77138 --- [tbeatExecutor-0] o.s.web.client.RestTemplate              : HTTP PUT http://localhost:8761/eureka/apps/ADMIN-SERVICE/admin-service:8082?status=UP&lastDirtyTimestamp=1751290026736
2025-06-30 15:32:06.999 DEBUG 77138 --- [freshExecutor-0] o.s.web.client.RestTemplate              : HTTP GET http://localhost:8761/eureka/apps/delta
2025-06-30 15:32:07.001 DEBUG 77138 --- [freshExecutor-0] o.s.web.client.RestTemplate              : Accept=[application/json, application/*+json]
2025-06-30 15:32:07.001 DEBUG 77138 --- [tbeatExecutor-0] o.s.web.client.RestTemplate              : Accept=[application/json, application/*+json]
2025-06-30 15:32:07.023 DEBUG 77138 --- [freshExecutor-0] o.s.web.client.RestTemplate              : Response 200 OK
2025-06-30 15:32:07.023 DEBUG 77138 --- [tbeatExecutor-0] o.s.web.client.RestTemplate              : Response 200 OK
2025-06-30 15:32:07.024 DEBUG 77138 --- [freshExecutor-0] o.s.web.client.RestTemplate              : Reading to [org.springframework.cloud.netflix.eureka.http.EurekaApplications]
2025-06-30 15:32:37.031 DEBUG 77138 --- [tbeatExecutor-0] o.s.web.client.RestTemplate              : HTTP PUT http://localhost:8761/eureka/apps/ADMIN-SERVICE/admin-service:8082?status=UP&lastDirtyTimestamp=1751290026736
2025-06-30 15:32:37.031 DEBUG 77138 --- [freshExecutor-0] o.s.web.client.RestTemplate              : HTTP GET http://localhost:8761/eureka/apps/delta
2025-06-30 15:32:37.033 DEBUG 77138 --- [tbeatExecutor-0] o.s.web.client.RestTemplate              : Accept=[application/json, application/*+json]
2025-06-30 15:32:37.033 DEBUG 77138 --- [freshExecutor-0] o.s.web.client.RestTemplate              : Accept=[application/json, application/*+json]
2025-06-30 15:32:37.045 DEBUG 77138 --- [tbeatExecutor-0] o.s.web.client.RestTemplate              : Response 200 OK
2025-06-30 15:32:37.045 DEBUG 77138 --- [freshExecutor-0] o.s.web.client.RestTemplate              : Response 200 OK
2025-06-30 15:32:37.046 DEBUG 77138 --- [freshExecutor-0] o.s.web.client.RestTemplate              : Reading to [org.springframework.cloud.netflix.eureka.http.EurekaApplications]
2025-06-30 15:33:07.059 DEBUG 77138 --- [tbeatExecutor-0] o.s.web.client.RestTemplate              : HTTP PUT http://localhost:8761/eureka/apps/ADMIN-SERVICE/admin-service:8082?status=UP&lastDirtyTimestamp=1751290026736
2025-06-30 15:33:07.059 DEBUG 77138 --- [freshExecutor-0] o.s.web.client.RestTemplate              : HTTP GET http://localhost:8761/eureka/apps/delta
2025-06-30 15:33:07.065 DEBUG 77138 --- [freshExecutor-0] o.s.web.client.RestTemplate              : Accept=[application/json, application/*+json]
2025-06-30 15:33:07.065 DEBUG 77138 --- [tbeatExecutor-0] o.s.web.client.RestTemplate              : Accept=[application/json, application/*+json]
2025-06-30 15:33:07.087 DEBUG 77138 --- [tbeatExecutor-0] o.s.web.client.RestTemplate              : Response 200 OK
2025-06-30 15:33:07.087 DEBUG 77138 --- [freshExecutor-0] o.s.web.client.RestTemplate              : Response 200 OK
2025-06-30 15:33:07.088 DEBUG 77138 --- [freshExecutor-0] o.s.web.client.RestTemplate              : Reading to [org.springframework.cloud.netflix.eureka.http.EurekaApplications]
2025-06-30 15:33:37.095 DEBUG 77138 --- [freshExecutor-0] o.s.web.client.RestTemplate              : HTTP GET http://localhost:8761/eureka/apps/delta
2025-06-30 15:33:37.095 DEBUG 77138 --- [tbeatExecutor-0] o.s.web.client.RestTemplate              : HTTP PUT http://localhost:8761/eureka/apps/ADMIN-SERVICE/admin-service:8082?status=UP&lastDirtyTimestamp=1751290026736
2025-06-30 15:33:37.096 DEBUG 77138 --- [freshExecutor-0] o.s.web.client.RestTemplate              : Accept=[application/json, application/*+json]
2025-06-30 15:33:37.096 DEBUG 77138 --- [tbeatExecutor-0] o.s.web.client.RestTemplate              : Accept=[application/json, application/*+json]
2025-06-30 15:33:37.109 DEBUG 77138 --- [tbeatExecutor-0] o.s.web.client.RestTemplate              : Response 200 OK
2025-06-30 15:33:37.109 DEBUG 77138 --- [freshExecutor-0] o.s.web.client.RestTemplate              : Response 200 OK
2025-06-30 15:33:37.110 DEBUG 77138 --- [freshExecutor-0] o.s.web.client.RestTemplate              : Reading to [org.springframework.cloud.netflix.eureka.http.EurekaApplications]
2025-06-30 15:34:24.408  WARN 77138 --- [l-1 housekeeper] com.zaxxer.hikari.pool.HikariPool        : HikariPool-1 - Thread starvation or clock leap detected (housekeeper delta=48s916ms).
2025-06-30 15:34:26.056 DEBUG 77138 --- [freshExecutor-0] o.s.web.client.RestTemplate              : HTTP GET http://localhost:8761/eureka/apps/delta
2025-06-30 15:34:26.056 DEBUG 77138 --- [tbeatExecutor-0] o.s.web.client.RestTemplate              : HTTP PUT http://localhost:8761/eureka/apps/ADMIN-SERVICE/admin-service:8082?status=UP&lastDirtyTimestamp=1751290026736
2025-06-30 15:34:26.061 DEBUG 77138 --- [tbeatExecutor-0] o.s.web.client.RestTemplate              : Accept=[application/json, application/*+json]
2025-06-30 15:34:26.062 DEBUG 77138 --- [freshExecutor-0] o.s.web.client.RestTemplate              : Accept=[application/json, application/*+json]
2025-06-30 15:34:26.080 DEBUG 77138 --- [tbeatExecutor-0] o.s.web.client.RestTemplate              : Response 200 OK
2025-06-30 15:34:26.080 DEBUG 77138 --- [freshExecutor-0] o.s.web.client.RestTemplate              : Response 200 OK
2025-06-30 15:34:26.081 DEBUG 77138 --- [freshExecutor-0] o.s.web.client.RestTemplate              : Reading to [org.springframework.cloud.netflix.eureka.http.EurekaApplications]
2025-06-30 15:34:56.089 DEBUG 77138 --- [freshExecutor-0] o.s.web.client.RestTemplate              : HTTP GET http://localhost:8761/eureka/apps/delta
2025-06-30 15:34:56.089 DEBUG 77138 --- [tbeatExecutor-0] o.s.web.client.RestTemplate              : HTTP PUT http://localhost:8761/eureka/apps/ADMIN-SERVICE/admin-service:8082?status=UP&lastDirtyTimestamp=1751290026736
2025-06-30 15:34:56.090 DEBUG 77138 --- [freshExecutor-0] o.s.web.client.RestTemplate              : Accept=[application/json, application/*+json]
2025-06-30 15:34:56.090 DEBUG 77138 --- [tbeatExecutor-0] o.s.web.client.RestTemplate              : Accept=[application/json, application/*+json]
2025-06-30 15:34:56.100 DEBUG 77138 --- [tbeatExecutor-0] o.s.web.client.RestTemplate              : Response 200 OK
2025-06-30 15:34:56.100 DEBUG 77138 --- [freshExecutor-0] o.s.web.client.RestTemplate              : Response 200 OK
2025-06-30 15:34:56.101 DEBUG 77138 --- [freshExecutor-0] o.s.web.client.RestTemplate              : Reading to [org.springframework.cloud.netflix.eureka.http.EurekaApplications]
2025-06-30 15:35:26.108 DEBUG 77138 --- [tbeatExecutor-0] o.s.web.client.RestTemplate              : HTTP PUT http://localhost:8761/eureka/apps/ADMIN-SERVICE/admin-service:8082?status=UP&lastDirtyTimestamp=1751290026736
2025-06-30 15:35:26.109 DEBUG 77138 --- [tbeatExecutor-0] o.s.web.client.RestTemplate              : Accept=[application/json, application/*+json]
2025-06-30 15:35:26.110 DEBUG 77138 --- [freshExecutor-0] o.s.web.client.RestTemplate              : HTTP GET http://localhost:8761/eureka/apps/delta
2025-06-30 15:35:26.110 DEBUG 77138 --- [freshExecutor-0] o.s.web.client.RestTemplate              : Accept=[application/json, application/*+json]
2025-06-30 15:35:26.120 DEBUG 77138 --- [tbeatExecutor-0] o.s.web.client.RestTemplate              : Response 200 OK
2025-06-30 15:35:26.120 DEBUG 77138 --- [freshExecutor-0] o.s.web.client.RestTemplate              : Response 200 OK
2025-06-30 15:35:26.120 DEBUG 77138 --- [freshExecutor-0] o.s.web.client.RestTemplate              : Reading to [org.springframework.cloud.netflix.eureka.http.EurekaApplications]
2025-06-30 15:35:56.124 DEBUG 77138 --- [freshExecutor-0] o.s.web.client.RestTemplate              : HTTP GET http://localhost:8761/eureka/apps/delta
2025-06-30 15:35:56.124 DEBUG 77138 --- [tbeatExecutor-0] o.s.web.client.RestTemplate              : HTTP PUT http://localhost:8761/eureka/apps/ADMIN-SERVICE/admin-service:8082?status=UP&lastDirtyTimestamp=1751290026736
2025-06-30 15:35:56.125 DEBUG 77138 --- [tbeatExecutor-0] o.s.web.client.RestTemplate              : Accept=[application/json, application/*+json]
2025-06-30 15:35:56.125 DEBUG 77138 --- [freshExecutor-0] o.s.web.client.RestTemplate              : Accept=[application/json, application/*+json]
2025-06-30 15:35:56.136 DEBUG 77138 --- [freshExecutor-0] o.s.web.client.RestTemplate              : Response 200 OK
2025-06-30 15:35:56.136 DEBUG 77138 --- [tbeatExecutor-0] o.s.web.client.RestTemplate              : Response 200 OK
2025-06-30 15:35:56.137 DEBUG 77138 --- [freshExecutor-0] o.s.web.client.RestTemplate              : Reading to [org.springframework.cloud.netflix.eureka.http.EurekaApplications]
2025-06-30 15:36:26.144 DEBUG 77138 --- [tbeatExecutor-0] o.s.web.client.RestTemplate              : HTTP PUT http://localhost:8761/eureka/apps/ADMIN-SERVICE/admin-service:8082?status=UP&lastDirtyTimestamp=1751290026736
2025-06-30 15:36:26.144 DEBUG 77138 --- [freshExecutor-0] o.s.web.client.RestTemplate              : HTTP GET http://localhost:8761/eureka/apps/delta
2025-06-30 15:36:26.146 DEBUG 77138 --- [freshExecutor-0] o.s.web.client.RestTemplate              : Accept=[application/json, application/*+json]
2025-06-30 15:36:26.146 DEBUG 77138 --- [tbeatExecutor-0] o.s.web.client.RestTemplate              : Accept=[application/json, application/*+json]
2025-06-30 15:36:26.157 DEBUG 77138 --- [tbeatExecutor-0] o.s.web.client.RestTemplate              : Response 200 OK
2025-06-30 15:36:26.157 DEBUG 77138 --- [freshExecutor-0] o.s.web.client.RestTemplate              : Response 200 OK
2025-06-30 15:36:26.158 DEBUG 77138 --- [freshExecutor-0] o.s.web.client.RestTemplate              : Reading to [org.springframework.cloud.netflix.eureka.http.EurekaApplications]
2025-06-30 15:36:56.165 DEBUG 77138 --- [freshExecutor-0] o.s.web.client.RestTemplate              : HTTP GET http://localhost:8761/eureka/apps/delta
2025-06-30 15:36:56.165 DEBUG 77138 --- [tbeatExecutor-0] o.s.web.client.RestTemplate              : HTTP PUT http://localhost:8761/eureka/apps/ADMIN-SERVICE/admin-service:8082?status=UP&lastDirtyTimestamp=1751290026736
2025-06-30 15:36:56.167 DEBUG 77138 --- [freshExecutor-0] o.s.web.client.RestTemplate              : Accept=[application/json, application/*+json]
2025-06-30 15:36:56.167 DEBUG 77138 --- [tbeatExecutor-0] o.s.web.client.RestTemplate              : Accept=[application/json, application/*+json]
2025-06-30 15:36:56.176 DEBUG 77138 --- [tbeatExecutor-0] o.s.web.client.RestTemplate              : Response 200 OK
2025-06-30 15:36:56.176 DEBUG 77138 --- [freshExecutor-0] o.s.web.client.RestTemplate              : Response 200 OK
2025-06-30 15:36:56.176 DEBUG 77138 --- [freshExecutor-0] o.s.web.client.RestTemplate              : Reading to [org.springframework.cloud.netflix.eureka.http.EurekaApplications]
2025-06-30 15:37:25.530  INFO 77138 --- [trap-executor-0] c.n.d.s.r.aws.ConfigClusterResolver      : Resolving eureka endpoints via configuration
2025-06-30 15:37:26.178 DEBUG 77138 --- [tbeatExecutor-0] o.s.web.client.RestTemplate              : HTTP PUT http://localhost:8761/eureka/apps/ADMIN-SERVICE/admin-service:8082?status=UP&lastDirtyTimestamp=1751290026736
2025-06-30 15:37:26.178 DEBUG 77138 --- [freshExecutor-0] o.s.web.client.RestTemplate              : HTTP GET http://localhost:8761/eureka/apps/delta
2025-06-30 15:37:26.179 DEBUG 77138 --- [tbeatExecutor-0] o.s.web.client.RestTemplate              : Accept=[application/json, application/*+json]
2025-06-30 15:37:26.179 DEBUG 77138 --- [freshExecutor-0] o.s.web.client.RestTemplate              : Accept=[application/json, application/*+json]
2025-06-30 15:37:26.190 DEBUG 77138 --- [tbeatExecutor-0] o.s.web.client.RestTemplate              : Response 200 OK
2025-06-30 15:37:26.190 DEBUG 77138 --- [freshExecutor-0] o.s.web.client.RestTemplate              : Response 200 OK
2025-06-30 15:37:26.190 DEBUG 77138 --- [freshExecutor-0] o.s.web.client.RestTemplate              : Reading to [org.springframework.cloud.netflix.eureka.http.EurekaApplications]
2025-06-30 15:37:56.196 DEBUG 77138 --- [freshExecutor-0] o.s.web.client.RestTemplate              : HTTP GET http://localhost:8761/eureka/apps/delta
2025-06-30 15:37:56.196 DEBUG 77138 --- [tbeatExecutor-0] o.s.web.client.RestTemplate              : HTTP PUT http://localhost:8761/eureka/apps/ADMIN-SERVICE/admin-service:8082?status=UP&lastDirtyTimestamp=1751290026736
2025-06-30 15:37:56.198 DEBUG 77138 --- [tbeatExecutor-0] o.s.web.client.RestTemplate              : Accept=[application/json, application/*+json]
2025-06-30 15:37:56.198 DEBUG 77138 --- [freshExecutor-0] o.s.web.client.RestTemplate              : Accept=[application/json, application/*+json]
2025-06-30 15:37:56.208 DEBUG 77138 --- [tbeatExecutor-0] o.s.web.client.RestTemplate              : Response 200 OK
2025-06-30 15:37:56.208 DEBUG 77138 --- [freshExecutor-0] o.s.web.client.RestTemplate              : Response 200 OK
2025-06-30 15:37:56.208 DEBUG 77138 --- [freshExecutor-0] o.s.web.client.RestTemplate              : Reading to [org.springframework.cloud.netflix.eureka.http.EurekaApplications]
2025-06-30 15:38:26.227 DEBUG 77138 --- [freshExecutor-0] o.s.web.client.RestTemplate              : HTTP GET http://localhost:8761/eureka/apps/delta
2025-06-30 15:38:26.227 DEBUG 77138 --- [tbeatExecutor-0] o.s.web.client.RestTemplate              : HTTP PUT http://localhost:8761/eureka/apps/ADMIN-SERVICE/admin-service:8082?status=UP&lastDirtyTimestamp=1751290026736
2025-06-30 15:38:26.244 DEBUG 77138 --- [freshExecutor-0] o.s.web.client.RestTemplate              : Accept=[application/json, application/*+json]
2025-06-30 15:38:26.244 DEBUG 77138 --- [tbeatExecutor-0] o.s.web.client.RestTemplate              : Accept=[application/json, application/*+json]
2025-06-30 15:38:26.791 DEBUG 77138 --- [tbeatExecutor-0] o.s.web.client.RestTemplate              : Response 200 OK
2025-06-30 15:38:26.791 DEBUG 77138 --- [freshExecutor-0] o.s.web.client.RestTemplate              : Response 200 OK
2025-06-30 15:38:26.793 DEBUG 77138 --- [freshExecutor-0] o.s.web.client.RestTemplate              : Reading to [org.springframework.cloud.netflix.eureka.http.EurekaApplications]
2025-06-30 15:38:56.800 DEBUG 77138 --- [tbeatExecutor-0] o.s.web.client.RestTemplate              : HTTP PUT http://localhost:8761/eureka/apps/ADMIN-SERVICE/admin-service:8082?status=UP&lastDirtyTimestamp=1751290026736
2025-06-30 15:38:56.802 DEBUG 77138 --- [tbeatExecutor-0] o.s.web.client.RestTemplate              : Accept=[application/json, application/*+json]
2025-06-30 15:38:56.808 DEBUG 77138 --- [tbeatExecutor-0] o.s.web.client.RestTemplate              : Response 200 OK
2025-06-30 15:38:56.822 DEBUG 77138 --- [freshExecutor-0] o.s.web.client.RestTemplate              : HTTP GET http://localhost:8761/eureka/apps/delta
2025-06-30 15:38:56.823 DEBUG 77138 --- [freshExecutor-0] o.s.web.client.RestTemplate              : Accept=[application/json, application/*+json]
2025-06-30 15:38:56.834 DEBUG 77138 --- [freshExecutor-0] o.s.web.client.RestTemplate              : Response 200 OK
2025-06-30 15:38:56.840 DEBUG 77138 --- [freshExecutor-0] o.s.web.client.RestTemplate              : Reading to [org.springframework.cloud.netflix.eureka.http.EurekaApplications]
2025-06-30 15:39:26.902 DEBUG 77138 --- [freshExecutor-0] o.s.web.client.RestTemplate              : HTTP GET http://localhost:8761/eureka/apps/delta
2025-06-30 15:39:26.915 DEBUG 77138 --- [freshExecutor-0] o.s.web.client.RestTemplate              : Accept=[application/json, application/*+json]
2025-06-30 15:39:26.945 DEBUG 77138 --- [freshExecutor-0] o.s.web.client.RestTemplate              : Response 200 OK
2025-06-30 15:39:26.949 DEBUG 77138 --- [freshExecutor-0] o.s.web.client.RestTemplate              : Reading to [org.springframework.cloud.netflix.eureka.http.EurekaApplications]
2025-06-30 15:39:26.972 DEBUG 77138 --- [tbeatExecutor-0] o.s.web.client.RestTemplate              : HTTP PUT http://localhost:8761/eureka/apps/ADMIN-SERVICE/admin-service:8082?status=UP&lastDirtyTimestamp=1751290026736
2025-06-30 15:39:26.993 DEBUG 77138 --- [tbeatExecutor-0] o.s.web.client.RestTemplate              : Accept=[application/json, application/*+json]
2025-06-30 15:39:27.001 DEBUG 77138 --- [tbeatExecutor-0] o.s.web.client.RestTemplate              : Response 200 OK
2025-06-30 15:39:43.623 DEBUG 77138 --- [nio-8082-exec-3] o.s.web.servlet.DispatcherServlet        : GET "/api/admin/quote-requests", parameters={}
2025-06-30 15:39:43.646 DEBUG 77138 --- [nio-8082-exec-3] o.s.w.s.handler.SimpleUrlHandlerMapping  : Mapped to ResourceHttpRequestHandler [classpath [META-INF/resources/], classpath [resources/], classpath [static/], classpath [public/], ServletContext [/]]
2025-06-30 15:39:43.653 DEBUG 77138 --- [nio-8082-exec-3] o.s.w.s.r.ResourceHttpRequestHandler     : Resource not found
2025-06-30 15:39:43.655 DEBUG 77138 --- [nio-8082-exec-3] o.s.web.servlet.DispatcherServlet        : Completed 404 NOT_FOUND
2025-06-30 15:39:43.662 DEBUG 77138 --- [nio-8082-exec-3] o.s.web.servlet.DispatcherServlet        : "ERROR" dispatch for GET "/error", parameters={}
2025-06-30 15:39:43.663 DEBUG 77138 --- [nio-8082-exec-3] s.w.s.m.m.a.RequestMappingHandlerMapping : Mapped to org.springframework.boot.autoconfigure.web.servlet.error.BasicErrorController#error(HttpServletRequest)
2025-06-30 15:39:43.690 DEBUG 77138 --- [nio-8082-exec-3] o.s.w.s.m.m.a.HttpEntityMethodProcessor  : Using 'application/json', given [*/*] and supported [application/json, application/*+json, application/json, application/*+json]
2025-06-30 15:39:43.692 DEBUG 77138 --- [nio-8082-exec-3] o.s.w.s.m.m.a.HttpEntityMethodProcessor  : Writing [{timestamp=Mon Jun 30 15:39:43 CEST 2025, status=404, error=Not Found, path=/api/admin/quote-request (truncated)...]
2025-06-30 15:39:43.697 DEBUG 77138 --- [nio-8082-exec-3] o.s.web.servlet.DispatcherServlet        : Exiting from "ERROR" dispatch, status 404
2025-06-30 15:39:50.012  INFO 77138 --- [ionShutdownHook] o.s.c.n.e.s.EurekaServiceRegistry        : Unregistering application ADMIN-SERVICE with eureka with status DOWN
2025-06-30 15:39:50.012  INFO 77138 --- [ionShutdownHook] com.netflix.discovery.DiscoveryClient    : Saw local status change event StatusChangeEvent [timestamp=1751290790012, current=DOWN, previous=UP]
2025-06-30 15:39:50.012  INFO 77138 --- [nfoReplicator-0] com.netflix.discovery.DiscoveryClient    : DiscoveryClient_ADMIN-SERVICE/admin-service:8082: registering service...
2025-06-30 15:39:50.013 DEBUG 77138 --- [nfoReplicator-0] o.s.web.client.RestTemplate              : HTTP POST http://localhost:8761/eureka/apps/ADMIN-SERVICE
2025-06-30 15:39:50.014 DEBUG 77138 --- [nfoReplicator-0] o.s.web.client.RestTemplate              : Accept=[application/json, application/*+json]
2025-06-30 15:39:50.017 DEBUG 77138 --- [nfoReplicator-0] o.s.web.client.RestTemplate              : Writing [InstanceInfo [instanceId = admin-service:8082, appName = ADMIN-SERVICE, hostName = localhost, status = DOWN, ipAddr = 192.168.1.25, port = 8082, securePort = 443, dataCenterInfo = com.netflix.appinfo.MyDataCenterInfo@834b0f7] as "application/json"
2025-06-30 15:39:50.029 DEBUG 77138 --- [nfoReplicator-0] o.s.web.client.RestTemplate              : Response 204 NO_CONTENT
2025-06-30 15:39:50.030  INFO 77138 --- [nfoReplicator-0] com.netflix.discovery.DiscoveryClient    : DiscoveryClient_ADMIN-SERVICE/admin-service:8082 - registration status: 204
2025-06-30 15:39:51.043  INFO 77138 --- [ionShutdownHook] j.LocalContainerEntityManagerFactoryBean : Closing JPA EntityManagerFactory for persistence unit 'default'
2025-06-30 15:39:51.045  INFO 77138 --- [ionShutdownHook] .SchemaDropperImpl$DelayedDropActionImpl : HHH000477: Starting delayed evictData of schema as part of SessionFactory shut-down'
Hibernate: 
    
    drop table if exists accounting_transactions CASCADE 
Hibernate: 
    
    drop table if exists invoice_items CASCADE 
Hibernate: 
    
    drop table if exists invoices CASCADE 
Hibernate: 
    
    drop table if exists quote_items CASCADE 
Hibernate: 
    
    drop table if exists quotes CASCADE 
Hibernate: 
    
    drop table if exists staff CASCADE 
2025-06-30 15:39:51.076  INFO 77138 --- [ionShutdownHook] com.zaxxer.hikari.HikariDataSource       : HikariPool-1 - Shutdown initiated...
2025-06-30 15:39:51.078  INFO 77138 --- [ionShutdownHook] com.zaxxer.hikari.HikariDataSource       : HikariPool-1 - Shutdown completed.
2025-06-30 15:39:51.078  INFO 77138 --- [ionShutdownHook] com.netflix.discovery.DiscoveryClient    : Shutting down DiscoveryClient ...
2025-06-30 15:39:54.082  INFO 77138 --- [ionShutdownHook] com.netflix.discovery.DiscoveryClient    : Unregistering ...
2025-06-30 15:39:54.083 DEBUG 77138 --- [ionShutdownHook] o.s.web.client.RestTemplate              : HTTP DELETE http://localhost:8761/eureka/apps/ADMIN-SERVICE/admin-service:8082
2025-06-30 15:39:54.084 DEBUG 77138 --- [ionShutdownHook] o.s.web.client.RestTemplate              : Accept=[application/json, application/*+json]
2025-06-30 15:39:54.087 DEBUG 77138 --- [ionShutdownHook] o.s.web.client.RestTemplate              : Response 200 OK
2025-06-30 15:39:54.088  INFO 77138 --- [ionShutdownHook] com.netflix.discovery.DiscoveryClient    : DiscoveryClient_ADMIN-SERVICE/admin-service:8082 - deregister  status: 200
2025-06-30 15:39:54.091  INFO 77138 --- [ionShutdownHook] com.netflix.discovery.DiscoveryClient    : Completed shut down of DiscoveryClient
