
> nadia-events-decor-frontend@1.0.0 start
> react-scripts start

(node:17758) [DEP_WEBPACK_DEV_SERVER_ON_AFTER_SETUP_MIDDLEWARE] DeprecationWarning: 'onAfterSetupMiddleware' option is deprecated. Please use the 'setupMiddlewares' option.
(Use `node --trace-deprecation ...` to show where the warning was created)
(node:17758) [DEP_WEBPACK_DEV_SERVER_ON_BEFORE_SETUP_MIDDLEWARE] DeprecationWarning: 'onBeforeSetupMiddleware' option is deprecated. Please use the 'setupMiddlewares' option.
Starting the development server...

Compiled successfully!

You can now view nadia-events-decor-frontend in the browser.

  Local:            http://localhost:3000
  On Your Network:  http://192.168.1.43:3000

Note that the development build is not optimized.
To create a production build, use npm run build.

webpack compiled successfully
Compiled successfully!
webpack compiled successfully
RangeNotSatisfiableError: Range Not Satisfiable
    at createHttpError (/Users/hermann.nana/kinéopolis /nadia-event-decor/frontend/node_modules/send/index.js:983:7)
    at SendStream.error (/Users/hermann.nana/kinéopolis /nadia-event-decor/frontend/node_modules/send/index.js:270:31)
    at SendStream.send (/Users/hermann.nana/kinéopolis /nadia-event-decor/frontend/node_modules/send/index.js:665:19)
    at onstat (/Users/hermann.nana/kinéopolis /nadia-event-decor/frontend/node_modules/send/index.js:724:10)
    at FSReqCallback.oncomplete (node:fs:199:5)
RangeNotSatisfiableError: Range Not Satisfiable
    at createHttpError (/Users/hermann.nana/kinéopolis /nadia-event-decor/frontend/node_modules/send/index.js:983:7)
    at SendStream.error (/Users/hermann.nana/kinéopolis /nadia-event-decor/frontend/node_modules/send/index.js:270:31)
    at SendStream.send (/Users/hermann.nana/kinéopolis /nadia-event-decor/frontend/node_modules/send/index.js:665:19)
    at onstat (/Users/hermann.nana/kinéopolis /nadia-event-decor/frontend/node_modules/send/index.js:724:10)
    at FSReqCallback.oncomplete (node:fs:199:5)
RangeNotSatisfiableError: Range Not Satisfiable
    at createHttpError (/Users/hermann.nana/kinéopolis /nadia-event-decor/frontend/node_modules/send/index.js:983:7)
    at SendStream.error (/Users/hermann.nana/kinéopolis /nadia-event-decor/frontend/node_modules/send/index.js:270:31)
    at SendStream.send (/Users/hermann.nana/kinéopolis /nadia-event-decor/frontend/node_modules/send/index.js:665:19)
    at onstat (/Users/hermann.nana/kinéopolis /nadia-event-decor/frontend/node_modules/send/index.js:724:10)
    at FSReqCallback.oncomplete (node:fs:199:5)
RangeNotSatisfiableError: Range Not Satisfiable
    at createHttpError (/Users/hermann.nana/kinéopolis /nadia-event-decor/frontend/node_modules/send/index.js:983:7)
    at SendStream.error (/Users/hermann.nana/kinéopolis /nadia-event-decor/frontend/node_modules/send/index.js:270:31)
    at SendStream.send (/Users/hermann.nana/kinéopolis /nadia-event-decor/frontend/node_modules/send/index.js:665:19)
    at onstat (/Users/hermann.nana/kinéopolis /nadia-event-decor/frontend/node_modules/send/index.js:724:10)
    at FSReqCallback.oncomplete (node:fs:199:5)
RangeNotSatisfiableError: Range Not Satisfiable
    at createHttpError (/Users/hermann.nana/kinéopolis /nadia-event-decor/frontend/node_modules/send/index.js:983:7)
    at SendStream.error (/Users/hermann.nana/kinéopolis /nadia-event-decor/frontend/node_modules/send/index.js:270:31)
    at SendStream.send (/Users/hermann.nana/kinéopolis /nadia-event-decor/frontend/node_modules/send/index.js:665:19)
    at onstat (/Users/hermann.nana/kinéopolis /nadia-event-decor/frontend/node_modules/send/index.js:724:10)
    at FSReqCallback.oncomplete (node:fs:199:5)
RangeNotSatisfiableError: Range Not Satisfiable
    at createHttpError (/Users/hermann.nana/kinéopolis /nadia-event-decor/frontend/node_modules/send/index.js:983:7)
    at SendStream.error (/Users/hermann.nana/kinéopolis /nadia-event-decor/frontend/node_modules/send/index.js:270:31)
    at SendStream.send (/Users/hermann.nana/kinéopolis /nadia-event-decor/frontend/node_modules/send/index.js:665:19)
    at onstat (/Users/hermann.nana/kinéopolis /nadia-event-decor/frontend/node_modules/send/index.js:724:10)
    at FSReqCallback.oncomplete (node:fs:199:5)
RangeNotSatisfiableError: Range Not Satisfiable
    at createHttpError (/Users/hermann.nana/kinéopolis /nadia-event-decor/frontend/node_modules/send/index.js:983:7)
    at SendStream.error (/Users/hermann.nana/kinéopolis /nadia-event-decor/frontend/node_modules/send/index.js:270:31)
    at SendStream.send (/Users/hermann.nana/kinéopolis /nadia-event-decor/frontend/node_modules/send/index.js:665:19)
    at onstat (/Users/hermann.nana/kinéopolis /nadia-event-decor/frontend/node_modules/send/index.js:724:10)
    at FSReqCallback.oncomplete (node:fs:199:5)
RangeNotSatisfiableError: Range Not Satisfiable
    at createHttpError (/Users/hermann.nana/kinéopolis /nadia-event-decor/frontend/node_modules/send/index.js:983:7)
    at SendStream.error (/Users/hermann.nana/kinéopolis /nadia-event-decor/frontend/node_modules/send/index.js:270:31)
    at SendStream.send (/Users/hermann.nana/kinéopolis /nadia-event-decor/frontend/node_modules/send/index.js:665:19)
    at onstat (/Users/hermann.nana/kinéopolis /nadia-event-decor/frontend/node_modules/send/index.js:724:10)
    at FSReqCallback.oncomplete (node:fs:199:5)
RangeNotSatisfiableError: Range Not Satisfiable
    at createHttpError (/Users/hermann.nana/kinéopolis /nadia-event-decor/frontend/node_modules/send/index.js:983:7)
    at SendStream.error (/Users/hermann.nana/kinéopolis /nadia-event-decor/frontend/node_modules/send/index.js:270:31)
    at SendStream.send (/Users/hermann.nana/kinéopolis /nadia-event-decor/frontend/node_modules/send/index.js:665:19)
    at onstat (/Users/hermann.nana/kinéopolis /nadia-event-decor/frontend/node_modules/send/index.js:724:10)
    at FSReqCallback.oncomplete (node:fs:199:5)
RangeNotSatisfiableError: Range Not Satisfiable
    at createHttpError (/Users/hermann.nana/kinéopolis /nadia-event-decor/frontend/node_modules/send/index.js:983:7)
    at SendStream.error (/Users/hermann.nana/kinéopolis /nadia-event-decor/frontend/node_modules/send/index.js:270:31)
    at SendStream.send (/Users/hermann.nana/kinéopolis /nadia-event-decor/frontend/node_modules/send/index.js:665:19)
    at onstat (/Users/hermann.nana/kinéopolis /nadia-event-decor/frontend/node_modules/send/index.js:724:10)
    at FSReqCallback.oncomplete (node:fs:199:5)
RangeNotSatisfiableError: Range Not Satisfiable
    at createHttpError (/Users/hermann.nana/kinéopolis /nadia-event-decor/frontend/node_modules/send/index.js:983:7)
    at SendStream.error (/Users/hermann.nana/kinéopolis /nadia-event-decor/frontend/node_modules/send/index.js:270:31)
    at SendStream.send (/Users/hermann.nana/kinéopolis /nadia-event-decor/frontend/node_modules/send/index.js:665:19)
    at onstat (/Users/hermann.nana/kinéopolis /nadia-event-decor/frontend/node_modules/send/index.js:724:10)
    at FSReqCallback.oncomplete (node:fs:199:5)
Compiling...
Compiled successfully!
webpack compiled successfully
Compiling...
Compiled successfully!
webpack compiled successfully
Compiling...
Compiled successfully!
webpack compiled successfully
Compiling...
Compiled successfully!
webpack compiled successfully
Compiling...
Compiled with warnings.

[eslint] 
src/components/QuoteManagement.js
  Line 28:10:  'stats' is assigned a value but never used                no-unused-vars
  Line 34:10:  'loading' is assigned a value but never used              no-unused-vars
  Line 190:9:  'getStatusColor' is assigned a value but never used       no-unused-vars
  Line 207:9:  'calculateValidUntil' is assigned a value but never used  no-unused-vars
  Line 356:9:  'fetchDashboardData' is assigned a value but never used   no-unused-vars

Search for the keywords to learn more about each warning.
To ignore, add // eslint-disable-next-line to the line before.

WARNING in [eslint] 
src/components/QuoteManagement.js
  Line 28:10:  'stats' is assigned a value but never used                no-unused-vars
  Line 34:10:  'loading' is assigned a value but never used              no-unused-vars
  Line 190:9:  'getStatusColor' is assigned a value but never used       no-unused-vars
  Line 207:9:  'calculateValidUntil' is assigned a value but never used  no-unused-vars
  Line 356:9:  'fetchDashboardData' is assigned a value but never used   no-unused-vars

webpack compiled with 1 warning
Compiling...
Compiled with warnings.

[eslint] 
src/components/QuoteManagement.js
  Line 28:10:  'stats' is assigned a value but never used                no-unused-vars
  Line 34:10:  'loading' is assigned a value but never used              no-unused-vars
  Line 190:9:  'getStatusColor' is assigned a value but never used       no-unused-vars
  Line 207:9:  'calculateValidUntil' is assigned a value but never used  no-unused-vars
  Line 356:9:  'fetchDashboardData' is assigned a value but never used   no-unused-vars

Search for the keywords to learn more about each warning.
To ignore, add // eslint-disable-next-line to the line before.

WARNING in [eslint] 
src/components/QuoteManagement.js
  Line 28:10:  'stats' is assigned a value but never used                no-unused-vars
  Line 34:10:  'loading' is assigned a value but never used              no-unused-vars
  Line 190:9:  'getStatusColor' is assigned a value but never used       no-unused-vars
  Line 207:9:  'calculateValidUntil' is assigned a value but never used  no-unused-vars
  Line 356:9:  'fetchDashboardData' is assigned a value but never used   no-unused-vars

webpack compiled with 1 warning
Compiling...
Failed to compile.

Module not found: Error: Can't resolve 'react-confirm-alert' in '/Users/hermann.nana/kinéopolis /nadia-event-decor/frontend/src/components'
WARNING in [eslint] 
src/components/QuoteManagement.js
  Line 28:10:  'stats' is assigned a value but never used                no-unused-vars
  Line 34:10:  'loading' is assigned a value but never used              no-unused-vars
  Line 190:9:  'getStatusColor' is assigned a value but never used       no-unused-vars
  Line 207:9:  'calculateValidUntil' is assigned a value but never used  no-unused-vars
  Line 356:9:  'fetchDashboardData' is assigned a value but never used   no-unused-vars

ERROR in ./src/components/StaffManagement.js 7:0-51
Module not found: Error: Can't resolve 'react-confirm-alert' in '/Users/hermann.nana/kinéopolis /nadia-event-decor/frontend/src/components'

ERROR in ./src/components/StaffManagement.js 8:0-57
Module not found: Error: Can't resolve 'react-confirm-alert/src/react-confirm-alert.css' in '/Users/hermann.nana/kinéopolis /nadia-event-decor/frontend/src/components'

webpack compiled with 2 errors and 1 warning
Compiling...
Compiled with warnings.

[eslint] 
src/components/QuoteManagement.js
  Line 28:10:  'stats' is assigned a value but never used                no-unused-vars
  Line 34:10:  'loading' is assigned a value but never used              no-unused-vars
  Line 190:9:  'getStatusColor' is assigned a value but never used       no-unused-vars
  Line 207:9:  'calculateValidUntil' is assigned a value but never used  no-unused-vars
  Line 356:9:  'fetchDashboardData' is assigned a value but never used   no-unused-vars

src/components/StaffManagement.js
  Line 100:13:  'result' is assigned a value but never used  no-unused-vars

Search for the keywords to learn more about each warning.
To ignore, add // eslint-disable-next-line to the line before.

WARNING in [eslint] 
src/components/QuoteManagement.js
  Line 28:10:  'stats' is assigned a value but never used                no-unused-vars
  Line 34:10:  'loading' is assigned a value but never used              no-unused-vars
  Line 190:9:  'getStatusColor' is assigned a value but never used       no-unused-vars
  Line 207:9:  'calculateValidUntil' is assigned a value but never used  no-unused-vars
  Line 356:9:  'fetchDashboardData' is assigned a value but never used   no-unused-vars

src/components/StaffManagement.js
  Line 100:13:  'result' is assigned a value but never used  no-unused-vars

webpack compiled with 1 warning
Compiling...
Compiled with warnings.

[eslint] 
src/components/QuoteManagement.js
  Line 28:10:  'stats' is assigned a value but never used                no-unused-vars
  Line 34:10:  'loading' is assigned a value but never used              no-unused-vars
  Line 190:9:  'getStatusColor' is assigned a value but never used       no-unused-vars
  Line 207:9:  'calculateValidUntil' is assigned a value but never used  no-unused-vars
  Line 356:9:  'fetchDashboardData' is assigned a value but never used   no-unused-vars

src/components/StaffManagement.js
  Line 100:13:  'result' is assigned a value but never used  no-unused-vars

Search for the keywords to learn more about each warning.
To ignore, add // eslint-disable-next-line to the line before.

WARNING in [eslint] 
src/components/QuoteManagement.js
  Line 28:10:  'stats' is assigned a value but never used                no-unused-vars
  Line 34:10:  'loading' is assigned a value but never used              no-unused-vars
  Line 190:9:  'getStatusColor' is assigned a value but never used       no-unused-vars
  Line 207:9:  'calculateValidUntil' is assigned a value but never used  no-unused-vars
  Line 356:9:  'fetchDashboardData' is assigned a value but never used   no-unused-vars

src/components/StaffManagement.js
  Line 100:13:  'result' is assigned a value but never used  no-unused-vars

webpack compiled with 1 warning
Compiling...
Compiled with warnings.

[eslint] 
src/components/InvoiceManagement.js
  Line 173:9:  'getStatusColor' is assigned a value but never used  no-unused-vars

src/components/QuoteManagement.js
  Line 28:10:  'stats' is assigned a value but never used                no-unused-vars
  Line 34:10:  'loading' is assigned a value but never used              no-unused-vars
  Line 190:9:  'getStatusColor' is assigned a value but never used       no-unused-vars
  Line 207:9:  'calculateValidUntil' is assigned a value but never used  no-unused-vars
  Line 356:9:  'fetchDashboardData' is assigned a value but never used   no-unused-vars

src/components/StaffManagement.js
  Line 100:13:  'result' is assigned a value but never used  no-unused-vars

Search for the keywords to learn more about each warning.
To ignore, add // eslint-disable-next-line to the line before.

WARNING in [eslint] 
src/components/InvoiceManagement.js
  Line 173:9:  'getStatusColor' is assigned a value but never used  no-unused-vars

src/components/QuoteManagement.js
  Line 28:10:  'stats' is assigned a value but never used                no-unused-vars
  Line 34:10:  'loading' is assigned a value but never used              no-unused-vars
  Line 190:9:  'getStatusColor' is assigned a value but never used       no-unused-vars
  Line 207:9:  'calculateValidUntil' is assigned a value but never used  no-unused-vars
  Line 356:9:  'fetchDashboardData' is assigned a value but never used   no-unused-vars

src/components/StaffManagement.js
  Line 100:13:  'result' is assigned a value but never used  no-unused-vars

webpack compiled with 1 warning
Compiling...
Compiled with warnings.

[eslint] 
src/components/InvoiceManagement.js
  Line 173:9:  'getStatusColor' is assigned a value but never used  no-unused-vars

src/components/QuoteManagement.js
  Line 28:10:  'stats' is assigned a value but never used                no-unused-vars
  Line 34:10:  'loading' is assigned a value but never used              no-unused-vars
  Line 190:9:  'getStatusColor' is assigned a value but never used       no-unused-vars
  Line 207:9:  'calculateValidUntil' is assigned a value but never used  no-unused-vars
  Line 356:9:  'fetchDashboardData' is assigned a value but never used   no-unused-vars

src/components/StaffManagement.js
  Line 100:13:  'result' is assigned a value but never used  no-unused-vars

Search for the keywords to learn more about each warning.
To ignore, add // eslint-disable-next-line to the line before.

WARNING in [eslint] 
src/components/InvoiceManagement.js
  Line 173:9:  'getStatusColor' is assigned a value but never used  no-unused-vars

src/components/QuoteManagement.js
  Line 28:10:  'stats' is assigned a value but never used                no-unused-vars
  Line 34:10:  'loading' is assigned a value but never used              no-unused-vars
  Line 190:9:  'getStatusColor' is assigned a value but never used       no-unused-vars
  Line 207:9:  'calculateValidUntil' is assigned a value but never used  no-unused-vars
  Line 356:9:  'fetchDashboardData' is assigned a value but never used   no-unused-vars

src/components/StaffManagement.js
  Line 100:13:  'result' is assigned a value but never used  no-unused-vars

webpack compiled with 1 warning
Compiling...
Compiled with warnings.

[eslint] 
src/components/InvoiceManagement.js
  Line 173:9:  'getStatusColor' is assigned a value but never used  no-unused-vars

src/components/QuoteManagement.js
  Line 28:10:  'stats' is assigned a value but never used                no-unused-vars
  Line 34:10:  'loading' is assigned a value but never used              no-unused-vars
  Line 190:9:  'getStatusColor' is assigned a value but never used       no-unused-vars
  Line 207:9:  'calculateValidUntil' is assigned a value but never used  no-unused-vars
  Line 356:9:  'fetchDashboardData' is assigned a value but never used   no-unused-vars

src/components/StaffManagement.js
  Line 100:13:  'result' is assigned a value but never used  no-unused-vars

Search for the keywords to learn more about each warning.
To ignore, add // eslint-disable-next-line to the line before.

WARNING in [eslint] 
src/components/InvoiceManagement.js
  Line 173:9:  'getStatusColor' is assigned a value but never used  no-unused-vars

src/components/QuoteManagement.js
  Line 28:10:  'stats' is assigned a value but never used                no-unused-vars
  Line 34:10:  'loading' is assigned a value but never used              no-unused-vars
  Line 190:9:  'getStatusColor' is assigned a value but never used       no-unused-vars
  Line 207:9:  'calculateValidUntil' is assigned a value but never used  no-unused-vars
  Line 356:9:  'fetchDashboardData' is assigned a value but never used   no-unused-vars

src/components/StaffManagement.js
  Line 100:13:  'result' is assigned a value but never used  no-unused-vars

webpack compiled with 1 warning
Compiling...
Compiled with warnings.

[eslint] 
src/components/InvoiceManagement.js
  Line 173:9:  'getStatusColor' is assigned a value but never used  no-unused-vars

src/components/QuoteManagement.js
  Line 28:10:  'stats' is assigned a value but never used                no-unused-vars
  Line 34:10:  'loading' is assigned a value but never used              no-unused-vars
  Line 190:9:  'getStatusColor' is assigned a value but never used       no-unused-vars
  Line 207:9:  'calculateValidUntil' is assigned a value but never used  no-unused-vars
  Line 379:9:  'fetchDashboardData' is assigned a value but never used   no-unused-vars

src/components/StaffManagement.js
  Line 100:13:  'result' is assigned a value but never used  no-unused-vars

Search for the keywords to learn more about each warning.
To ignore, add // eslint-disable-next-line to the line before.

WARNING in [eslint] 
src/components/InvoiceManagement.js
  Line 173:9:  'getStatusColor' is assigned a value but never used  no-unused-vars

src/components/QuoteManagement.js
  Line 28:10:  'stats' is assigned a value but never used                no-unused-vars
  Line 34:10:  'loading' is assigned a value but never used              no-unused-vars
  Line 190:9:  'getStatusColor' is assigned a value but never used       no-unused-vars
  Line 207:9:  'calculateValidUntil' is assigned a value but never used  no-unused-vars
  Line 379:9:  'fetchDashboardData' is assigned a value but never used   no-unused-vars

src/components/StaffManagement.js
  Line 100:13:  'result' is assigned a value but never used  no-unused-vars

webpack compiled with 1 warning
Compiling...
Compiled with warnings.

[eslint] 
src/components/InvoiceManagement.js
  Line 173:9:  'getStatusColor' is assigned a value but never used  no-unused-vars

src/components/QuoteManagement.js
  Line 28:10:  'stats' is assigned a value but never used                no-unused-vars
  Line 34:10:  'loading' is assigned a value but never used              no-unused-vars
  Line 190:9:  'getStatusColor' is assigned a value but never used       no-unused-vars
  Line 207:9:  'calculateValidUntil' is assigned a value but never used  no-unused-vars
  Line 379:9:  'fetchDashboardData' is assigned a value but never used   no-unused-vars

src/components/StaffManagement.js
  Line 100:13:  'result' is assigned a value but never used  no-unused-vars

Search for the keywords to learn more about each warning.
To ignore, add // eslint-disable-next-line to the line before.

WARNING in [eslint] 
src/components/InvoiceManagement.js
  Line 173:9:  'getStatusColor' is assigned a value but never used  no-unused-vars

src/components/QuoteManagement.js
  Line 28:10:  'stats' is assigned a value but never used                no-unused-vars
  Line 34:10:  'loading' is assigned a value but never used              no-unused-vars
  Line 190:9:  'getStatusColor' is assigned a value but never used       no-unused-vars
  Line 207:9:  'calculateValidUntil' is assigned a value but never used  no-unused-vars
  Line 379:9:  'fetchDashboardData' is assigned a value but never used   no-unused-vars

src/components/StaffManagement.js
  Line 100:13:  'result' is assigned a value but never used  no-unused-vars

webpack compiled with 1 warning
Compiling...
Compiled with warnings.

[eslint] 
src/components/InvoiceManagement.js
  Line 173:9:  'getStatusColor' is assigned a value but never used  no-unused-vars

src/components/QuoteManagement.js
  Line 28:10:  'stats' is assigned a value but never used                no-unused-vars
  Line 34:10:  'loading' is assigned a value but never used              no-unused-vars
  Line 190:9:  'getStatusColor' is assigned a value but never used       no-unused-vars
  Line 207:9:  'calculateValidUntil' is assigned a value but never used  no-unused-vars
  Line 379:9:  'fetchDashboardData' is assigned a value but never used   no-unused-vars

src/components/StaffManagement.js
  Line 100:13:  'result' is assigned a value but never used  no-unused-vars

Search for the keywords to learn more about each warning.
To ignore, add // eslint-disable-next-line to the line before.

WARNING in [eslint] 
src/components/InvoiceManagement.js
  Line 173:9:  'getStatusColor' is assigned a value but never used  no-unused-vars

src/components/QuoteManagement.js
  Line 28:10:  'stats' is assigned a value but never used                no-unused-vars
  Line 34:10:  'loading' is assigned a value but never used              no-unused-vars
  Line 190:9:  'getStatusColor' is assigned a value but never used       no-unused-vars
  Line 207:9:  'calculateValidUntil' is assigned a value but never used  no-unused-vars
  Line 379:9:  'fetchDashboardData' is assigned a value but never used   no-unused-vars

src/components/StaffManagement.js
  Line 100:13:  'result' is assigned a value but never used  no-unused-vars

webpack compiled with 1 warning
Compiling...
Compiled with warnings.

[eslint] 
src/components/AdminDashboard.js
  Line 14:10:  'recentInvoices' is assigned a value but never used        no-unused-vars
  Line 15:10:  'recentQuotes' is assigned a value but never used          no-unused-vars
  Line 17:10:  'error' is assigned a value but never used                 no-unused-vars
  Line 53:10:  'selectedInvoice' is assigned a value but never used       no-unused-vars
  Line 53:27:  'setSelectedInvoice' is assigned a value but never used    no-unused-vars
  Line 54:10:  'selectedQuote' is assigned a value but never used         no-unused-vars
  Line 54:25:  'setSelectedQuote' is assigned a value but never used      no-unused-vars
  Line 63:10:  'isViewMode' is assigned a value but never used            no-unused-vars
  Line 156:9:  'refreshData' is assigned a value but never used           no-unused-vars
  Line 253:9:  'removeNewQuoteItem' is assigned a value but never used    no-unused-vars
  Line 260:9:  'removeNewInvoiceItem' is assigned a value but never used  no-unused-vars
  Line 471:9:  'handleViewInvoice' is assigned a value but never used     no-unused-vars
  Line 483:9:  'handleViewQuote' is assigned a value but never used       no-unused-vars

src/components/InvoiceManagement.js
  Line 173:9:  'getStatusColor' is assigned a value but never used  no-unused-vars

src/components/QuoteManagement.js
  Line 28:10:  'stats' is assigned a value but never used                no-unused-vars
  Line 34:10:  'loading' is assigned a value but never used              no-unused-vars
  Line 190:9:  'getStatusColor' is assigned a value but never used       no-unused-vars
  Line 207:9:  'calculateValidUntil' is assigned a value but never used  no-unused-vars
  Line 379:9:  'fetchDashboardData' is assigned a value but never used   no-unused-vars

src/components/StaffManagement.js
  Line 100:13:  'result' is assigned a value but never used  no-unused-vars

Search for the keywords to learn more about each warning.
To ignore, add // eslint-disable-next-line to the line before.

WARNING in [eslint] 
src/components/AdminDashboard.js
  Line 14:10:  'recentInvoices' is assigned a value but never used        no-unused-vars
  Line 15:10:  'recentQuotes' is assigned a value but never used          no-unused-vars
  Line 17:10:  'error' is assigned a value but never used                 no-unused-vars
  Line 53:10:  'selectedInvoice' is assigned a value but never used       no-unused-vars
  Line 53:27:  'setSelectedInvoice' is assigned a value but never used    no-unused-vars
  Line 54:10:  'selectedQuote' is assigned a value but never used         no-unused-vars
  Line 54:25:  'setSelectedQuote' is assigned a value but never used      no-unused-vars
  Line 63:10:  'isViewMode' is assigned a value but never used            no-unused-vars
  Line 156:9:  'refreshData' is assigned a value but never used           no-unused-vars
  Line 253:9:  'removeNewQuoteItem' is assigned a value but never used    no-unused-vars
  Line 260:9:  'removeNewInvoiceItem' is assigned a value but never used  no-unused-vars
  Line 471:9:  'handleViewInvoice' is assigned a value but never used     no-unused-vars
  Line 483:9:  'handleViewQuote' is assigned a value but never used       no-unused-vars

src/components/InvoiceManagement.js
  Line 173:9:  'getStatusColor' is assigned a value but never used  no-unused-vars

src/components/QuoteManagement.js
  Line 28:10:  'stats' is assigned a value but never used                no-unused-vars
  Line 34:10:  'loading' is assigned a value but never used              no-unused-vars
  Line 190:9:  'getStatusColor' is assigned a value but never used       no-unused-vars
  Line 207:9:  'calculateValidUntil' is assigned a value but never used  no-unused-vars
  Line 379:9:  'fetchDashboardData' is assigned a value but never used   no-unused-vars

src/components/StaffManagement.js
  Line 100:13:  'result' is assigned a value but never used  no-unused-vars

webpack compiled with 1 warning
Compiling...
Compiled with warnings.

[eslint] 
src/components/AdminDashboard.js
  Line 14:10:  'recentInvoices' is assigned a value but never used        no-unused-vars
  Line 15:10:  'recentQuotes' is assigned a value but never used          no-unused-vars
  Line 17:10:  'error' is assigned a value but never used                 no-unused-vars
  Line 53:10:  'selectedInvoice' is assigned a value but never used       no-unused-vars
  Line 53:27:  'setSelectedInvoice' is assigned a value but never used    no-unused-vars
  Line 54:10:  'selectedQuote' is assigned a value but never used         no-unused-vars
  Line 54:25:  'setSelectedQuote' is assigned a value but never used      no-unused-vars
  Line 63:10:  'isViewMode' is assigned a value but never used            no-unused-vars
  Line 156:9:  'refreshData' is assigned a value but never used           no-unused-vars
  Line 253:9:  'removeNewQuoteItem' is assigned a value but never used    no-unused-vars
  Line 260:9:  'removeNewInvoiceItem' is assigned a value but never used  no-unused-vars
  Line 471:9:  'handleViewInvoice' is assigned a value but never used     no-unused-vars
  Line 483:9:  'handleViewQuote' is assigned a value but never used       no-unused-vars

src/components/InvoiceManagement.js
  Line 173:9:  'getStatusColor' is assigned a value but never used  no-unused-vars

src/components/QuoteManagement.js
  Line 28:10:  'stats' is assigned a value but never used                no-unused-vars
  Line 34:10:  'loading' is assigned a value but never used              no-unused-vars
  Line 190:9:  'getStatusColor' is assigned a value but never used       no-unused-vars
  Line 207:9:  'calculateValidUntil' is assigned a value but never used  no-unused-vars
  Line 379:9:  'fetchDashboardData' is assigned a value but never used   no-unused-vars

src/components/StaffManagement.js
  Line 100:13:  'result' is assigned a value but never used  no-unused-vars

Search for the keywords to learn more about each warning.
To ignore, add // eslint-disable-next-line to the line before.

WARNING in [eslint] 
src/components/AdminDashboard.js
  Line 14:10:  'recentInvoices' is assigned a value but never used        no-unused-vars
  Line 15:10:  'recentQuotes' is assigned a value but never used          no-unused-vars
  Line 17:10:  'error' is assigned a value but never used                 no-unused-vars
  Line 53:10:  'selectedInvoice' is assigned a value but never used       no-unused-vars
  Line 53:27:  'setSelectedInvoice' is assigned a value but never used    no-unused-vars
  Line 54:10:  'selectedQuote' is assigned a value but never used         no-unused-vars
  Line 54:25:  'setSelectedQuote' is assigned a value but never used      no-unused-vars
  Line 63:10:  'isViewMode' is assigned a value but never used            no-unused-vars
  Line 156:9:  'refreshData' is assigned a value but never used           no-unused-vars
  Line 253:9:  'removeNewQuoteItem' is assigned a value but never used    no-unused-vars
  Line 260:9:  'removeNewInvoiceItem' is assigned a value but never used  no-unused-vars
  Line 471:9:  'handleViewInvoice' is assigned a value but never used     no-unused-vars
  Line 483:9:  'handleViewQuote' is assigned a value but never used       no-unused-vars

src/components/InvoiceManagement.js
  Line 173:9:  'getStatusColor' is assigned a value but never used  no-unused-vars

src/components/QuoteManagement.js
  Line 28:10:  'stats' is assigned a value but never used                no-unused-vars
  Line 34:10:  'loading' is assigned a value but never used              no-unused-vars
  Line 190:9:  'getStatusColor' is assigned a value but never used       no-unused-vars
  Line 207:9:  'calculateValidUntil' is assigned a value but never used  no-unused-vars
  Line 379:9:  'fetchDashboardData' is assigned a value but never used   no-unused-vars

src/components/StaffManagement.js
  Line 100:13:  'result' is assigned a value but never used  no-unused-vars

webpack compiled with 1 warning
Compiling...
Compiled with warnings.

[eslint] 
src/components/AdminDashboard.js
  Line 14:10:  'recentInvoices' is assigned a value but never used        no-unused-vars
  Line 15:10:  'recentQuotes' is assigned a value but never used          no-unused-vars
  Line 17:10:  'error' is assigned a value but never used                 no-unused-vars
  Line 53:10:  'selectedInvoice' is assigned a value but never used       no-unused-vars
  Line 53:27:  'setSelectedInvoice' is assigned a value but never used    no-unused-vars
  Line 54:10:  'selectedQuote' is assigned a value but never used         no-unused-vars
  Line 54:25:  'setSelectedQuote' is assigned a value but never used      no-unused-vars
  Line 63:10:  'isViewMode' is assigned a value but never used            no-unused-vars
  Line 156:9:  'refreshData' is assigned a value but never used           no-unused-vars
  Line 253:9:  'removeNewQuoteItem' is assigned a value but never used    no-unused-vars
  Line 260:9:  'removeNewInvoiceItem' is assigned a value but never used  no-unused-vars
  Line 471:9:  'handleViewInvoice' is assigned a value but never used     no-unused-vars
  Line 483:9:  'handleViewQuote' is assigned a value but never used       no-unused-vars

src/components/InvoiceManagement.js
  Line 173:9:  'getStatusColor' is assigned a value but never used  no-unused-vars

src/components/QuoteManagement.js
  Line 28:10:  'stats' is assigned a value but never used                no-unused-vars
  Line 34:10:  'loading' is assigned a value but never used              no-unused-vars
  Line 190:9:  'getStatusColor' is assigned a value but never used       no-unused-vars
  Line 207:9:  'calculateValidUntil' is assigned a value but never used  no-unused-vars
  Line 379:9:  'fetchDashboardData' is assigned a value but never used   no-unused-vars

src/components/StaffManagement.js
  Line 100:13:  'result' is assigned a value but never used  no-unused-vars

Search for the keywords to learn more about each warning.
To ignore, add // eslint-disable-next-line to the line before.

WARNING in [eslint] 
src/components/AdminDashboard.js
  Line 14:10:  'recentInvoices' is assigned a value but never used        no-unused-vars
  Line 15:10:  'recentQuotes' is assigned a value but never used          no-unused-vars
  Line 17:10:  'error' is assigned a value but never used                 no-unused-vars
  Line 53:10:  'selectedInvoice' is assigned a value but never used       no-unused-vars
  Line 53:27:  'setSelectedInvoice' is assigned a value but never used    no-unused-vars
  Line 54:10:  'selectedQuote' is assigned a value but never used         no-unused-vars
  Line 54:25:  'setSelectedQuote' is assigned a value but never used      no-unused-vars
  Line 63:10:  'isViewMode' is assigned a value but never used            no-unused-vars
  Line 156:9:  'refreshData' is assigned a value but never used           no-unused-vars
  Line 253:9:  'removeNewQuoteItem' is assigned a value but never used    no-unused-vars
  Line 260:9:  'removeNewInvoiceItem' is assigned a value but never used  no-unused-vars
  Line 471:9:  'handleViewInvoice' is assigned a value but never used     no-unused-vars
  Line 483:9:  'handleViewQuote' is assigned a value but never used       no-unused-vars

src/components/InvoiceManagement.js
  Line 173:9:  'getStatusColor' is assigned a value but never used  no-unused-vars

src/components/QuoteManagement.js
  Line 28:10:  'stats' is assigned a value but never used                no-unused-vars
  Line 34:10:  'loading' is assigned a value but never used              no-unused-vars
  Line 190:9:  'getStatusColor' is assigned a value but never used       no-unused-vars
  Line 207:9:  'calculateValidUntil' is assigned a value but never used  no-unused-vars
  Line 379:9:  'fetchDashboardData' is assigned a value but never used   no-unused-vars

src/components/StaffManagement.js
  Line 100:13:  'result' is assigned a value but never used  no-unused-vars

webpack compiled with 1 warning
Compiling...
Compiled with warnings.

[eslint] 
src/components/AdminDashboard.js
  Line 14:10:  'recentInvoices' is assigned a value but never used        no-unused-vars
  Line 15:10:  'recentQuotes' is assigned a value but never used          no-unused-vars
  Line 17:10:  'error' is assigned a value but never used                 no-unused-vars
  Line 53:10:  'selectedInvoice' is assigned a value but never used       no-unused-vars
  Line 53:27:  'setSelectedInvoice' is assigned a value but never used    no-unused-vars
  Line 54:10:  'selectedQuote' is assigned a value but never used         no-unused-vars
  Line 54:25:  'setSelectedQuote' is assigned a value but never used      no-unused-vars
  Line 63:10:  'isViewMode' is assigned a value but never used            no-unused-vars
  Line 156:9:  'refreshData' is assigned a value but never used           no-unused-vars
  Line 253:9:  'removeNewQuoteItem' is assigned a value but never used    no-unused-vars
  Line 260:9:  'removeNewInvoiceItem' is assigned a value but never used  no-unused-vars
  Line 471:9:  'handleViewInvoice' is assigned a value but never used     no-unused-vars
  Line 483:9:  'handleViewQuote' is assigned a value but never used       no-unused-vars

src/components/InvoiceManagement.js
  Line 173:9:  'getStatusColor' is assigned a value but never used  no-unused-vars

src/components/QuoteManagement.js
  Line 28:10:  'stats' is assigned a value but never used                no-unused-vars
  Line 34:10:  'loading' is assigned a value but never used              no-unused-vars
  Line 190:9:  'getStatusColor' is assigned a value but never used       no-unused-vars
  Line 207:9:  'calculateValidUntil' is assigned a value but never used  no-unused-vars
  Line 379:9:  'fetchDashboardData' is assigned a value but never used   no-unused-vars

src/components/StaffManagement.js
  Line 100:13:  'result' is assigned a value but never used  no-unused-vars

Search for the keywords to learn more about each warning.
To ignore, add // eslint-disable-next-line to the line before.

WARNING in [eslint] 
src/components/AdminDashboard.js
  Line 14:10:  'recentInvoices' is assigned a value but never used        no-unused-vars
  Line 15:10:  'recentQuotes' is assigned a value but never used          no-unused-vars
  Line 17:10:  'error' is assigned a value but never used                 no-unused-vars
  Line 53:10:  'selectedInvoice' is assigned a value but never used       no-unused-vars
  Line 53:27:  'setSelectedInvoice' is assigned a value but never used    no-unused-vars
  Line 54:10:  'selectedQuote' is assigned a value but never used         no-unused-vars
  Line 54:25:  'setSelectedQuote' is assigned a value but never used      no-unused-vars
  Line 63:10:  'isViewMode' is assigned a value but never used            no-unused-vars
  Line 156:9:  'refreshData' is assigned a value but never used           no-unused-vars
  Line 253:9:  'removeNewQuoteItem' is assigned a value but never used    no-unused-vars
  Line 260:9:  'removeNewInvoiceItem' is assigned a value but never used  no-unused-vars
  Line 471:9:  'handleViewInvoice' is assigned a value but never used     no-unused-vars
  Line 483:9:  'handleViewQuote' is assigned a value but never used       no-unused-vars

src/components/InvoiceManagement.js
  Line 173:9:  'getStatusColor' is assigned a value but never used  no-unused-vars

src/components/QuoteManagement.js
  Line 28:10:  'stats' is assigned a value but never used                no-unused-vars
  Line 34:10:  'loading' is assigned a value but never used              no-unused-vars
  Line 190:9:  'getStatusColor' is assigned a value but never used       no-unused-vars
  Line 207:9:  'calculateValidUntil' is assigned a value but never used  no-unused-vars
  Line 379:9:  'fetchDashboardData' is assigned a value but never used   no-unused-vars

src/components/StaffManagement.js
  Line 100:13:  'result' is assigned a value but never used  no-unused-vars

webpack compiled with 1 warning
Compiling...
Compiled with warnings.

[eslint] 
src/components/AdminDashboard.js
  Line 14:10:  'recentInvoices' is assigned a value but never used        no-unused-vars
  Line 15:10:  'recentQuotes' is assigned a value but never used          no-unused-vars
  Line 17:10:  'error' is assigned a value but never used                 no-unused-vars
  Line 53:10:  'selectedInvoice' is assigned a value but never used       no-unused-vars
  Line 53:27:  'setSelectedInvoice' is assigned a value but never used    no-unused-vars
  Line 54:10:  'selectedQuote' is assigned a value but never used         no-unused-vars
  Line 54:25:  'setSelectedQuote' is assigned a value but never used      no-unused-vars
  Line 63:10:  'isViewMode' is assigned a value but never used            no-unused-vars
  Line 156:9:  'refreshData' is assigned a value but never used           no-unused-vars
  Line 253:9:  'removeNewQuoteItem' is assigned a value but never used    no-unused-vars
  Line 260:9:  'removeNewInvoiceItem' is assigned a value but never used  no-unused-vars
  Line 473:9:  'handleViewInvoice' is assigned a value but never used     no-unused-vars
  Line 485:9:  'handleViewQuote' is assigned a value but never used       no-unused-vars

src/components/InvoiceManagement.js
  Line 173:9:  'getStatusColor' is assigned a value but never used  no-unused-vars

src/components/QuoteManagement.js
  Line 28:10:  'stats' is assigned a value but never used                no-unused-vars
  Line 34:10:  'loading' is assigned a value but never used              no-unused-vars
  Line 190:9:  'getStatusColor' is assigned a value but never used       no-unused-vars
  Line 207:9:  'calculateValidUntil' is assigned a value but never used  no-unused-vars
  Line 379:9:  'fetchDashboardData' is assigned a value but never used   no-unused-vars

src/components/StaffManagement.js
  Line 100:13:  'result' is assigned a value but never used  no-unused-vars

Search for the keywords to learn more about each warning.
To ignore, add // eslint-disable-next-line to the line before.

WARNING in [eslint] 
src/components/AdminDashboard.js
  Line 14:10:  'recentInvoices' is assigned a value but never used        no-unused-vars
  Line 15:10:  'recentQuotes' is assigned a value but never used          no-unused-vars
  Line 17:10:  'error' is assigned a value but never used                 no-unused-vars
  Line 53:10:  'selectedInvoice' is assigned a value but never used       no-unused-vars
  Line 53:27:  'setSelectedInvoice' is assigned a value but never used    no-unused-vars
  Line 54:10:  'selectedQuote' is assigned a value but never used         no-unused-vars
  Line 54:25:  'setSelectedQuote' is assigned a value but never used      no-unused-vars
  Line 63:10:  'isViewMode' is assigned a value but never used            no-unused-vars
  Line 156:9:  'refreshData' is assigned a value but never used           no-unused-vars
  Line 253:9:  'removeNewQuoteItem' is assigned a value but never used    no-unused-vars
  Line 260:9:  'removeNewInvoiceItem' is assigned a value but never used  no-unused-vars
  Line 473:9:  'handleViewInvoice' is assigned a value but never used     no-unused-vars
  Line 485:9:  'handleViewQuote' is assigned a value but never used       no-unused-vars

src/components/InvoiceManagement.js
  Line 173:9:  'getStatusColor' is assigned a value but never used  no-unused-vars

src/components/QuoteManagement.js
  Line 28:10:  'stats' is assigned a value but never used                no-unused-vars
  Line 34:10:  'loading' is assigned a value but never used              no-unused-vars
  Line 190:9:  'getStatusColor' is assigned a value but never used       no-unused-vars
  Line 207:9:  'calculateValidUntil' is assigned a value but never used  no-unused-vars
  Line 379:9:  'fetchDashboardData' is assigned a value but never used   no-unused-vars

src/components/StaffManagement.js
  Line 100:13:  'result' is assigned a value but never used  no-unused-vars

webpack compiled with 1 warning
Compiling...
Compiled with warnings.

[eslint] 
src/components/AdminDashboard.js
  Line 14:10:  'recentInvoices' is assigned a value but never used        no-unused-vars
  Line 15:10:  'recentQuotes' is assigned a value but never used          no-unused-vars
  Line 17:10:  'error' is assigned a value but never used                 no-unused-vars
  Line 53:10:  'selectedInvoice' is assigned a value but never used       no-unused-vars
  Line 53:27:  'setSelectedInvoice' is assigned a value but never used    no-unused-vars
  Line 54:10:  'selectedQuote' is assigned a value but never used         no-unused-vars
  Line 54:25:  'setSelectedQuote' is assigned a value but never used      no-unused-vars
  Line 63:10:  'isViewMode' is assigned a value but never used            no-unused-vars
  Line 156:9:  'refreshData' is assigned a value but never used           no-unused-vars
  Line 253:9:  'removeNewQuoteItem' is assigned a value but never used    no-unused-vars
  Line 260:9:  'removeNewInvoiceItem' is assigned a value but never used  no-unused-vars
  Line 473:9:  'handleViewInvoice' is assigned a value but never used     no-unused-vars
  Line 485:9:  'handleViewQuote' is assigned a value but never used       no-unused-vars

src/components/InvoiceManagement.js
  Line 173:9:  'getStatusColor' is assigned a value but never used  no-unused-vars

src/components/QuoteManagement.js
  Line 28:10:  'stats' is assigned a value but never used                no-unused-vars
  Line 34:10:  'loading' is assigned a value but never used              no-unused-vars
  Line 190:9:  'getStatusColor' is assigned a value but never used       no-unused-vars
  Line 207:9:  'calculateValidUntil' is assigned a value but never used  no-unused-vars
  Line 379:9:  'fetchDashboardData' is assigned a value but never used   no-unused-vars

src/components/StaffManagement.js
  Line 100:13:  'result' is assigned a value but never used  no-unused-vars

Search for the keywords to learn more about each warning.
To ignore, add // eslint-disable-next-line to the line before.

WARNING in [eslint] 
src/components/AdminDashboard.js
  Line 14:10:  'recentInvoices' is assigned a value but never used        no-unused-vars
  Line 15:10:  'recentQuotes' is assigned a value but never used          no-unused-vars
  Line 17:10:  'error' is assigned a value but never used                 no-unused-vars
  Line 53:10:  'selectedInvoice' is assigned a value but never used       no-unused-vars
  Line 53:27:  'setSelectedInvoice' is assigned a value but never used    no-unused-vars
  Line 54:10:  'selectedQuote' is assigned a value but never used         no-unused-vars
  Line 54:25:  'setSelectedQuote' is assigned a value but never used      no-unused-vars
  Line 63:10:  'isViewMode' is assigned a value but never used            no-unused-vars
  Line 156:9:  'refreshData' is assigned a value but never used           no-unused-vars
  Line 253:9:  'removeNewQuoteItem' is assigned a value but never used    no-unused-vars
  Line 260:9:  'removeNewInvoiceItem' is assigned a value but never used  no-unused-vars
  Line 473:9:  'handleViewInvoice' is assigned a value but never used     no-unused-vars
  Line 485:9:  'handleViewQuote' is assigned a value but never used       no-unused-vars

src/components/InvoiceManagement.js
  Line 173:9:  'getStatusColor' is assigned a value but never used  no-unused-vars

src/components/QuoteManagement.js
  Line 28:10:  'stats' is assigned a value but never used                no-unused-vars
  Line 34:10:  'loading' is assigned a value but never used              no-unused-vars
  Line 190:9:  'getStatusColor' is assigned a value but never used       no-unused-vars
  Line 207:9:  'calculateValidUntil' is assigned a value but never used  no-unused-vars
  Line 379:9:  'fetchDashboardData' is assigned a value but never used   no-unused-vars

src/components/StaffManagement.js
  Line 100:13:  'result' is assigned a value but never used  no-unused-vars

webpack compiled with 1 warning
Compiling...
Compiled with warnings.

[eslint] 
src/components/AdminDashboard.js
  Line 14:10:  'recentInvoices' is assigned a value but never used        no-unused-vars
  Line 15:10:  'recentQuotes' is assigned a value but never used          no-unused-vars
  Line 17:10:  'error' is assigned a value but never used                 no-unused-vars
  Line 53:10:  'selectedInvoice' is assigned a value but never used       no-unused-vars
  Line 53:27:  'setSelectedInvoice' is assigned a value but never used    no-unused-vars
  Line 54:10:  'selectedQuote' is assigned a value but never used         no-unused-vars
  Line 54:25:  'setSelectedQuote' is assigned a value but never used      no-unused-vars
  Line 63:10:  'isViewMode' is assigned a value but never used            no-unused-vars
  Line 156:9:  'refreshData' is assigned a value but never used           no-unused-vars
  Line 253:9:  'removeNewQuoteItem' is assigned a value but never used    no-unused-vars
  Line 260:9:  'removeNewInvoiceItem' is assigned a value but never used  no-unused-vars
  Line 473:9:  'handleViewInvoice' is assigned a value but never used     no-unused-vars
  Line 485:9:  'handleViewQuote' is assigned a value but never used       no-unused-vars

src/components/InvoiceManagement.js
  Line 173:9:  'getStatusColor' is assigned a value but never used  no-unused-vars

src/components/QuoteManagement.js
  Line 28:10:  'stats' is assigned a value but never used                no-unused-vars
  Line 34:10:  'loading' is assigned a value but never used              no-unused-vars
  Line 190:9:  'getStatusColor' is assigned a value but never used       no-unused-vars
  Line 207:9:  'calculateValidUntil' is assigned a value but never used  no-unused-vars
  Line 379:9:  'fetchDashboardData' is assigned a value but never used   no-unused-vars

src/components/StaffManagement.js
  Line 100:13:  'result' is assigned a value but never used  no-unused-vars

Search for the keywords to learn more about each warning.
To ignore, add // eslint-disable-next-line to the line before.

WARNING in [eslint] 
src/components/AdminDashboard.js
  Line 14:10:  'recentInvoices' is assigned a value but never used        no-unused-vars
  Line 15:10:  'recentQuotes' is assigned a value but never used          no-unused-vars
  Line 17:10:  'error' is assigned a value but never used                 no-unused-vars
  Line 53:10:  'selectedInvoice' is assigned a value but never used       no-unused-vars
  Line 53:27:  'setSelectedInvoice' is assigned a value but never used    no-unused-vars
  Line 54:10:  'selectedQuote' is assigned a value but never used         no-unused-vars
  Line 54:25:  'setSelectedQuote' is assigned a value but never used      no-unused-vars
  Line 63:10:  'isViewMode' is assigned a value but never used            no-unused-vars
  Line 156:9:  'refreshData' is assigned a value but never used           no-unused-vars
  Line 253:9:  'removeNewQuoteItem' is assigned a value but never used    no-unused-vars
  Line 260:9:  'removeNewInvoiceItem' is assigned a value but never used  no-unused-vars
  Line 473:9:  'handleViewInvoice' is assigned a value but never used     no-unused-vars
  Line 485:9:  'handleViewQuote' is assigned a value but never used       no-unused-vars

src/components/InvoiceManagement.js
  Line 173:9:  'getStatusColor' is assigned a value but never used  no-unused-vars

src/components/QuoteManagement.js
  Line 28:10:  'stats' is assigned a value but never used                no-unused-vars
  Line 34:10:  'loading' is assigned a value but never used              no-unused-vars
  Line 190:9:  'getStatusColor' is assigned a value but never used       no-unused-vars
  Line 207:9:  'calculateValidUntil' is assigned a value but never used  no-unused-vars
  Line 379:9:  'fetchDashboardData' is assigned a value but never used   no-unused-vars

src/components/StaffManagement.js
  Line 100:13:  'result' is assigned a value but never used  no-unused-vars

webpack compiled with 1 warning
Compiling...
Compiled with warnings.

[eslint] 
src/components/AdminDashboard.js
  Line 14:10:  'recentInvoices' is assigned a value but never used        no-unused-vars
  Line 15:10:  'recentQuotes' is assigned a value but never used          no-unused-vars
  Line 17:10:  'error' is assigned a value but never used                 no-unused-vars
  Line 53:10:  'selectedInvoice' is assigned a value but never used       no-unused-vars
  Line 53:27:  'setSelectedInvoice' is assigned a value but never used    no-unused-vars
  Line 54:10:  'selectedQuote' is assigned a value but never used         no-unused-vars
  Line 54:25:  'setSelectedQuote' is assigned a value but never used      no-unused-vars
  Line 63:10:  'isViewMode' is assigned a value but never used            no-unused-vars
  Line 156:9:  'refreshData' is assigned a value but never used           no-unused-vars
  Line 253:9:  'removeNewQuoteItem' is assigned a value but never used    no-unused-vars
  Line 260:9:  'removeNewInvoiceItem' is assigned a value but never used  no-unused-vars
  Line 473:9:  'handleViewInvoice' is assigned a value but never used     no-unused-vars
  Line 485:9:  'handleViewQuote' is assigned a value but never used       no-unused-vars

src/components/InvoiceManagement.js
  Line 173:9:  'getStatusColor' is assigned a value but never used  no-unused-vars

src/components/QuoteManagement.js
  Line 28:10:  'stats' is assigned a value but never used                no-unused-vars
  Line 34:10:  'loading' is assigned a value but never used              no-unused-vars
  Line 190:9:  'getStatusColor' is assigned a value but never used       no-unused-vars
  Line 207:9:  'calculateValidUntil' is assigned a value but never used  no-unused-vars
  Line 379:9:  'fetchDashboardData' is assigned a value but never used   no-unused-vars

src/components/StaffManagement.js
  Line 100:13:  'result' is assigned a value but never used  no-unused-vars

Search for the keywords to learn more about each warning.
To ignore, add // eslint-disable-next-line to the line before.

WARNING in [eslint] 
src/components/AdminDashboard.js
  Line 14:10:  'recentInvoices' is assigned a value but never used        no-unused-vars
  Line 15:10:  'recentQuotes' is assigned a value but never used          no-unused-vars
  Line 17:10:  'error' is assigned a value but never used                 no-unused-vars
  Line 53:10:  'selectedInvoice' is assigned a value but never used       no-unused-vars
  Line 53:27:  'setSelectedInvoice' is assigned a value but never used    no-unused-vars
  Line 54:10:  'selectedQuote' is assigned a value but never used         no-unused-vars
  Line 54:25:  'setSelectedQuote' is assigned a value but never used      no-unused-vars
  Line 63:10:  'isViewMode' is assigned a value but never used            no-unused-vars
  Line 156:9:  'refreshData' is assigned a value but never used           no-unused-vars
  Line 253:9:  'removeNewQuoteItem' is assigned a value but never used    no-unused-vars
  Line 260:9:  'removeNewInvoiceItem' is assigned a value but never used  no-unused-vars
  Line 473:9:  'handleViewInvoice' is assigned a value but never used     no-unused-vars
  Line 485:9:  'handleViewQuote' is assigned a value but never used       no-unused-vars

src/components/InvoiceManagement.js
  Line 173:9:  'getStatusColor' is assigned a value but never used  no-unused-vars

src/components/QuoteManagement.js
  Line 28:10:  'stats' is assigned a value but never used                no-unused-vars
  Line 34:10:  'loading' is assigned a value but never used              no-unused-vars
  Line 190:9:  'getStatusColor' is assigned a value but never used       no-unused-vars
  Line 207:9:  'calculateValidUntil' is assigned a value but never used  no-unused-vars
  Line 379:9:  'fetchDashboardData' is assigned a value but never used   no-unused-vars

src/components/StaffManagement.js
  Line 100:13:  'result' is assigned a value but never used  no-unused-vars

webpack compiled with 1 warning
Compiling...
Compiled with warnings.

[eslint] 
src/components/AdminDashboard.js
  Line 14:10:  'recentInvoices' is assigned a value but never used        no-unused-vars
  Line 15:10:  'recentQuotes' is assigned a value but never used          no-unused-vars
  Line 17:10:  'error' is assigned a value but never used                 no-unused-vars
  Line 53:10:  'selectedInvoice' is assigned a value but never used       no-unused-vars
  Line 53:27:  'setSelectedInvoice' is assigned a value but never used    no-unused-vars
  Line 54:10:  'selectedQuote' is assigned a value but never used         no-unused-vars
  Line 54:25:  'setSelectedQuote' is assigned a value but never used      no-unused-vars
  Line 63:10:  'isViewMode' is assigned a value but never used            no-unused-vars
  Line 156:9:  'refreshData' is assigned a value but never used           no-unused-vars
  Line 253:9:  'removeNewQuoteItem' is assigned a value but never used    no-unused-vars
  Line 260:9:  'removeNewInvoiceItem' is assigned a value but never used  no-unused-vars
  Line 473:9:  'handleViewInvoice' is assigned a value but never used     no-unused-vars
  Line 485:9:  'handleViewQuote' is assigned a value but never used       no-unused-vars

src/components/InvoiceManagement.js
  Line 173:9:  'getStatusColor' is assigned a value but never used  no-unused-vars

src/components/QuoteManagement.js
  Line 28:10:  'stats' is assigned a value but never used                no-unused-vars
  Line 34:10:  'loading' is assigned a value but never used              no-unused-vars
  Line 190:9:  'getStatusColor' is assigned a value but never used       no-unused-vars
  Line 207:9:  'calculateValidUntil' is assigned a value but never used  no-unused-vars
  Line 379:9:  'fetchDashboardData' is assigned a value but never used   no-unused-vars

src/components/StaffManagement.js
  Line 100:13:  'result' is assigned a value but never used  no-unused-vars

Search for the keywords to learn more about each warning.
To ignore, add // eslint-disable-next-line to the line before.

WARNING in [eslint] 
src/components/AdminDashboard.js
  Line 14:10:  'recentInvoices' is assigned a value but never used        no-unused-vars
  Line 15:10:  'recentQuotes' is assigned a value but never used          no-unused-vars
  Line 17:10:  'error' is assigned a value but never used                 no-unused-vars
  Line 53:10:  'selectedInvoice' is assigned a value but never used       no-unused-vars
  Line 53:27:  'setSelectedInvoice' is assigned a value but never used    no-unused-vars
  Line 54:10:  'selectedQuote' is assigned a value but never used         no-unused-vars
  Line 54:25:  'setSelectedQuote' is assigned a value but never used      no-unused-vars
  Line 63:10:  'isViewMode' is assigned a value but never used            no-unused-vars
  Line 156:9:  'refreshData' is assigned a value but never used           no-unused-vars
  Line 253:9:  'removeNewQuoteItem' is assigned a value but never used    no-unused-vars
  Line 260:9:  'removeNewInvoiceItem' is assigned a value but never used  no-unused-vars
  Line 473:9:  'handleViewInvoice' is assigned a value but never used     no-unused-vars
  Line 485:9:  'handleViewQuote' is assigned a value but never used       no-unused-vars

src/components/InvoiceManagement.js
  Line 173:9:  'getStatusColor' is assigned a value but never used  no-unused-vars

src/components/QuoteManagement.js
  Line 28:10:  'stats' is assigned a value but never used                no-unused-vars
  Line 34:10:  'loading' is assigned a value but never used              no-unused-vars
  Line 190:9:  'getStatusColor' is assigned a value but never used       no-unused-vars
  Line 207:9:  'calculateValidUntil' is assigned a value but never used  no-unused-vars
  Line 379:9:  'fetchDashboardData' is assigned a value but never used   no-unused-vars

src/components/StaffManagement.js
  Line 100:13:  'result' is assigned a value but never used  no-unused-vars

webpack compiled with 1 warning
Compiling...
Failed to compile.

[eslint] 
src/components/AdminDashboard.js
Syntax error: Adjacent JSX elements must be wrapped in an enclosing tag. Did you want a JSX fragment <>...</>? (22:16) (22:16)
WARNING in [eslint] 
src/components/InvoiceManagement.js
  Line 173:9:  'getStatusColor' is assigned a value but never used  no-unused-vars

src/components/QuoteManagement.js
  Line 28:10:  'stats' is assigned a value but never used                no-unused-vars
  Line 34:10:  'loading' is assigned a value but never used              no-unused-vars
  Line 190:9:  'getStatusColor' is assigned a value but never used       no-unused-vars
  Line 207:9:  'calculateValidUntil' is assigned a value but never used  no-unused-vars
  Line 379:9:  'fetchDashboardData' is assigned a value but never used   no-unused-vars

src/components/StaffManagement.js
  Line 100:13:  'result' is assigned a value but never used  no-unused-vars

ERROR in ./src/components/AdminDashboard.js
Module build failed (from ./node_modules/babel-loader/lib/index.js):
SyntaxError: /Users/hermann.nana/kinéopolis /nadia-event-decor/frontend/src/components/AdminDashboard.js: Adjacent JSX elements must be wrapped in an enclosing tag. Did you want a JSX fragment <>...</>? (22:16)

  20 |                     <option value="EXPIRED">⏰ Expiré</option>
  21 |                   </select>
> 22 |                 </div>
     |                 ^
  23 |
  24 |                 <div className="form-actions">
  25 |                   <button type="button" className="btn-danger" onClick={handleDeleteQuote}>Supprimer</button>
    at constructor (/Users/hermann.nana/kinéopolis /nadia-event-decor/frontend/node_modules/@babel/parser/lib/index.js:363:19)
    at FlowParserMixin.raise (/Users/hermann.nana/kinéopolis /nadia-event-decor/frontend/node_modules/@babel/parser/lib/index.js:6612:19)
    at FlowParserMixin.jsxParseElementAt (/Users/hermann.nana/kinéopolis /nadia-event-decor/frontend/node_modules/@babel/parser/lib/index.js:4757:18)
    at FlowParserMixin.jsxParseElement (/Users/hermann.nana/kinéopolis /nadia-event-decor/frontend/node_modules/@babel/parser/lib/index.js:4764:17)
    at FlowParserMixin.parseExprAtom (/Users/hermann.nana/kinéopolis /nadia-event-decor/frontend/node_modules/@babel/parser/lib/index.js:4774:19)
    at FlowParserMixin.parseExprSubscripts (/Users/hermann.nana/kinéopolis /nadia-event-decor/frontend/node_modules/@babel/parser/lib/index.js:11026:23)
    at FlowParserMixin.parseUpdate (/Users/hermann.nana/kinéopolis /nadia-event-decor/frontend/node_modules/@babel/parser/lib/index.js:11011:21)
    at FlowParserMixin.parseMaybeUnary (/Users/hermann.nana/kinéopolis /nadia-event-decor/frontend/node_modules/@babel/parser/lib/index.js:10991:23)
    at FlowParserMixin.parseMaybeUnaryOrPrivate (/Users/hermann.nana/kinéopolis /nadia-event-decor/frontend/node_modules/@babel/parser/lib/index.js:10844:61)
    at FlowParserMixin.parseExprOps (/Users/hermann.nana/kinéopolis /nadia-event-decor/frontend/node_modules/@babel/parser/lib/index.js:10849:23)
    at FlowParserMixin.parseMaybeConditional (/Users/hermann.nana/kinéopolis /nadia-event-decor/frontend/node_modules/@babel/parser/lib/index.js:10826:23)
    at FlowParserMixin.parseMaybeAssign (/Users/hermann.nana/kinéopolis /nadia-event-decor/frontend/node_modules/@babel/parser/lib/index.js:10779:21)
    at /Users/hermann.nana/kinéopolis /nadia-event-decor/frontend/node_modules/@babel/parser/lib/index.js:3513:39
    at FlowParserMixin.tryParse (/Users/hermann.nana/kinéopolis /nadia-event-decor/frontend/node_modules/@babel/parser/lib/index.js:6920:20)
    at FlowParserMixin.parseMaybeAssign (/Users/hermann.nana/kinéopolis /nadia-event-decor/frontend/node_modules/@babel/parser/lib/index.js:3513:18)
    at FlowParserMixin.parseExpressionBase (/Users/hermann.nana/kinéopolis /nadia-event-decor/frontend/node_modules/@babel/parser/lib/index.js:10732:23)
    at /Users/hermann.nana/kinéopolis /nadia-event-decor/frontend/node_modules/@babel/parser/lib/index.js:10728:39
    at FlowParserMixin.allowInAnd (/Users/hermann.nana/kinéopolis /nadia-event-decor/frontend/node_modules/@babel/parser/lib/index.js:12370:16)
    at FlowParserMixin.parseExpression (/Users/hermann.nana/kinéopolis /nadia-event-decor/frontend/node_modules/@babel/parser/lib/index.js:10728:17)
    at FlowParserMixin.parseStatementContent (/Users/hermann.nana/kinéopolis /nadia-event-decor/frontend/node_modules/@babel/parser/lib/index.js:12828:23)
    at FlowParserMixin.parseStatementLike (/Users/hermann.nana/kinéopolis /nadia-event-decor/frontend/node_modules/@babel/parser/lib/index.js:12699:17)
    at FlowParserMixin.parseStatementLike (/Users/hermann.nana/kinéopolis /nadia-event-decor/frontend/node_modules/@babel/parser/lib/index.js:2931:24)
    at FlowParserMixin.parseModuleItem (/Users/hermann.nana/kinéopolis /nadia-event-decor/frontend/node_modules/@babel/parser/lib/index.js:12676:17)
    at FlowParserMixin.parseBlockOrModuleBlockBody (/Users/hermann.nana/kinéopolis /nadia-event-decor/frontend/node_modules/@babel/parser/lib/index.js:13249:36)
    at FlowParserMixin.parseBlockBody (/Users/hermann.nana/kinéopolis /nadia-event-decor/frontend/node_modules/@babel/parser/lib/index.js:13242:10)
    at FlowParserMixin.parseProgram (/Users/hermann.nana/kinéopolis /nadia-event-decor/frontend/node_modules/@babel/parser/lib/index.js:12555:10)
    at FlowParserMixin.parseTopLevel (/Users/hermann.nana/kinéopolis /nadia-event-decor/frontend/node_modules/@babel/parser/lib/index.js:12545:25)
    at FlowParserMixin.parseTopLevel (/Users/hermann.nana/kinéopolis /nadia-event-decor/frontend/node_modules/@babel/parser/lib/index.js:3700:28)
    at FlowParserMixin.parse (/Users/hermann.nana/kinéopolis /nadia-event-decor/frontend/node_modules/@babel/parser/lib/index.js:14423:10)
    at parse (/Users/hermann.nana/kinéopolis /nadia-event-decor/frontend/node_modules/@babel/parser/lib/index.js:14457:38)
    at parser (/Users/hermann.nana/kinéopolis /nadia-event-decor/frontend/node_modules/@babel/core/lib/parser/index.js:41:34)
    at parser.next (<anonymous>)
    at normalizeFile (/Users/hermann.nana/kinéopolis /nadia-event-decor/frontend/node_modules/@babel/core/lib/transformation/normalize-file.js:64:37)
    at normalizeFile.next (<anonymous>)
    at run (/Users/hermann.nana/kinéopolis /nadia-event-decor/frontend/node_modules/@babel/core/lib/transformation/index.js:22:50)
    at run.next (<anonymous>)
    at transform (/Users/hermann.nana/kinéopolis /nadia-event-decor/frontend/node_modules/@babel/core/lib/transform.js:22:33)
    at transform.next (<anonymous>)
    at step (/Users/hermann.nana/kinéopolis /nadia-event-decor/frontend/node_modules/gensync/index.js:261:32)
    at /Users/hermann.nana/kinéopolis /nadia-event-decor/frontend/node_modules/gensync/index.js:273:13
    at async.call.result.err.err (/Users/hermann.nana/kinéopolis /nadia-event-decor/frontend/node_modules/gensync/index.js:223:11)

ERROR in [eslint] 
src/components/AdminDashboard.js
  Line 22:16:  Parsing error: Adjacent JSX elements must be wrapped in an enclosing tag. Did you want a JSX fragment <>...</>? (22:16)

webpack compiled with 2 errors and 1 warning
Compiling...
Compiled with warnings.

[eslint] 
src/components/AdminDashboard.js
  Line 14:10:  'invoices' is assigned a value but never used           no-unused-vars
  Line 15:10:  'quotes' is assigned a value but never used             no-unused-vars
  Line 75:9:   'refreshData' is assigned a value but never used        no-unused-vars
  Line 311:9:  'handleViewInvoice' is assigned a value but never used  no-unused-vars
  Line 321:9:  'handleViewQuote' is assigned a value but never used    no-unused-vars
  Line 441:9:  'handleDeleteQuote' is assigned a value but never used  no-unused-vars

src/components/InvoiceManagement.js
  Line 173:9:  'getStatusColor' is assigned a value but never used  no-unused-vars

src/components/QuoteManagement.js
  Line 28:10:  'stats' is assigned a value but never used                no-unused-vars
  Line 34:10:  'loading' is assigned a value but never used              no-unused-vars
  Line 190:9:  'getStatusColor' is assigned a value but never used       no-unused-vars
  Line 207:9:  'calculateValidUntil' is assigned a value but never used  no-unused-vars
  Line 379:9:  'fetchDashboardData' is assigned a value but never used   no-unused-vars

src/components/StaffManagement.js
  Line 100:13:  'result' is assigned a value but never used  no-unused-vars

Search for the keywords to learn more about each warning.
To ignore, add // eslint-disable-next-line to the line before.

WARNING in [eslint] 
src/components/AdminDashboard.js
  Line 14:10:  'invoices' is assigned a value but never used           no-unused-vars
  Line 15:10:  'quotes' is assigned a value but never used             no-unused-vars
  Line 75:9:   'refreshData' is assigned a value but never used        no-unused-vars
  Line 311:9:  'handleViewInvoice' is assigned a value but never used  no-unused-vars
  Line 321:9:  'handleViewQuote' is assigned a value but never used    no-unused-vars
  Line 441:9:  'handleDeleteQuote' is assigned a value but never used  no-unused-vars

src/components/InvoiceManagement.js
  Line 173:9:  'getStatusColor' is assigned a value but never used  no-unused-vars

src/components/QuoteManagement.js
  Line 28:10:  'stats' is assigned a value but never used                no-unused-vars
  Line 34:10:  'loading' is assigned a value but never used              no-unused-vars
  Line 190:9:  'getStatusColor' is assigned a value but never used       no-unused-vars
  Line 207:9:  'calculateValidUntil' is assigned a value but never used  no-unused-vars
  Line 379:9:  'fetchDashboardData' is assigned a value but never used   no-unused-vars

src/components/StaffManagement.js
  Line 100:13:  'result' is assigned a value but never used  no-unused-vars

webpack compiled with 1 warning
