[INFO] Scanning for projects...
[INFO] 
[INFO] ------------------< com.nadiaevents:product-service >-------------------
[INFO] Building Product Service 1.0.0
[INFO]   from pom.xml
[INFO] --------------------------------[ jar ]---------------------------------
[INFO] 
[INFO] >>> spring-boot:2.7.14:run (default-cli) > test-compile @ product-service >>>
[INFO] 
[INFO] --- resources:3.2.0:resources (default-resources) @ product-service ---
[INFO] Using 'UTF-8' encoding to copy filtered resources.
[INFO] Using 'UTF-8' encoding to copy filtered properties files.
[INFO] Copying 1 resource
[INFO] Copying 0 resource
[INFO] 
[INFO] --- compiler:3.10.1:compile (default-compile) @ product-service ---
[INFO] Nothing to compile - all classes are up to date
[INFO] 
[INFO] --- resources:3.2.0:testResources (default-testResources) @ product-service ---
[INFO] Using 'UTF-8' encoding to copy filtered resources.
[INFO] Using 'UTF-8' encoding to copy filtered properties files.
[INFO] skip non existing resourceDirectory /Users/hermann.nana/kinéopolis /nadia-events-decor/product-service/src/test/resources
[INFO] 
[INFO] --- compiler:3.10.1:testCompile (default-testCompile) @ product-service ---
[INFO] No sources to compile
[INFO] 
[INFO] <<< spring-boot:2.7.14:run (default-cli) < test-compile @ product-service <<<
[INFO] 
[INFO] 
[INFO] --- spring-boot:2.7.14:run (default-cli) @ product-service ---
[INFO] Attaching agents: []

  .   ____          _            __ _ _
 /\\ / ___'_ __ _ _(_)_ __  __ _ \ \ \ \
( ( )\___ | '_ | '_| | '_ \/ _` | \ \ \ \
 \\/  ___)| |_)| | | | | || (_| |  ) ) ) )
  '  |____| .__|_| |_|_| |_\__, | / / / /
 =========|_|==============|___/=/_/_/_/
 :: Spring Boot ::               (v2.7.14)

2025-06-30 15:19:55.834  INFO 71135 --- [           main] c.n.product.ProductApplication           : Starting ProductApplication using Java 17.0.15 on MAC149.local.intech.lu with PID 71135 (/Users/hermann.nana/kinéopolis /nadia-events-decor/product-service/target/classes started by hermann.nana in /Users/hermann.nana/kinéopolis /nadia-events-decor/product-service)
2025-06-30 15:19:55.835  INFO 71135 --- [           main] c.n.product.ProductApplication           : No active profile set, falling back to 1 default profile: "default"
2025-06-30 15:19:56.094  INFO 71135 --- [           main] .s.d.r.c.RepositoryConfigurationDelegate : Bootstrapping Spring Data JPA repositories in DEFAULT mode.
2025-06-30 15:19:56.161  INFO 71135 --- [           main] .s.d.r.c.RepositoryConfigurationDelegate : Finished Spring Data repository scanning in 63 ms. Found 1 JPA repository interfaces.
2025-06-30 15:19:56.249  INFO 71135 --- [           main] o.s.cloud.context.scope.GenericScope     : BeanFactory id=246cdcc1-44ee-36ae-bdc4-27c2147cb8b8
2025-06-30 15:19:56.411  INFO 71135 --- [           main] o.s.b.w.embedded.tomcat.TomcatWebServer  : Tomcat initialized with port(s): 8081 (http)
2025-06-30 15:19:56.415  INFO 71135 --- [           main] o.apache.catalina.core.StandardService   : Starting service [Tomcat]
2025-06-30 15:19:56.415  INFO 71135 --- [           main] org.apache.catalina.core.StandardEngine  : Starting Servlet engine: [Apache Tomcat/9.0.78]
2025-06-30 15:19:56.475  INFO 71135 --- [           main] o.a.c.c.C.[Tomcat].[localhost].[/]       : Initializing Spring embedded WebApplicationContext
2025-06-30 15:19:56.475  INFO 71135 --- [           main] w.s.c.ServletWebServerApplicationContext : Root WebApplicationContext: initialization completed in 618 ms
2025-06-30 15:19:56.491  INFO 71135 --- [           main] com.zaxxer.hikari.HikariDataSource       : HikariPool-1 - Starting...
2025-06-30 15:19:56.587  INFO 71135 --- [           main] com.zaxxer.hikari.HikariDataSource       : HikariPool-1 - Start completed.
2025-06-30 15:19:56.592  INFO 71135 --- [           main] o.s.b.a.h2.H2ConsoleAutoConfiguration    : H2 console available at '/h2-console'. Database available at 'jdbc:h2:mem:testdb'
2025-06-30 15:19:56.660  INFO 71135 --- [           main] o.hibernate.jpa.internal.util.LogHelper  : HHH000204: Processing PersistenceUnitInfo [name: default]
2025-06-30 15:19:56.683  INFO 71135 --- [           main] org.hibernate.Version                    : HHH000412: Hibernate ORM core version 5.6.15.Final
2025-06-30 15:19:56.752  INFO 71135 --- [           main] o.hibernate.annotations.common.Version   : HCANN000001: Hibernate Commons Annotations {5.1.2.Final}
2025-06-30 15:19:56.792  INFO 71135 --- [           main] org.hibernate.dialect.Dialect            : HHH000400: Using dialect: org.hibernate.dialect.H2Dialect
Hibernate: 
    
    drop table if exists products CASCADE 
Hibernate: 
    
    create table products (
       id bigint generated by default as identity,
        available boolean not null,
        category varchar(255) not null,
        color varchar(255),
        created_at timestamp,
        daily_rate numeric(19,2) not null,
        description varchar(1000),
        dimensions varchar(255),
        image_url varchar(255) not null,
        material varchar(255),
        name varchar(255) not null,
        price numeric(19,2) not null,
        quantity integer not null,
        specifications varchar(255),
        updated_at timestamp,
        primary key (id)
    )
2025-06-30 15:19:57.001  INFO 71135 --- [           main] o.h.e.t.j.p.i.JtaPlatformInitiator       : HHH000490: Using JtaPlatform implementation: [org.hibernate.engine.transaction.jta.platform.internal.NoJtaPlatform]
2025-06-30 15:19:57.005  INFO 71135 --- [           main] j.LocalContainerEntityManagerFactoryBean : Initialized JPA EntityManagerFactory for persistence unit 'default'
2025-06-30 15:19:57.196  WARN 71135 --- [           main] JpaBaseConfiguration$JpaWebConfiguration : spring.jpa.open-in-view is enabled by default. Therefore, database queries may be performed during view rendering. Explicitly configure spring.jpa.open-in-view to disable this warning
2025-06-30 15:19:57.353  INFO 71135 --- [           main] DiscoveryClientOptionalArgsConfiguration : Eureka HTTP Client uses RestTemplate.
2025-06-30 15:19:57.398  WARN 71135 --- [           main] iguration$LoadBalancerCaffeineWarnLogger : Spring Cloud LoadBalancer is currently working with the default cache. While this cache implementation is useful for development and tests, it's recommended to use Caffeine cache in production.You can switch to using Caffeine cache, by adding it and org.springframework.cache.caffeine.CaffeineCacheManager to the classpath.
2025-06-30 15:19:57.408  INFO 71135 --- [           main] o.s.c.n.eureka.InstanceInfoFactory       : Setting initial instance status as: STARTING
2025-06-30 15:19:57.443  INFO 71135 --- [           main] com.netflix.discovery.DiscoveryClient    : Initializing Eureka in region us-east-1
2025-06-30 15:19:57.446  INFO 71135 --- [           main] c.n.d.s.r.aws.ConfigClusterResolver      : Resolving eureka endpoints via configuration
2025-06-30 15:19:57.456  INFO 71135 --- [           main] com.netflix.discovery.DiscoveryClient    : Disable delta property : false
2025-06-30 15:19:57.456  INFO 71135 --- [           main] com.netflix.discovery.DiscoveryClient    : Single vip registry refresh property : null
2025-06-30 15:19:57.456  INFO 71135 --- [           main] com.netflix.discovery.DiscoveryClient    : Force full registry fetch : false
2025-06-30 15:19:57.456  INFO 71135 --- [           main] com.netflix.discovery.DiscoveryClient    : Application is null : false
2025-06-30 15:19:57.456  INFO 71135 --- [           main] com.netflix.discovery.DiscoveryClient    : Registered Applications size is zero : true
2025-06-30 15:19:57.456  INFO 71135 --- [           main] com.netflix.discovery.DiscoveryClient    : Application version is -1: true
2025-06-30 15:19:57.456  INFO 71135 --- [           main] com.netflix.discovery.DiscoveryClient    : Getting all instance registry info from the eureka server
2025-06-30 15:19:57.616  INFO 71135 --- [           main] com.netflix.discovery.DiscoveryClient    : The response status is 200
2025-06-30 15:19:57.617  INFO 71135 --- [           main] com.netflix.discovery.DiscoveryClient    : Starting heartbeat executor: renew interval is: 30
2025-06-30 15:19:57.618  INFO 71135 --- [           main] c.n.discovery.InstanceInfoReplicator     : InstanceInfoReplicator onDemand update allowed rate per min is 4
2025-06-30 15:19:57.620  INFO 71135 --- [           main] com.netflix.discovery.DiscoveryClient    : Discovery Client initialized at timestamp 1751289597619 with initial instances count: 0
2025-06-30 15:19:57.621  INFO 71135 --- [           main] o.s.c.n.e.s.EurekaServiceRegistry        : Registering application PRODUCT-SERVICE with eureka with status UP
2025-06-30 15:19:57.621  INFO 71135 --- [           main] com.netflix.discovery.DiscoveryClient    : Saw local status change event StatusChangeEvent [timestamp=1751289597621, current=UP, previous=STARTING]
2025-06-30 15:19:57.622  INFO 71135 --- [nfoReplicator-0] com.netflix.discovery.DiscoveryClient    : DiscoveryClient_PRODUCT-SERVICE/product-service:8081: registering service...
2025-06-30 15:19:57.631  INFO 71135 --- [           main] o.s.b.w.embedded.tomcat.TomcatWebServer  : Tomcat started on port(s): 8081 (http) with context path ''
2025-06-30 15:19:57.632  INFO 71135 --- [           main] .s.c.n.e.s.EurekaAutoServiceRegistration : Updating port to 8081
2025-06-30 15:19:57.637  INFO 71135 --- [nfoReplicator-0] com.netflix.discovery.DiscoveryClient    : DiscoveryClient_PRODUCT-SERVICE/product-service:8081 - registration status: 204
2025-06-30 15:19:57.638  INFO 71135 --- [           main] c.n.product.ProductApplication           : Started ProductApplication in 2.017 seconds (JVM running for 2.178)
2025-06-30 15:20:27.623  INFO 71135 --- [freshExecutor-0] com.netflix.discovery.DiscoveryClient    : Disable delta property : false
2025-06-30 15:20:27.624  INFO 71135 --- [freshExecutor-0] com.netflix.discovery.DiscoveryClient    : Single vip registry refresh property : null
2025-06-30 15:20:27.624  INFO 71135 --- [freshExecutor-0] com.netflix.discovery.DiscoveryClient    : Force full registry fetch : false
2025-06-30 15:20:27.624  INFO 71135 --- [freshExecutor-0] com.netflix.discovery.DiscoveryClient    : Application is null : false
2025-06-30 15:20:27.624  INFO 71135 --- [freshExecutor-0] com.netflix.discovery.DiscoveryClient    : Registered Applications size is zero : true
2025-06-30 15:20:27.624  INFO 71135 --- [freshExecutor-0] com.netflix.discovery.DiscoveryClient    : Application version is -1: false
2025-06-30 15:20:27.624  INFO 71135 --- [freshExecutor-0] com.netflix.discovery.DiscoveryClient    : Getting all instance registry info from the eureka server
2025-06-30 15:20:27.651  INFO 71135 --- [freshExecutor-0] com.netflix.discovery.DiscoveryClient    : The response status is 200
2025-06-30 15:24:57.459  INFO 71135 --- [trap-executor-0] c.n.d.s.r.aws.ConfigClusterResolver      : Resolving eureka endpoints via configuration
2025-06-30 15:29:57.502  INFO 71135 --- [trap-executor-0] c.n.d.s.r.aws.ConfigClusterResolver      : Resolving eureka endpoints via configuration
2025-06-30 15:34:45.829  WARN 71135 --- [l-1 housekeeper] com.zaxxer.hikari.pool.HikariPool        : HikariPool-1 - Thread starvation or clock leap detected (housekeeper delta=48s934ms).
2025-06-30 15:35:16.441  INFO 71135 --- [trap-executor-0] c.n.d.s.r.aws.ConfigClusterResolver      : Resolving eureka endpoints via configuration
2025-06-30 15:40:16.450  INFO 71135 --- [trap-executor-0] c.n.d.s.r.aws.ConfigClusterResolver      : Resolving eureka endpoints via configuration
2025-06-30 15:45:16.463  INFO 71135 --- [trap-executor-0] c.n.d.s.r.aws.ConfigClusterResolver      : Resolving eureka endpoints via configuration
2025-06-30 15:50:16.475  INFO 71135 --- [trap-executor-0] c.n.d.s.r.aws.ConfigClusterResolver      : Resolving eureka endpoints via configuration
2025-06-30 15:55:16.486  INFO 71135 --- [trap-executor-0] c.n.d.s.r.aws.ConfigClusterResolver      : Resolving eureka endpoints via configuration
2025-06-30 15:58:53.088  WARN 71135 --- [l-1 housekeeper] com.zaxxer.hikari.pool.HikariPool        : HikariPool-1 - Thread starvation or clock leap detected (housekeeper delta=1m37s22ms).
2025-06-30 16:01:23.510  INFO 71135 --- [trap-executor-0] c.n.d.s.r.aws.ConfigClusterResolver      : Resolving eureka endpoints via configuration
2025-06-30 16:06:23.525  INFO 71135 --- [trap-executor-0] c.n.d.s.r.aws.ConfigClusterResolver      : Resolving eureka endpoints via configuration
2025-06-30 16:11:23.532  INFO 71135 --- [trap-executor-0] c.n.d.s.r.aws.ConfigClusterResolver      : Resolving eureka endpoints via configuration
2025-06-30 16:16:23.540  INFO 71135 --- [trap-executor-0] c.n.d.s.r.aws.ConfigClusterResolver      : Resolving eureka endpoints via configuration
2025-06-30 16:19:44.564  WARN 71135 --- [l-1 housekeeper] com.zaxxer.hikari.pool.HikariPool        : HikariPool-1 - Thread starvation or clock leap detected (housekeeper delta=2m51s233ms).
2025-06-30 16:38:23.334  WARN 71135 --- [l-1 housekeeper] com.zaxxer.hikari.pool.HikariPool        : HikariPool-1 - Thread starvation or clock leap detected (housekeeper delta=17m8s758ms).
2025-06-30 16:38:26.060  INFO 71135 --- [tbeatExecutor-0] com.netflix.discovery.DiscoveryClient    : DiscoveryClient_PRODUCT-SERVICE/product-service:8081 - Re-registering apps/PRODUCT-SERVICE
2025-06-30 16:38:26.061  INFO 71135 --- [tbeatExecutor-0] com.netflix.discovery.DiscoveryClient    : DiscoveryClient_PRODUCT-SERVICE/product-service:8081: registering service...
2025-06-30 16:38:26.083  INFO 71135 --- [tbeatExecutor-0] com.netflix.discovery.DiscoveryClient    : DiscoveryClient_PRODUCT-SERVICE/product-service:8081 - registration status: 204
2025-06-30 16:55:54.921  WARN 71135 --- [l-1 housekeeper] com.zaxxer.hikari.pool.HikariPool        : HikariPool-1 - Thread starvation or clock leap detected (housekeeper delta=16m29s334ms).
2025-06-30 16:55:57.670  INFO 71135 --- [tbeatExecutor-0] com.netflix.discovery.DiscoveryClient    : DiscoveryClient_PRODUCT-SERVICE/product-service:8081 - Re-registering apps/PRODUCT-SERVICE
2025-06-30 16:55:57.670  INFO 71135 --- [tbeatExecutor-0] com.netflix.discovery.DiscoveryClient    : DiscoveryClient_PRODUCT-SERVICE/product-service:8081: registering service...
2025-06-30 16:55:57.676  INFO 71135 --- [tbeatExecutor-0] com.netflix.discovery.DiscoveryClient    : DiscoveryClient_PRODUCT-SERVICE/product-service:8081 - registration status: 204
2025-06-30 16:56:26.356  INFO 71135 --- [trap-executor-0] c.n.d.s.r.aws.ConfigClusterResolver      : Resolving eureka endpoints via configuration
2025-06-30 16:58:22.746  WARN 71135 --- [l-1 housekeeper] com.zaxxer.hikari.pool.HikariPool        : HikariPool-1 - Thread starvation or clock leap detected (housekeeper delta=1m23s233ms).
2025-06-30 17:01:30.227  WARN 71135 --- [l-1 housekeeper] com.zaxxer.hikari.pool.HikariPool        : HikariPool-1 - Thread starvation or clock leap detected (housekeeper delta=1m7s464ms).
2025-06-30 17:02:35.252  WARN 71135 --- [l-1 housekeeper] com.zaxxer.hikari.pool.HikariPool        : HikariPool-1 - Thread starvation or clock leap detected (housekeeper delta=1m5s26ms).
2025-06-30 17:03:35.379  INFO 71135 --- [trap-executor-0] c.n.d.s.r.aws.ConfigClusterResolver      : Resolving eureka endpoints via configuration
2025-06-30 17:08:35.382  INFO 71135 --- [trap-executor-0] c.n.d.s.r.aws.ConfigClusterResolver      : Resolving eureka endpoints via configuration
2025-06-30 17:11:00.463  WARN 71135 --- [l-1 housekeeper] com.zaxxer.hikari.pool.HikariPool        : HikariPool-1 - Thread starvation or clock leap detected (housekeeper delta=1m55s147ms).
2025-06-30 17:22:52.676  WARN 71135 --- [l-1 housekeeper] com.zaxxer.hikari.pool.HikariPool        : HikariPool-1 - Thread starvation or clock leap detected (housekeeper delta=8m22s183ms).
2025-06-30 17:22:52.706  INFO 71135 --- [trap-executor-0] c.n.d.s.r.aws.ConfigClusterResolver      : Resolving eureka endpoints via configuration
2025-06-30 17:22:55.574  INFO 71135 --- [tbeatExecutor-0] com.netflix.discovery.DiscoveryClient    : DiscoveryClient_PRODUCT-SERVICE/product-service:8081 - Re-registering apps/PRODUCT-SERVICE
2025-06-30 17:22:55.574  INFO 71135 --- [tbeatExecutor-0] com.netflix.discovery.DiscoveryClient    : DiscoveryClient_PRODUCT-SERVICE/product-service:8081: registering service...
2025-06-30 17:22:55.582  INFO 71135 --- [tbeatExecutor-0] com.netflix.discovery.DiscoveryClient    : DiscoveryClient_PRODUCT-SERVICE/product-service:8081 - registration status: 204
2025-06-30 17:39:06.208  WARN 71135 --- [l-1 housekeeper] com.zaxxer.hikari.pool.HikariPool        : HikariPool-1 - Thread starvation or clock leap detected (housekeeper delta=16m13s486ms).
2025-06-30 17:39:09.123  INFO 71135 --- [tbeatExecutor-0] com.netflix.discovery.DiscoveryClient    : DiscoveryClient_PRODUCT-SERVICE/product-service:8081 - Re-registering apps/PRODUCT-SERVICE
2025-06-30 17:39:09.124  INFO 71135 --- [tbeatExecutor-0] com.netflix.discovery.DiscoveryClient    : DiscoveryClient_PRODUCT-SERVICE/product-service:8081: registering service...
2025-06-30 17:39:09.142  INFO 71135 --- [tbeatExecutor-0] com.netflix.discovery.DiscoveryClient    : DiscoveryClient_PRODUCT-SERVICE/product-service:8081 - registration status: 204
2025-06-30 17:57:32.144  WARN 71135 --- [l-1 housekeeper] com.zaxxer.hikari.pool.HikariPool        : HikariPool-1 - Thread starvation or clock leap detected (housekeeper delta=17m22s748ms).
2025-06-30 18:14:42.773  WARN 71135 --- [l-1 housekeeper] com.zaxxer.hikari.pool.HikariPool        : HikariPool-1 - Thread starvation or clock leap detected (housekeeper delta=16m39s356ms).
2025-06-30 18:14:46.335  INFO 71135 --- [tbeatExecutor-0] com.netflix.discovery.DiscoveryClient    : DiscoveryClient_PRODUCT-SERVICE/product-service:8081 - Re-registering apps/PRODUCT-SERVICE
2025-06-30 18:14:46.336  INFO 71135 --- [tbeatExecutor-0] com.netflix.discovery.DiscoveryClient    : DiscoveryClient_PRODUCT-SERVICE/product-service:8081: registering service...
2025-06-30 18:14:46.344  INFO 71135 --- [tbeatExecutor-0] com.netflix.discovery.DiscoveryClient    : DiscoveryClient_PRODUCT-SERVICE/product-service:8081 - registration status: 204
2025-06-30 18:31:57.063  WARN 71135 --- [l-1 housekeeper] com.zaxxer.hikari.pool.HikariPool        : HikariPool-1 - Thread starvation or clock leap detected (housekeeper delta=16m10s564ms).
2025-06-30 18:32:00.899  INFO 71135 --- [tbeatExecutor-0] com.netflix.discovery.DiscoveryClient    : DiscoveryClient_PRODUCT-SERVICE/product-service:8081 - Re-registering apps/PRODUCT-SERVICE
2025-06-30 18:32:00.899  INFO 71135 --- [tbeatExecutor-0] com.netflix.discovery.DiscoveryClient    : DiscoveryClient_PRODUCT-SERVICE/product-service:8081: registering service...
2025-06-30 18:32:00.907  INFO 71135 --- [tbeatExecutor-0] com.netflix.discovery.DiscoveryClient    : DiscoveryClient_PRODUCT-SERVICE/product-service:8081 - registration status: 204
2025-06-30 18:32:29.813  INFO 71135 --- [trap-executor-0] c.n.d.s.r.aws.ConfigClusterResolver      : Resolving eureka endpoints via configuration
2025-06-30 18:51:21.739  WARN 71135 --- [l-1 housekeeper] com.zaxxer.hikari.pool.HikariPool        : HikariPool-1 - Thread starvation or clock leap detected (housekeeper delta=18m21s73ms).
2025-06-30 18:51:25.017  INFO 71135 --- [tbeatExecutor-0] com.netflix.discovery.DiscoveryClient    : DiscoveryClient_PRODUCT-SERVICE/product-service:8081 - Re-registering apps/PRODUCT-SERVICE
2025-06-30 18:51:25.019  INFO 71135 --- [tbeatExecutor-0] com.netflix.discovery.DiscoveryClient    : DiscoveryClient_PRODUCT-SERVICE/product-service:8081: registering service...
2025-06-30 18:51:25.054  INFO 71135 --- [tbeatExecutor-0] com.netflix.discovery.DiscoveryClient    : DiscoveryClient_PRODUCT-SERVICE/product-service:8081 - registration status: 204
2025-06-30 19:10:35.369  WARN 71135 --- [l-1 housekeeper] com.zaxxer.hikari.pool.HikariPool        : HikariPool-1 - Thread starvation or clock leap detected (housekeeper delta=18m13s607ms).
2025-06-30 19:10:38.687  INFO 71135 --- [tbeatExecutor-0] com.netflix.discovery.DiscoveryClient    : DiscoveryClient_PRODUCT-SERVICE/product-service:8081 - Re-registering apps/PRODUCT-SERVICE
2025-06-30 19:10:38.688  INFO 71135 --- [tbeatExecutor-0] com.netflix.discovery.DiscoveryClient    : DiscoveryClient_PRODUCT-SERVICE/product-service:8081: registering service...
2025-06-30 19:10:38.691  INFO 71135 --- [tbeatExecutor-0] com.netflix.discovery.DiscoveryClient    : DiscoveryClient_PRODUCT-SERVICE/product-service:8081 - registration status: 204
2025-06-30 19:40:20.059  WARN 71135 --- [l-1 housekeeper] com.zaxxer.hikari.pool.HikariPool        : HikariPool-1 - Thread starvation or clock leap detected (housekeeper delta=28m41s47ms).
2025-06-30 19:40:24.089  INFO 71135 --- [tbeatExecutor-0] com.netflix.discovery.DiscoveryClient    : DiscoveryClient_PRODUCT-SERVICE/product-service:8081 - Re-registering apps/PRODUCT-SERVICE
2025-06-30 19:40:24.089  INFO 71135 --- [tbeatExecutor-0] com.netflix.discovery.DiscoveryClient    : DiscoveryClient_PRODUCT-SERVICE/product-service:8081: registering service...
2025-06-30 19:40:24.094  INFO 71135 --- [tbeatExecutor-0] com.netflix.discovery.DiscoveryClient    : DiscoveryClient_PRODUCT-SERVICE/product-service:8081 - registration status: 204
2025-06-30 19:41:24.769  INFO 71135 --- [trap-executor-0] c.n.d.s.r.aws.ConfigClusterResolver      : Resolving eureka endpoints via configuration
2025-06-30 19:57:40.007  WARN 71135 --- [l-1 housekeeper] com.zaxxer.hikari.pool.HikariPool        : HikariPool-1 - Thread starvation or clock leap detected (housekeeper delta=16m15s36ms).
2025-06-30 19:57:43.382  INFO 71135 --- [tbeatExecutor-0] com.netflix.discovery.DiscoveryClient    : DiscoveryClient_PRODUCT-SERVICE/product-service:8081 - Re-registering apps/PRODUCT-SERVICE
2025-06-30 19:57:43.382  INFO 71135 --- [tbeatExecutor-0] com.netflix.discovery.DiscoveryClient    : DiscoveryClient_PRODUCT-SERVICE/product-service:8081: registering service...
2025-06-30 19:57:43.399  INFO 71135 --- [tbeatExecutor-0] com.netflix.discovery.DiscoveryClient    : DiscoveryClient_PRODUCT-SERVICE/product-service:8081 - registration status: 204
2025-06-30 20:15:01.520  WARN 71135 --- [l-1 housekeeper] com.zaxxer.hikari.pool.HikariPool        : HikariPool-1 - Thread starvation or clock leap detected (housekeeper delta=16m49s449ms).
2025-06-30 20:15:04.923  INFO 71135 --- [tbeatExecutor-0] com.netflix.discovery.DiscoveryClient    : DiscoveryClient_PRODUCT-SERVICE/product-service:8081 - Re-registering apps/PRODUCT-SERVICE
2025-06-30 20:15:04.924  INFO 71135 --- [tbeatExecutor-0] com.netflix.discovery.DiscoveryClient    : DiscoveryClient_PRODUCT-SERVICE/product-service:8081: registering service...
2025-06-30 20:15:04.929  INFO 71135 --- [tbeatExecutor-0] com.netflix.discovery.DiscoveryClient    : DiscoveryClient_PRODUCT-SERVICE/product-service:8081 - registration status: 204
2025-06-30 20:15:37.682  INFO 71135 --- [freshExecutor-0] com.netflix.discovery.DiscoveryClient    : Disable delta property : false
2025-06-30 20:15:37.683  INFO 71135 --- [freshExecutor-0] com.netflix.discovery.DiscoveryClient    : Single vip registry refresh property : null
2025-06-30 20:15:37.683  INFO 71135 --- [freshExecutor-0] com.netflix.discovery.DiscoveryClient    : Force full registry fetch : false
2025-06-30 20:15:37.683  INFO 71135 --- [freshExecutor-0] com.netflix.discovery.DiscoveryClient    : Application is null : false
2025-06-30 20:15:37.683  INFO 71135 --- [freshExecutor-0] com.netflix.discovery.DiscoveryClient    : Registered Applications size is zero : true
2025-06-30 20:15:37.683  INFO 71135 --- [freshExecutor-0] com.netflix.discovery.DiscoveryClient    : Application version is -1: false
2025-06-30 20:15:37.683  INFO 71135 --- [freshExecutor-0] com.netflix.discovery.DiscoveryClient    : Getting all instance registry info from the eureka server
2025-06-30 20:15:37.690  INFO 71135 --- [freshExecutor-0] com.netflix.discovery.DiscoveryClient    : The response status is 200
2025-06-30 20:40:07.896  WARN 71135 --- [l-1 housekeeper] com.zaxxer.hikari.pool.HikariPool        : HikariPool-1 - Thread starvation or clock leap detected (housekeeper delta=24m2s481ms).
2025-06-30 20:40:11.338  INFO 71135 --- [tbeatExecutor-0] com.netflix.discovery.DiscoveryClient    : DiscoveryClient_PRODUCT-SERVICE/product-service:8081 - Re-registering apps/PRODUCT-SERVICE
2025-06-30 20:40:11.338  INFO 71135 --- [tbeatExecutor-0] com.netflix.discovery.DiscoveryClient    : DiscoveryClient_PRODUCT-SERVICE/product-service:8081: registering service...
2025-06-30 20:40:11.342  INFO 71135 --- [tbeatExecutor-0] com.netflix.discovery.DiscoveryClient    : DiscoveryClient_PRODUCT-SERVICE/product-service:8081 - registration status: 204
2025-06-30 20:58:33.887  WARN 71135 --- [l-1 housekeeper] com.zaxxer.hikari.pool.HikariPool        : HikariPool-1 - Thread starvation or clock leap detected (housekeeper delta=17m21s864ms).
2025-06-30 20:58:37.365  INFO 71135 --- [tbeatExecutor-0] com.netflix.discovery.DiscoveryClient    : DiscoveryClient_PRODUCT-SERVICE/product-service:8081 - Re-registering apps/PRODUCT-SERVICE
2025-06-30 20:58:37.366  INFO 71135 --- [tbeatExecutor-0] com.netflix.discovery.DiscoveryClient    : DiscoveryClient_PRODUCT-SERVICE/product-service:8081: registering service...
2025-06-30 20:58:37.370  INFO 71135 --- [tbeatExecutor-0] com.netflix.discovery.DiscoveryClient    : DiscoveryClient_PRODUCT-SERVICE/product-service:8081 - registration status: 204
2025-06-30 20:59:03.684  INFO 71135 --- [trap-executor-0] c.n.d.s.r.aws.ConfigClusterResolver      : Resolving eureka endpoints via configuration
2025-06-30 21:15:51.560  WARN 71135 --- [l-1 housekeeper] com.zaxxer.hikari.pool.HikariPool        : HikariPool-1 - Thread starvation or clock leap detected (housekeeper delta=16m17s651ms).
2025-06-30 21:15:55.641  INFO 71135 --- [tbeatExecutor-0] com.netflix.discovery.DiscoveryClient    : DiscoveryClient_PRODUCT-SERVICE/product-service:8081 - Re-registering apps/PRODUCT-SERVICE
2025-06-30 21:15:55.641  INFO 71135 --- [tbeatExecutor-0] com.netflix.discovery.DiscoveryClient    : DiscoveryClient_PRODUCT-SERVICE/product-service:8081: registering service...
2025-06-30 21:15:55.644  INFO 71135 --- [tbeatExecutor-0] com.netflix.discovery.DiscoveryClient    : DiscoveryClient_PRODUCT-SERVICE/product-service:8081 - registration status: 204
2025-06-30 21:26:04.059  WARN 71135 --- [l-1 housekeeper] com.zaxxer.hikari.pool.HikariPool        : HikariPool-1 - Thread starvation or clock leap detected (housekeeper delta=9m6s223ms).
2025-06-30 21:41:14.469  INFO 71135 --- [tbeatExecutor-0] com.netflix.discovery.DiscoveryClient    : DiscoveryClient_PRODUCT-SERVICE/product-service:8081 - Re-registering apps/PRODUCT-SERVICE
2025-06-30 21:41:14.469  INFO 71135 --- [tbeatExecutor-0] com.netflix.discovery.DiscoveryClient    : DiscoveryClient_PRODUCT-SERVICE/product-service:8081: registering service...
2025-06-30 21:41:14.480  INFO 71135 --- [tbeatExecutor-0] com.netflix.discovery.DiscoveryClient    : DiscoveryClient_PRODUCT-SERVICE/product-service:8081 - registration status: 204
2025-06-30 21:41:42.801  WARN 71135 --- [l-1 housekeeper] com.zaxxer.hikari.pool.HikariPool        : HikariPool-1 - Thread starvation or clock leap detected (housekeeper delta=15m38s742ms).
2025-06-30 21:58:59.232  INFO 71135 --- [tbeatExecutor-0] com.netflix.discovery.DiscoveryClient    : DiscoveryClient_PRODUCT-SERVICE/product-service:8081 - Re-registering apps/PRODUCT-SERVICE
2025-06-30 21:58:59.232  INFO 71135 --- [tbeatExecutor-0] com.netflix.discovery.DiscoveryClient    : DiscoveryClient_PRODUCT-SERVICE/product-service:8081: registering service...
2025-06-30 21:58:59.237  INFO 71135 --- [tbeatExecutor-0] com.netflix.discovery.DiscoveryClient    : DiscoveryClient_PRODUCT-SERVICE/product-service:8081 - registration status: 204
2025-06-30 21:59:27.943  WARN 71135 --- [l-1 housekeeper] com.zaxxer.hikari.pool.HikariPool        : HikariPool-1 - Thread starvation or clock leap detected (housekeeper delta=16m41s46ms).
2025-06-30 21:59:31.497  INFO 71135 --- [freshExecutor-0] com.netflix.discovery.DiscoveryClient    : Disable delta property : false
2025-06-30 21:59:31.497  INFO 71135 --- [freshExecutor-0] com.netflix.discovery.DiscoveryClient    : Single vip registry refresh property : null
2025-06-30 21:59:31.497  INFO 71135 --- [freshExecutor-0] com.netflix.discovery.DiscoveryClient    : Force full registry fetch : false
2025-06-30 21:59:31.497  INFO 71135 --- [freshExecutor-0] com.netflix.discovery.DiscoveryClient    : Application is null : false
2025-06-30 21:59:31.497  INFO 71135 --- [freshExecutor-0] com.netflix.discovery.DiscoveryClient    : Registered Applications size is zero : true
2025-06-30 21:59:31.498  INFO 71135 --- [freshExecutor-0] com.netflix.discovery.DiscoveryClient    : Application version is -1: false
2025-06-30 21:59:31.498  INFO 71135 --- [freshExecutor-0] com.netflix.discovery.DiscoveryClient    : Getting all instance registry info from the eureka server
2025-06-30 21:59:31.513  INFO 71135 --- [freshExecutor-0] com.netflix.discovery.DiscoveryClient    : The response status is 200
2025-06-30 21:59:59.463  INFO 71135 --- [trap-executor-0] c.n.d.s.r.aws.ConfigClusterResolver      : Resolving eureka endpoints via configuration
2025-06-30 22:18:19.355  WARN 71135 --- [l-1 housekeeper] com.zaxxer.hikari.pool.HikariPool        : HikariPool-1 - Thread starvation or clock leap detected (housekeeper delta=18m19s607ms).
2025-06-30 22:18:22.938  INFO 71135 --- [tbeatExecutor-0] com.netflix.discovery.DiscoveryClient    : DiscoveryClient_PRODUCT-SERVICE/product-service:8081 - Re-registering apps/PRODUCT-SERVICE
2025-06-30 22:18:22.939  INFO 71135 --- [tbeatExecutor-0] com.netflix.discovery.DiscoveryClient    : DiscoveryClient_PRODUCT-SERVICE/product-service:8081: registering service...
2025-06-30 22:18:22.943  INFO 71135 --- [tbeatExecutor-0] com.netflix.discovery.DiscoveryClient    : DiscoveryClient_PRODUCT-SERVICE/product-service:8081 - registration status: 204
2025-06-30 22:43:06.737  WARN 71135 --- [l-1 housekeeper] com.zaxxer.hikari.pool.HikariPool        : HikariPool-1 - Thread starvation or clock leap detected (housekeeper delta=23m45s704ms).
2025-06-30 22:43:11.218  INFO 71135 --- [tbeatExecutor-0] com.netflix.discovery.DiscoveryClient    : DiscoveryClient_PRODUCT-SERVICE/product-service:8081 - Re-registering apps/PRODUCT-SERVICE
2025-06-30 22:43:11.218  INFO 71135 --- [tbeatExecutor-0] com.netflix.discovery.DiscoveryClient    : DiscoveryClient_PRODUCT-SERVICE/product-service:8081: registering service...
2025-06-30 22:43:11.221  INFO 71135 --- [tbeatExecutor-0] com.netflix.discovery.DiscoveryClient    : DiscoveryClient_PRODUCT-SERVICE/product-service:8081 - registration status: 204
2025-06-30 22:58:35.422  WARN 71135 --- [l-1 housekeeper] com.zaxxer.hikari.pool.HikariPool        : HikariPool-1 - Thread starvation or clock leap detected (housekeeper delta=14m24s141ms).
2025-06-30 22:58:39.094  INFO 71135 --- [tbeatExecutor-0] com.netflix.discovery.DiscoveryClient    : DiscoveryClient_PRODUCT-SERVICE/product-service:8081 - Re-registering apps/PRODUCT-SERVICE
2025-06-30 22:58:39.096  INFO 71135 --- [tbeatExecutor-0] com.netflix.discovery.DiscoveryClient    : DiscoveryClient_PRODUCT-SERVICE/product-service:8081: registering service...
2025-06-30 22:58:39.108  INFO 71135 --- [tbeatExecutor-0] com.netflix.discovery.DiscoveryClient    : DiscoveryClient_PRODUCT-SERVICE/product-service:8081 - registration status: 204
2025-06-30 23:18:06.114  INFO 71135 --- [trap-executor-0] c.n.d.s.r.aws.ConfigClusterResolver      : Resolving eureka endpoints via configuration
2025-06-30 23:18:06.446  WARN 71135 --- [l-1 housekeeper] com.zaxxer.hikari.pool.HikariPool        : HikariPool-1 - Thread starvation or clock leap detected (housekeeper delta=18m27s378ms).
2025-06-30 23:18:10.143  INFO 71135 --- [tbeatExecutor-0] com.netflix.discovery.DiscoveryClient    : DiscoveryClient_PRODUCT-SERVICE/product-service:8081 - Re-registering apps/PRODUCT-SERVICE
2025-06-30 23:18:10.144  INFO 71135 --- [tbeatExecutor-0] com.netflix.discovery.DiscoveryClient    : DiscoveryClient_PRODUCT-SERVICE/product-service:8081: registering service...
2025-06-30 23:18:10.145  INFO 71135 --- [tbeatExecutor-0] com.netflix.discovery.DiscoveryClient    : DiscoveryClient_PRODUCT-SERVICE/product-service:8081 - registration status: 204
2025-06-30 23:28:01.971  WARN 71135 --- [l-1 housekeeper] com.zaxxer.hikari.pool.HikariPool        : HikariPool-1 - Thread starvation or clock leap detected (housekeeper delta=8m51s612ms).
2025-06-30 23:28:05.711  INFO 71135 --- [tbeatExecutor-0] com.netflix.discovery.DiscoveryClient    : DiscoveryClient_PRODUCT-SERVICE/product-service:8081 - Re-registering apps/PRODUCT-SERVICE
2025-06-30 23:28:05.712  INFO 71135 --- [tbeatExecutor-0] com.netflix.discovery.DiscoveryClient    : DiscoveryClient_PRODUCT-SERVICE/product-service:8081: registering service...
2025-06-30 23:28:05.724  INFO 71135 --- [tbeatExecutor-0] com.netflix.discovery.DiscoveryClient    : DiscoveryClient_PRODUCT-SERVICE/product-service:8081 - registration status: 204
2025-06-30 23:39:07.059  WARN 71135 --- [l-1 housekeeper] com.zaxxer.hikari.pool.HikariPool        : HikariPool-1 - Thread starvation or clock leap detected (housekeeper delta=11m5s89ms).
2025-06-30 23:39:10.815  INFO 71135 --- [tbeatExecutor-0] com.netflix.discovery.DiscoveryClient    : DiscoveryClient_PRODUCT-SERVICE/product-service:8081 - Re-registering apps/PRODUCT-SERVICE
2025-06-30 23:39:10.815  INFO 71135 --- [tbeatExecutor-0] com.netflix.discovery.DiscoveryClient    : DiscoveryClient_PRODUCT-SERVICE/product-service:8081: registering service...
2025-06-30 23:39:10.816  INFO 71135 --- [tbeatExecutor-0] com.netflix.discovery.DiscoveryClient    : DiscoveryClient_PRODUCT-SERVICE/product-service:8081 - registration status: 204
2025-06-30 23:56:00.566  WARN 71135 --- [l-1 housekeeper] com.zaxxer.hikari.pool.HikariPool        : HikariPool-1 - Thread starvation or clock leap detected (housekeeper delta=15m49s911ms).
2025-06-30 23:56:04.328  INFO 71135 --- [tbeatExecutor-0] com.netflix.discovery.DiscoveryClient    : DiscoveryClient_PRODUCT-SERVICE/product-service:8081 - Re-registering apps/PRODUCT-SERVICE
2025-06-30 23:56:04.328  INFO 71135 --- [tbeatExecutor-0] com.netflix.discovery.DiscoveryClient    : DiscoveryClient_PRODUCT-SERVICE/product-service:8081: registering service...
2025-06-30 23:56:04.330  INFO 71135 --- [tbeatExecutor-0] com.netflix.discovery.DiscoveryClient    : DiscoveryClient_PRODUCT-SERVICE/product-service:8081 - registration status: 204
2025-07-01 00:12:35.302  INFO 71135 --- [trap-executor-0] c.n.d.s.r.aws.ConfigClusterResolver      : Resolving eureka endpoints via configuration
2025-07-01 00:12:35.678  WARN 71135 --- [l-1 housekeeper] com.zaxxer.hikari.pool.HikariPool        : HikariPool-1 - Thread starvation or clock leap detected (housekeeper delta=15m29s957ms).
2025-07-01 00:12:41.033  INFO 71135 --- [tbeatExecutor-0] com.netflix.discovery.DiscoveryClient    : DiscoveryClient_PRODUCT-SERVICE/product-service:8081 - Re-registering apps/PRODUCT-SERVICE
2025-07-01 00:12:41.033  INFO 71135 --- [tbeatExecutor-0] com.netflix.discovery.DiscoveryClient    : DiscoveryClient_PRODUCT-SERVICE/product-service:8081: registering service...
2025-07-01 00:12:41.035  INFO 71135 --- [tbeatExecutor-0] com.netflix.discovery.DiscoveryClient    : DiscoveryClient_PRODUCT-SERVICE/product-service:8081 - registration status: 204
2025-07-01 00:29:16.503  WARN 71135 --- [l-1 housekeeper] com.zaxxer.hikari.pool.HikariPool        : HikariPool-1 - Thread starvation or clock leap detected (housekeeper delta=15m35s645ms).
2025-07-01 00:47:54.333  WARN 71135 --- [l-1 housekeeper] com.zaxxer.hikari.pool.HikariPool        : HikariPool-1 - Thread starvation or clock leap detected (housekeeper delta=17m37s819ms).
2025-07-01 00:47:58.145  INFO 71135 --- [tbeatExecutor-0] com.netflix.discovery.DiscoveryClient    : DiscoveryClient_PRODUCT-SERVICE/product-service:8081 - Re-registering apps/PRODUCT-SERVICE
2025-07-01 00:47:58.145  INFO 71135 --- [tbeatExecutor-0] com.netflix.discovery.DiscoveryClient    : DiscoveryClient_PRODUCT-SERVICE/product-service:8081: registering service...
2025-07-01 00:47:58.147  INFO 71135 --- [tbeatExecutor-0] com.netflix.discovery.DiscoveryClient    : DiscoveryClient_PRODUCT-SERVICE/product-service:8081 - registration status: 204
2025-07-01 01:07:18.958  WARN 71135 --- [l-1 housekeeper] com.zaxxer.hikari.pool.HikariPool        : HikariPool-1 - Thread starvation or clock leap detected (housekeeper delta=18m20s205ms).
2025-07-01 01:07:23.321  INFO 71135 --- [tbeatExecutor-0] com.netflix.discovery.DiscoveryClient    : DiscoveryClient_PRODUCT-SERVICE/product-service:8081 - Re-registering apps/PRODUCT-SERVICE
2025-07-01 01:07:23.321  INFO 71135 --- [tbeatExecutor-0] com.netflix.discovery.DiscoveryClient    : DiscoveryClient_PRODUCT-SERVICE/product-service:8081: registering service...
2025-07-01 01:07:23.326  INFO 71135 --- [tbeatExecutor-0] com.netflix.discovery.DiscoveryClient    : DiscoveryClient_PRODUCT-SERVICE/product-service:8081 - registration status: 204
2025-07-01 01:07:50.304  INFO 71135 --- [trap-executor-0] c.n.d.s.r.aws.ConfigClusterResolver      : Resolving eureka endpoints via configuration
2025-07-01 01:25:40.313  WARN 71135 --- [l-1 housekeeper] com.zaxxer.hikari.pool.HikariPool        : HikariPool-1 - Thread starvation or clock leap detected (housekeeper delta=17m18s665ms).
2025-07-01 01:25:44.660  INFO 71135 --- [tbeatExecutor-0] com.netflix.discovery.DiscoveryClient    : DiscoveryClient_PRODUCT-SERVICE/product-service:8081 - Re-registering apps/PRODUCT-SERVICE
2025-07-01 01:25:44.660  INFO 71135 --- [tbeatExecutor-0] com.netflix.discovery.DiscoveryClient    : DiscoveryClient_PRODUCT-SERVICE/product-service:8081: registering service...
2025-07-01 01:25:44.663  INFO 71135 --- [tbeatExecutor-0] com.netflix.discovery.DiscoveryClient    : DiscoveryClient_PRODUCT-SERVICE/product-service:8081 - registration status: 204
2025-07-01 01:40:12.091  WARN 71135 --- [l-1 housekeeper] com.zaxxer.hikari.pool.HikariPool        : HikariPool-1 - Thread starvation or clock leap detected (housekeeper delta=13m24s473ms).
2025-07-01 01:40:15.734  INFO 71135 --- [tbeatExecutor-0] com.netflix.discovery.DiscoveryClient    : DiscoveryClient_PRODUCT-SERVICE/product-service:8081 - Re-registering apps/PRODUCT-SERVICE
2025-07-01 01:40:15.734  INFO 71135 --- [tbeatExecutor-0] com.netflix.discovery.DiscoveryClient    : DiscoveryClient_PRODUCT-SERVICE/product-service:8081: registering service...
2025-07-01 01:40:15.741  INFO 71135 --- [tbeatExecutor-0] com.netflix.discovery.DiscoveryClient    : DiscoveryClient_PRODUCT-SERVICE/product-service:8081 - registration status: 204
2025-07-01 01:56:42.391  WARN 71135 --- [l-1 housekeeper] com.zaxxer.hikari.pool.HikariPool        : HikariPool-1 - Thread starvation or clock leap detected (housekeeper delta=16m290ms).
2025-07-01 01:56:46.049  INFO 71135 --- [tbeatExecutor-0] com.netflix.discovery.DiscoveryClient    : DiscoveryClient_PRODUCT-SERVICE/product-service:8081 - Re-registering apps/PRODUCT-SERVICE
2025-07-01 01:56:46.049  INFO 71135 --- [tbeatExecutor-0] com.netflix.discovery.DiscoveryClient    : DiscoveryClient_PRODUCT-SERVICE/product-service:8081: registering service...
2025-07-01 01:56:46.052  INFO 71135 --- [tbeatExecutor-0] com.netflix.discovery.DiscoveryClient    : DiscoveryClient_PRODUCT-SERVICE/product-service:8081 - registration status: 204
2025-07-01 02:30:52.446  INFO 71135 --- [trap-executor-0] c.n.d.s.r.aws.ConfigClusterResolver      : Resolving eureka endpoints via configuration
2025-07-01 02:30:53.156  WARN 71135 --- [l-1 housekeeper] com.zaxxer.hikari.pool.HikariPool        : HikariPool-1 - Thread starvation or clock leap detected (housekeeper delta=33m7s542ms).
2025-07-01 02:30:56.833  INFO 71135 --- [tbeatExecutor-0] com.netflix.discovery.DiscoveryClient    : DiscoveryClient_PRODUCT-SERVICE/product-service:8081 - Re-registering apps/PRODUCT-SERVICE
2025-07-01 02:30:56.833  INFO 71135 --- [tbeatExecutor-0] com.netflix.discovery.DiscoveryClient    : DiscoveryClient_PRODUCT-SERVICE/product-service:8081: registering service...
2025-07-01 02:30:56.835  INFO 71135 --- [tbeatExecutor-0] com.netflix.discovery.DiscoveryClient    : DiscoveryClient_PRODUCT-SERVICE/product-service:8081 - registration status: 204
2025-07-01 02:47:49.219  WARN 71135 --- [l-1 housekeeper] com.zaxxer.hikari.pool.HikariPool        : HikariPool-1 - Thread starvation or clock leap detected (housekeeper delta=16m56s63ms).
2025-07-01 02:47:52.898  INFO 71135 --- [tbeatExecutor-0] com.netflix.discovery.DiscoveryClient    : DiscoveryClient_PRODUCT-SERVICE/product-service:8081 - Re-registering apps/PRODUCT-SERVICE
2025-07-01 02:47:52.898  INFO 71135 --- [tbeatExecutor-0] com.netflix.discovery.DiscoveryClient    : DiscoveryClient_PRODUCT-SERVICE/product-service:8081: registering service...
2025-07-01 02:47:52.900  INFO 71135 --- [tbeatExecutor-0] com.netflix.discovery.DiscoveryClient    : DiscoveryClient_PRODUCT-SERVICE/product-service:8081 - registration status: 204
2025-07-01 03:48:21.420  WARN 71135 --- [l-1 housekeeper] com.zaxxer.hikari.pool.HikariPool        : HikariPool-1 - Thread starvation or clock leap detected (housekeeper delta=1h32s200ms).
2025-07-01 03:48:25.071  INFO 71135 --- [tbeatExecutor-0] com.netflix.discovery.DiscoveryClient    : DiscoveryClient_PRODUCT-SERVICE/product-service:8081 - Re-registering apps/PRODUCT-SERVICE
2025-07-01 03:48:25.071  INFO 71135 --- [tbeatExecutor-0] com.netflix.discovery.DiscoveryClient    : DiscoveryClient_PRODUCT-SERVICE/product-service:8081: registering service...
2025-07-01 03:48:25.073  INFO 71135 --- [tbeatExecutor-0] com.netflix.discovery.DiscoveryClient    : DiscoveryClient_PRODUCT-SERVICE/product-service:8081 - registration status: 204
2025-07-01 04:49:10.629  WARN 71135 --- [l-1 housekeeper] com.zaxxer.hikari.pool.HikariPool        : HikariPool-1 - Thread starvation or clock leap detected (housekeeper delta=1h19s197ms).
2025-07-01 04:49:14.325  INFO 71135 --- [tbeatExecutor-0] com.netflix.discovery.DiscoveryClient    : DiscoveryClient_PRODUCT-SERVICE/product-service:8081 - Re-registering apps/PRODUCT-SERVICE
2025-07-01 04:49:14.326  INFO 71135 --- [tbeatExecutor-0] com.netflix.discovery.DiscoveryClient    : DiscoveryClient_PRODUCT-SERVICE/product-service:8081: registering service...
2025-07-01 04:49:14.331  INFO 71135 --- [tbeatExecutor-0] com.netflix.discovery.DiscoveryClient    : DiscoveryClient_PRODUCT-SERVICE/product-service:8081 - registration status: 204
2025-07-01 05:23:17.338  WARN 71135 --- [l-1 housekeeper] com.zaxxer.hikari.pool.HikariPool        : HikariPool-1 - Thread starvation or clock leap detected (housekeeper delta=34m6s710ms).
2025-07-01 05:33:50.817  INFO 71135 --- [tbeatExecutor-0] com.netflix.discovery.DiscoveryClient    : DiscoveryClient_PRODUCT-SERVICE/product-service:8081 - Re-registering apps/PRODUCT-SERVICE
2025-07-01 05:33:50.817  INFO 71135 --- [tbeatExecutor-0] com.netflix.discovery.DiscoveryClient    : DiscoveryClient_PRODUCT-SERVICE/product-service:8081: registering service...
2025-07-01 05:33:50.818  INFO 71135 --- [tbeatExecutor-0] com.netflix.discovery.DiscoveryClient    : DiscoveryClient_PRODUCT-SERVICE/product-service:8081 - registration status: 204
2025-07-01 05:59:57.781  WARN 71135 --- [l-1 housekeeper] com.zaxxer.hikari.pool.HikariPool        : HikariPool-1 - Thread starvation or clock leap detected (housekeeper delta=36m40s443ms).
2025-07-01 06:00:01.489  INFO 71135 --- [tbeatExecutor-0] com.netflix.discovery.DiscoveryClient    : DiscoveryClient_PRODUCT-SERVICE/product-service:8081 - Re-registering apps/PRODUCT-SERVICE
2025-07-01 06:00:01.489  INFO 71135 --- [tbeatExecutor-0] com.netflix.discovery.DiscoveryClient    : DiscoveryClient_PRODUCT-SERVICE/product-service:8081: registering service...
2025-07-01 06:00:01.491  INFO 71135 --- [tbeatExecutor-0] com.netflix.discovery.DiscoveryClient    : DiscoveryClient_PRODUCT-SERVICE/product-service:8081 - registration status: 204
2025-07-01 06:01:56.990  INFO 71135 --- [trap-executor-0] c.n.d.s.r.aws.ConfigClusterResolver      : Resolving eureka endpoints via configuration
2025-07-01 06:17:28.470  WARN 71135 --- [l-1 housekeeper] com.zaxxer.hikari.pool.HikariPool        : HikariPool-1 - Thread starvation or clock leap detected (housekeeper delta=15m30s687ms).
2025-07-01 06:17:32.206  INFO 71135 --- [tbeatExecutor-0] com.netflix.discovery.DiscoveryClient    : DiscoveryClient_PRODUCT-SERVICE/product-service:8081 - Re-registering apps/PRODUCT-SERVICE
2025-07-01 06:17:32.206  INFO 71135 --- [tbeatExecutor-0] com.netflix.discovery.DiscoveryClient    : DiscoveryClient_PRODUCT-SERVICE/product-service:8081: registering service...
2025-07-01 06:17:32.210  INFO 71135 --- [tbeatExecutor-0] com.netflix.discovery.DiscoveryClient    : DiscoveryClient_PRODUCT-SERVICE/product-service:8081 - registration status: 204
2025-07-01 06:34:05.418  WARN 71135 --- [l-1 housekeeper] com.zaxxer.hikari.pool.HikariPool        : HikariPool-1 - Thread starvation or clock leap detected (housekeeper delta=15m32s466ms).
2025-07-01 06:34:09.878  INFO 71135 --- [tbeatExecutor-0] com.netflix.discovery.DiscoveryClient    : DiscoveryClient_PRODUCT-SERVICE/product-service:8081 - Re-registering apps/PRODUCT-SERVICE
2025-07-01 06:34:09.878  INFO 71135 --- [tbeatExecutor-0] com.netflix.discovery.DiscoveryClient    : DiscoveryClient_PRODUCT-SERVICE/product-service:8081: registering service...
2025-07-01 06:34:09.880  INFO 71135 --- [tbeatExecutor-0] com.netflix.discovery.DiscoveryClient    : DiscoveryClient_PRODUCT-SERVICE/product-service:8081 - registration status: 204
2025-07-01 06:52:55.022  WARN 71135 --- [l-1 housekeeper] com.zaxxer.hikari.pool.HikariPool        : HikariPool-1 - Thread starvation or clock leap detected (housekeeper delta=17m45s766ms).
2025-07-01 06:52:58.800  INFO 71135 --- [tbeatExecutor-0] com.netflix.discovery.DiscoveryClient    : DiscoveryClient_PRODUCT-SERVICE/product-service:8081 - Re-registering apps/PRODUCT-SERVICE
2025-07-01 06:52:58.800  INFO 71135 --- [tbeatExecutor-0] com.netflix.discovery.DiscoveryClient    : DiscoveryClient_PRODUCT-SERVICE/product-service:8081: registering service...
2025-07-01 06:52:58.803  INFO 71135 --- [tbeatExecutor-0] com.netflix.discovery.DiscoveryClient    : DiscoveryClient_PRODUCT-SERVICE/product-service:8081 - registration status: 204
2025-07-01 07:09:33.015  INFO 71135 --- [trap-executor-0] c.n.d.s.r.aws.ConfigClusterResolver      : Resolving eureka endpoints via configuration
2025-07-01 07:09:33.840  WARN 71135 --- [l-1 housekeeper] com.zaxxer.hikari.pool.HikariPool        : HikariPool-1 - Thread starvation or clock leap detected (housekeeper delta=15m33s580ms).
2025-07-01 07:09:37.842  INFO 71135 --- [tbeatExecutor-0] com.netflix.discovery.DiscoveryClient    : DiscoveryClient_PRODUCT-SERVICE/product-service:8081 - Re-registering apps/PRODUCT-SERVICE
2025-07-01 07:09:37.842  INFO 71135 --- [tbeatExecutor-0] com.netflix.discovery.DiscoveryClient    : DiscoveryClient_PRODUCT-SERVICE/product-service:8081: registering service...
2025-07-01 07:09:37.855  INFO 71135 --- [tbeatExecutor-0] com.netflix.discovery.DiscoveryClient    : DiscoveryClient_PRODUCT-SERVICE/product-service:8081 - registration status: 204
2025-07-01 07:28:41.990  WARN 71135 --- [l-1 housekeeper] com.zaxxer.hikari.pool.HikariPool        : HikariPool-1 - Thread starvation or clock leap detected (housekeeper delta=18m5s590ms).
2025-07-01 07:28:46.026  INFO 71135 --- [tbeatExecutor-0] com.netflix.discovery.DiscoveryClient    : DiscoveryClient_PRODUCT-SERVICE/product-service:8081 - Re-registering apps/PRODUCT-SERVICE
2025-07-01 07:28:46.026  INFO 71135 --- [tbeatExecutor-0] com.netflix.discovery.DiscoveryClient    : DiscoveryClient_PRODUCT-SERVICE/product-service:8081: registering service...
2025-07-01 07:28:46.029  INFO 71135 --- [tbeatExecutor-0] com.netflix.discovery.DiscoveryClient    : DiscoveryClient_PRODUCT-SERVICE/product-service:8081 - registration status: 204
2025-07-01 07:35:05.505  INFO 71135 --- [tbeatExecutor-0] com.netflix.discovery.DiscoveryClient    : DiscoveryClient_PRODUCT-SERVICE/product-service:8081 - Re-registering apps/PRODUCT-SERVICE
2025-07-01 07:35:05.506  INFO 71135 --- [tbeatExecutor-0] com.netflix.discovery.DiscoveryClient    : DiscoveryClient_PRODUCT-SERVICE/product-service:8081: registering service...
2025-07-01 07:35:05.508  INFO 71135 --- [tbeatExecutor-0] com.netflix.discovery.DiscoveryClient    : DiscoveryClient_PRODUCT-SERVICE/product-service:8081 - registration status: 204
2025-07-01 07:52:25.579  WARN 71135 --- [l-1 housekeeper] com.zaxxer.hikari.pool.HikariPool        : HikariPool-1 - Thread starvation or clock leap detected (housekeeper delta=22m39s358ms).
2025-07-01 07:52:29.707  INFO 71135 --- [tbeatExecutor-0] com.netflix.discovery.DiscoveryClient    : DiscoveryClient_PRODUCT-SERVICE/product-service:8081 - Re-registering apps/PRODUCT-SERVICE
2025-07-01 07:52:29.707  INFO 71135 --- [tbeatExecutor-0] com.netflix.discovery.DiscoveryClient    : DiscoveryClient_PRODUCT-SERVICE/product-service:8081: registering service...
2025-07-01 07:52:29.721  INFO 71135 --- [tbeatExecutor-0] com.netflix.discovery.DiscoveryClient    : DiscoveryClient_PRODUCT-SERVICE/product-service:8081 - registration status: 204
2025-07-01 08:11:25.750  WARN 71135 --- [l-1 housekeeper] com.zaxxer.hikari.pool.HikariPool        : HikariPool-1 - Thread starvation or clock leap detected (housekeeper delta=18m28s409ms).
2025-07-01 08:11:29.810  INFO 71135 --- [tbeatExecutor-0] com.netflix.discovery.DiscoveryClient    : DiscoveryClient_PRODUCT-SERVICE/product-service:8081 - Re-registering apps/PRODUCT-SERVICE
2025-07-01 08:11:29.810  INFO 71135 --- [tbeatExecutor-0] com.netflix.discovery.DiscoveryClient    : DiscoveryClient_PRODUCT-SERVICE/product-service:8081: registering service...
2025-07-01 08:11:29.812  INFO 71135 --- [tbeatExecutor-0] com.netflix.discovery.DiscoveryClient    : DiscoveryClient_PRODUCT-SERVICE/product-service:8081 - registration status: 204
2025-07-01 08:12:27.760  INFO 71135 --- [trap-executor-0] c.n.d.s.r.aws.ConfigClusterResolver      : Resolving eureka endpoints via configuration
2025-07-01 08:30:26.824  INFO 71135 --- [tbeatExecutor-0] com.netflix.discovery.DiscoveryClient    : DiscoveryClient_PRODUCT-SERVICE/product-service:8081 - Re-registering apps/PRODUCT-SERVICE
2025-07-01 08:30:26.825  INFO 71135 --- [tbeatExecutor-0] com.netflix.discovery.DiscoveryClient    : DiscoveryClient_PRODUCT-SERVICE/product-service:8081: registering service...
2025-07-01 08:30:26.828  INFO 71135 --- [tbeatExecutor-0] com.netflix.discovery.DiscoveryClient    : DiscoveryClient_PRODUCT-SERVICE/product-service:8081 - registration status: 204
2025-07-01 08:49:33.555  WARN 71135 --- [l-1 housekeeper] com.zaxxer.hikari.pool.HikariPool        : HikariPool-1 - Thread starvation or clock leap detected (housekeeper delta=36m34s907ms).
2025-07-01 08:50:29.938  INFO 71135 --- [tbeatExecutor-0] com.netflix.discovery.DiscoveryClient    : DiscoveryClient_PRODUCT-SERVICE/product-service:8081 - Re-registering apps/PRODUCT-SERVICE
2025-07-01 08:50:29.938  INFO 71135 --- [tbeatExecutor-0] com.netflix.discovery.DiscoveryClient    : DiscoveryClient_PRODUCT-SERVICE/product-service:8081: registering service...
2025-07-01 08:50:29.940  INFO 71135 --- [tbeatExecutor-0] com.netflix.discovery.DiscoveryClient    : DiscoveryClient_PRODUCT-SERVICE/product-service:8081 - registration status: 204
2025-07-01 08:50:55.863  WARN 71135 --- [l-1 housekeeper] com.zaxxer.hikari.pool.HikariPool        : HikariPool-1 - Thread starvation or clock leap detected (housekeeper delta=1m22s309ms).
2025-07-01 08:53:39.065  INFO 71135 --- [ionShutdownHook] o.s.c.n.e.s.EurekaServiceRegistry        : Unregistering application PRODUCT-SERVICE with eureka with status DOWN
2025-07-01 08:53:39.067  INFO 71135 --- [ionShutdownHook] com.netflix.discovery.DiscoveryClient    : Saw local status change event StatusChangeEvent [timestamp=1751352819067, current=DOWN, previous=UP]
2025-07-01 08:53:39.068  INFO 71135 --- [nfoReplicator-0] com.netflix.discovery.DiscoveryClient    : DiscoveryClient_PRODUCT-SERVICE/product-service:8081: registering service...
2025-07-01 08:53:39.090  INFO 71135 --- [nfoReplicator-0] com.netflix.discovery.DiscoveryClient    : DiscoveryClient_PRODUCT-SERVICE/product-service:8081 - registration status: 204
2025-07-01 08:53:39.179  INFO 71135 --- [ionShutdownHook] j.LocalContainerEntityManagerFactoryBean : Closing JPA EntityManagerFactory for persistence unit 'default'
2025-07-01 08:53:39.188  INFO 71135 --- [ionShutdownHook] .SchemaDropperImpl$DelayedDropActionImpl : HHH000477: Starting delayed evictData of schema as part of SessionFactory shut-down'
Hibernate: 
    
    drop table if exists products CASCADE 
2025-07-01 08:53:39.211  INFO 71135 --- [ionShutdownHook] com.zaxxer.hikari.HikariDataSource       : HikariPool-1 - Shutdown initiated...
2025-07-01 08:53:39.216  INFO 71135 --- [ionShutdownHook] com.zaxxer.hikari.HikariDataSource       : HikariPool-1 - Shutdown completed.
2025-07-01 08:53:39.217  INFO 71135 --- [ionShutdownHook] com.netflix.discovery.DiscoveryClient    : Shutting down DiscoveryClient ...
2025-07-01 08:53:42.223  INFO 71135 --- [ionShutdownHook] com.netflix.discovery.DiscoveryClient    : Unregistering ...
2025-07-01 08:53:42.243  INFO 71135 --- [ionShutdownHook] c.n.d.s.t.d.RedirectingEurekaHttpClient  : Request execution error. endpoint=DefaultEndpoint{ serviceUrl='http://localhost:8761/eureka/} exception=I/O error on DELETE request for "http://localhost:8761/eureka/apps/PRODUCT-SERVICE/product-service:8081": Connect to localhost:8761 [localhost/127.0.0.1, localhost/0:0:0:0:0:0:0:1] failed: Connection refused; nested exception is org.apache.http.conn.HttpHostConnectException: Connect to localhost:8761 [localhost/127.0.0.1, localhost/0:0:0:0:0:0:0:1] failed: Connection refused stacktrace=org.springframework.web.client.ResourceAccessException: I/O error on DELETE request for "http://localhost:8761/eureka/apps/PRODUCT-SERVICE/product-service:8081": Connect to localhost:8761 [localhost/127.0.0.1, localhost/0:0:0:0:0:0:0:1] failed: Connection refused; nested exception is org.apache.http.conn.HttpHostConnectException: Connect to localhost:8761 [localhost/127.0.0.1, localhost/0:0:0:0:0:0:0:1] failed: Connection refused
	at org.springframework.web.client.RestTemplate.doExecute(RestTemplate.java:791)
	at org.springframework.web.client.RestTemplate.execute(RestTemplate.java:717)
	at org.springframework.web.client.RestTemplate.exchange(RestTemplate.java:608)
	at org.springframework.cloud.netflix.eureka.http.RestTemplateEurekaHttpClient.cancel(RestTemplateEurekaHttpClient.java:87)
	at com.netflix.discovery.shared.transport.decorator.EurekaHttpClientDecorator$2.execute(EurekaHttpClientDecorator.java:74)
	at com.netflix.discovery.shared.transport.decorator.RedirectingEurekaHttpClient.execute(RedirectingEurekaHttpClient.java:91)
	at com.netflix.discovery.shared.transport.decorator.EurekaHttpClientDecorator.cancel(EurekaHttpClientDecorator.java:71)
	at com.netflix.discovery.shared.transport.decorator.EurekaHttpClientDecorator$2.execute(EurekaHttpClientDecorator.java:74)
	at com.netflix.discovery.shared.transport.decorator.RetryableEurekaHttpClient.execute(RetryableEurekaHttpClient.java:120)
	at com.netflix.discovery.shared.transport.decorator.EurekaHttpClientDecorator.cancel(EurekaHttpClientDecorator.java:71)
	at com.netflix.discovery.shared.transport.decorator.EurekaHttpClientDecorator$2.execute(EurekaHttpClientDecorator.java:74)
	at com.netflix.discovery.shared.transport.decorator.SessionedEurekaHttpClient.execute(SessionedEurekaHttpClient.java:77)
	at com.netflix.discovery.shared.transport.decorator.EurekaHttpClientDecorator.cancel(EurekaHttpClientDecorator.java:71)
	at com.netflix.discovery.DiscoveryClient.unregister(DiscoveryClient.java:972)
	at com.netflix.discovery.DiscoveryClient.shutdown(DiscoveryClient.java:948)
	at java.base/jdk.internal.reflect.NativeMethodAccessorImpl.invoke0(Native Method)
	at java.base/jdk.internal.reflect.NativeMethodAccessorImpl.invoke(NativeMethodAccessorImpl.java:77)
	at java.base/jdk.internal.reflect.DelegatingMethodAccessorImpl.invoke(DelegatingMethodAccessorImpl.java:43)
	at java.base/java.lang.reflect.Method.invoke(Method.java:569)
	at org.springframework.beans.factory.annotation.InitDestroyAnnotationBeanPostProcessor$LifecycleElement.invoke(InitDestroyAnnotationBeanPostProcessor.java:389)
	at org.springframework.beans.factory.annotation.InitDestroyAnnotationBeanPostProcessor$LifecycleMetadata.invokeDestroyMethods(InitDestroyAnnotationBeanPostProcessor.java:347)
	at org.springframework.beans.factory.annotation.InitDestroyAnnotationBeanPostProcessor.postProcessBeforeDestruction(InitDestroyAnnotationBeanPostProcessor.java:177)
	at org.springframework.beans.factory.support.DisposableBeanAdapter.destroy(DisposableBeanAdapter.java:197)
	at org.springframework.beans.factory.support.DisposableBeanAdapter.run(DisposableBeanAdapter.java:190)
	at org.springframework.cloud.context.scope.GenericScope$BeanLifecycleWrapper.destroy(GenericScope.java:390)
	at org.springframework.cloud.context.scope.GenericScope.destroy(GenericScope.java:136)
	at org.springframework.beans.factory.support.DisposableBeanAdapter.destroy(DisposableBeanAdapter.java:213)
	at org.springframework.beans.factory.support.DefaultSingletonBeanRegistry.destroyBean(DefaultSingletonBeanRegistry.java:587)
	at org.springframework.beans.factory.support.DefaultSingletonBeanRegistry.destroySingleton(DefaultSingletonBeanRegistry.java:559)
	at org.springframework.beans.factory.support.DefaultListableBeanFactory.destroySingleton(DefaultListableBeanFactory.java:1163)
	at org.springframework.beans.factory.support.DefaultSingletonBeanRegistry.destroySingletons(DefaultSingletonBeanRegistry.java:520)
	at org.springframework.beans.factory.support.DefaultListableBeanFactory.destroySingletons(DefaultListableBeanFactory.java:1156)
	at org.springframework.context.support.AbstractApplicationContext.destroyBeans(AbstractApplicationContext.java:1109)
	at org.springframework.context.support.AbstractApplicationContext.doClose(AbstractApplicationContext.java:1078)
	at org.springframework.boot.web.servlet.context.ServletWebServerApplicationContext.doClose(ServletWebServerApplicationContext.java:174)
	at org.springframework.context.support.AbstractApplicationContext.close(AbstractApplicationContext.java:1024)
	at org.springframework.boot.SpringApplicationShutdownHook.closeAndWait(SpringApplicationShutdownHook.java:145)
	at java.base/java.lang.Iterable.forEach(Iterable.java:75)
	at org.springframework.boot.SpringApplicationShutdownHook.run(SpringApplicationShutdownHook.java:114)
	at java.base/java.lang.Thread.run(Thread.java:840)
Caused by: org.apache.http.conn.HttpHostConnectException: Connect to localhost:8761 [localhost/127.0.0.1, localhost/0:0:0:0:0:0:0:1] failed: Connection refused
	at org.apache.http.impl.conn.DefaultHttpClientConnectionOperator.connect(DefaultHttpClientConnectionOperator.java:156)
	at org.apache.http.impl.conn.PoolingHttpClientConnectionManager.connect(PoolingHttpClientConnectionManager.java:376)
	at org.apache.http.impl.execchain.MainClientExec.establishRoute(MainClientExec.java:393)
	at org.apache.http.impl.execchain.MainClientExec.execute(MainClientExec.java:236)
	at org.apache.http.impl.execchain.ProtocolExec.execute(ProtocolExec.java:186)
	at org.apache.http.impl.execchain.RetryExec.execute(RetryExec.java:89)
	at org.apache.http.impl.execchain.RedirectExec.execute(RedirectExec.java:110)
	at org.apache.http.impl.client.InternalHttpClient.doExecute(InternalHttpClient.java:185)
	at org.apache.http.impl.client.CloseableHttpClient.execute(CloseableHttpClient.java:83)
	at org.apache.http.impl.client.CloseableHttpClient.execute(CloseableHttpClient.java:56)
	at org.springframework.http.client.HttpComponentsClientHttpRequest.executeInternal(HttpComponentsClientHttpRequest.java:87)
	at org.springframework.http.client.AbstractBufferingClientHttpRequest.executeInternal(AbstractBufferingClientHttpRequest.java:48)
	at org.springframework.http.client.AbstractClientHttpRequest.execute(AbstractClientHttpRequest.java:66)
	at org.springframework.web.client.RestTemplate.doExecute(RestTemplate.java:782)
	... 39 more
Caused by: java.net.ConnectException: Connection refused
	at java.base/sun.nio.ch.Net.connect0(Native Method)
	at java.base/sun.nio.ch.Net.connect(Net.java:579)
	at java.base/sun.nio.ch.Net.connect(Net.java:568)
	at java.base/sun.nio.ch.NioSocketImpl.connect(NioSocketImpl.java:593)
	at java.base/java.net.SocksSocketImpl.connect(SocksSocketImpl.java:327)
	at java.base/java.net.Socket.connect(Socket.java:633)
	at org.apache.http.conn.socket.PlainConnectionSocketFactory.connectSocket(PlainConnectionSocketFactory.java:75)
	at org.apache.http.impl.conn.DefaultHttpClientConnectionOperator.connect(DefaultHttpClientConnectionOperator.java:142)
	... 52 more

2025-07-01 08:53:42.244  WARN 71135 --- [ionShutdownHook] c.n.d.s.t.d.RetryableEurekaHttpClient    : Request execution failed with message: I/O error on DELETE request for "http://localhost:8761/eureka/apps/PRODUCT-SERVICE/product-service:8081": Connect to localhost:8761 [localhost/127.0.0.1, localhost/0:0:0:0:0:0:0:1] failed: Connection refused; nested exception is org.apache.http.conn.HttpHostConnectException: Connect to localhost:8761 [localhost/127.0.0.1, localhost/0:0:0:0:0:0:0:1] failed: Connection refused
2025-07-01 08:53:42.251  INFO 71135 --- [ionShutdownHook] c.n.d.s.t.d.RedirectingEurekaHttpClient  : Request execution error. endpoint=DefaultEndpoint{ serviceUrl='http://localhost:8761/eureka/}, exception=I/O error on DELETE request for "http://localhost:8761/eureka/apps/PRODUCT-SERVICE/product-service:8081": Connect to localhost:8761 [localhost/127.0.0.1, localhost/0:0:0:0:0:0:0:1] failed: Connection refused; nested exception is org.apache.http.conn.HttpHostConnectException: Connect to localhost:8761 [localhost/127.0.0.1, localhost/0:0:0:0:0:0:0:1] failed: Connection refused stacktrace=org.springframework.web.client.ResourceAccessException: I/O error on DELETE request for "http://localhost:8761/eureka/apps/PRODUCT-SERVICE/product-service:8081": Connect to localhost:8761 [localhost/127.0.0.1, localhost/0:0:0:0:0:0:0:1] failed: Connection refused; nested exception is org.apache.http.conn.HttpHostConnectException: Connect to localhost:8761 [localhost/127.0.0.1, localhost/0:0:0:0:0:0:0:1] failed: Connection refused
	at org.springframework.web.client.RestTemplate.doExecute(RestTemplate.java:791)
	at org.springframework.web.client.RestTemplate.execute(RestTemplate.java:717)
	at org.springframework.web.client.RestTemplate.exchange(RestTemplate.java:608)
	at org.springframework.cloud.netflix.eureka.http.RestTemplateEurekaHttpClient.cancel(RestTemplateEurekaHttpClient.java:87)
	at com.netflix.discovery.shared.transport.decorator.EurekaHttpClientDecorator$2.execute(EurekaHttpClientDecorator.java:74)
	at com.netflix.discovery.shared.transport.decorator.RedirectingEurekaHttpClient.executeOnNewServer(RedirectingEurekaHttpClient.java:121)
	at com.netflix.discovery.shared.transport.decorator.RedirectingEurekaHttpClient.execute(RedirectingEurekaHttpClient.java:80)
	at com.netflix.discovery.shared.transport.decorator.EurekaHttpClientDecorator.cancel(EurekaHttpClientDecorator.java:71)
	at com.netflix.discovery.shared.transport.decorator.EurekaHttpClientDecorator$2.execute(EurekaHttpClientDecorator.java:74)
	at com.netflix.discovery.shared.transport.decorator.RetryableEurekaHttpClient.execute(RetryableEurekaHttpClient.java:120)
	at com.netflix.discovery.shared.transport.decorator.EurekaHttpClientDecorator.cancel(EurekaHttpClientDecorator.java:71)
	at com.netflix.discovery.shared.transport.decorator.EurekaHttpClientDecorator$2.execute(EurekaHttpClientDecorator.java:74)
	at com.netflix.discovery.shared.transport.decorator.SessionedEurekaHttpClient.execute(SessionedEurekaHttpClient.java:77)
	at com.netflix.discovery.shared.transport.decorator.EurekaHttpClientDecorator.cancel(EurekaHttpClientDecorator.java:71)
	at com.netflix.discovery.DiscoveryClient.unregister(DiscoveryClient.java:972)
	at com.netflix.discovery.DiscoveryClient.shutdown(DiscoveryClient.java:948)
	at java.base/jdk.internal.reflect.NativeMethodAccessorImpl.invoke0(Native Method)
	at java.base/jdk.internal.reflect.NativeMethodAccessorImpl.invoke(NativeMethodAccessorImpl.java:77)
	at java.base/jdk.internal.reflect.DelegatingMethodAccessorImpl.invoke(DelegatingMethodAccessorImpl.java:43)
	at java.base/java.lang.reflect.Method.invoke(Method.java:569)
	at org.springframework.beans.factory.annotation.InitDestroyAnnotationBeanPostProcessor$LifecycleElement.invoke(InitDestroyAnnotationBeanPostProcessor.java:389)
	at org.springframework.beans.factory.annotation.InitDestroyAnnotationBeanPostProcessor$LifecycleMetadata.invokeDestroyMethods(InitDestroyAnnotationBeanPostProcessor.java:347)
	at org.springframework.beans.factory.annotation.InitDestroyAnnotationBeanPostProcessor.postProcessBeforeDestruction(InitDestroyAnnotationBeanPostProcessor.java:177)
	at org.springframework.beans.factory.support.DisposableBeanAdapter.destroy(DisposableBeanAdapter.java:197)
	at org.springframework.beans.factory.support.DisposableBeanAdapter.run(DisposableBeanAdapter.java:190)
	at org.springframework.cloud.context.scope.GenericScope$BeanLifecycleWrapper.destroy(GenericScope.java:390)
	at org.springframework.cloud.context.scope.GenericScope.destroy(GenericScope.java:136)
	at org.springframework.beans.factory.support.DisposableBeanAdapter.destroy(DisposableBeanAdapter.java:213)
	at org.springframework.beans.factory.support.DefaultSingletonBeanRegistry.destroyBean(DefaultSingletonBeanRegistry.java:587)
	at org.springframework.beans.factory.support.DefaultSingletonBeanRegistry.destroySingleton(DefaultSingletonBeanRegistry.java:559)
	at org.springframework.beans.factory.support.DefaultListableBeanFactory.destroySingleton(DefaultListableBeanFactory.java:1163)
	at org.springframework.beans.factory.support.DefaultSingletonBeanRegistry.destroySingletons(DefaultSingletonBeanRegistry.java:520)
	at org.springframework.beans.factory.support.DefaultListableBeanFactory.destroySingletons(DefaultListableBeanFactory.java:1156)
	at org.springframework.context.support.AbstractApplicationContext.destroyBeans(AbstractApplicationContext.java:1109)
	at org.springframework.context.support.AbstractApplicationContext.doClose(AbstractApplicationContext.java:1078)
	at org.springframework.boot.web.servlet.context.ServletWebServerApplicationContext.doClose(ServletWebServerApplicationContext.java:174)
	at org.springframework.context.support.AbstractApplicationContext.close(AbstractApplicationContext.java:1024)
	at org.springframework.boot.SpringApplicationShutdownHook.closeAndWait(SpringApplicationShutdownHook.java:145)
	at java.base/java.lang.Iterable.forEach(Iterable.java:75)
	at org.springframework.boot.SpringApplicationShutdownHook.run(SpringApplicationShutdownHook.java:114)
	at java.base/java.lang.Thread.run(Thread.java:840)
Caused by: org.apache.http.conn.HttpHostConnectException: Connect to localhost:8761 [localhost/127.0.0.1, localhost/0:0:0:0:0:0:0:1] failed: Connection refused
	at org.apache.http.impl.conn.DefaultHttpClientConnectionOperator.connect(DefaultHttpClientConnectionOperator.java:156)
	at org.apache.http.impl.conn.PoolingHttpClientConnectionManager.connect(PoolingHttpClientConnectionManager.java:376)
	at org.apache.http.impl.execchain.MainClientExec.establishRoute(MainClientExec.java:393)
	at org.apache.http.impl.execchain.MainClientExec.execute(MainClientExec.java:236)
	at org.apache.http.impl.execchain.ProtocolExec.execute(ProtocolExec.java:186)
	at org.apache.http.impl.execchain.RetryExec.execute(RetryExec.java:89)
	at org.apache.http.impl.execchain.RedirectExec.execute(RedirectExec.java:110)
	at org.apache.http.impl.client.InternalHttpClient.doExecute(InternalHttpClient.java:185)
	at org.apache.http.impl.client.CloseableHttpClient.execute(CloseableHttpClient.java:83)
	at org.apache.http.impl.client.CloseableHttpClient.execute(CloseableHttpClient.java:56)
	at org.springframework.http.client.HttpComponentsClientHttpRequest.executeInternal(HttpComponentsClientHttpRequest.java:87)
	at org.springframework.http.client.AbstractBufferingClientHttpRequest.executeInternal(AbstractBufferingClientHttpRequest.java:48)
	at org.springframework.http.client.AbstractClientHttpRequest.execute(AbstractClientHttpRequest.java:66)
	at org.springframework.web.client.RestTemplate.doExecute(RestTemplate.java:782)
	... 40 more
Caused by: java.net.ConnectException: Connection refused
	at java.base/sun.nio.ch.Net.connect0(Native Method)
	at java.base/sun.nio.ch.Net.connect(Net.java:579)
	at java.base/sun.nio.ch.Net.connect(Net.java:568)
	at java.base/sun.nio.ch.NioSocketImpl.connect(NioSocketImpl.java:593)
	at java.base/java.net.SocksSocketImpl.connect(SocksSocketImpl.java:327)
	at java.base/java.net.Socket.connect(Socket.java:633)
	at org.apache.http.conn.socket.PlainConnectionSocketFactory.connectSocket(PlainConnectionSocketFactory.java:75)
	at org.apache.http.impl.conn.DefaultHttpClientConnectionOperator.connect(DefaultHttpClientConnectionOperator.java:142)
	... 53 more

2025-07-01 08:53:42.251  WARN 71135 --- [ionShutdownHook] c.n.d.s.t.d.RetryableEurekaHttpClient    : Request execution failed with message: I/O error on DELETE request for "http://localhost:8761/eureka/apps/PRODUCT-SERVICE/product-service:8081": Connect to localhost:8761 [localhost/127.0.0.1, localhost/0:0:0:0:0:0:0:1] failed: Connection refused; nested exception is org.apache.http.conn.HttpHostConnectException: Connect to localhost:8761 [localhost/127.0.0.1, localhost/0:0:0:0:0:0:0:1] failed: Connection refused
2025-07-01 08:53:42.255 ERROR 71135 --- [ionShutdownHook] com.netflix.discovery.DiscoveryClient    : DiscoveryClient_PRODUCT-SERVICE/product-service:8081 - de-registration failedCannot execute request on any known server

com.netflix.discovery.shared.transport.TransportException: Cannot execute request on any known server
	at com.netflix.discovery.shared.transport.decorator.RetryableEurekaHttpClient.execute(RetryableEurekaHttpClient.java:112) ~[eureka-client-1.10.17.jar:1.10.17]
	at com.netflix.discovery.shared.transport.decorator.EurekaHttpClientDecorator.cancel(EurekaHttpClientDecorator.java:71) ~[eureka-client-1.10.17.jar:1.10.17]
	at com.netflix.discovery.shared.transport.decorator.EurekaHttpClientDecorator$2.execute(EurekaHttpClientDecorator.java:74) ~[eureka-client-1.10.17.jar:1.10.17]
	at com.netflix.discovery.shared.transport.decorator.SessionedEurekaHttpClient.execute(SessionedEurekaHttpClient.java:77) ~[eureka-client-1.10.17.jar:1.10.17]
	at com.netflix.discovery.shared.transport.decorator.EurekaHttpClientDecorator.cancel(EurekaHttpClientDecorator.java:71) ~[eureka-client-1.10.17.jar:1.10.17]
	at com.netflix.discovery.DiscoveryClient.unregister(DiscoveryClient.java:972) ~[eureka-client-1.10.17.jar:1.10.17]
	at com.netflix.discovery.DiscoveryClient.shutdown(DiscoveryClient.java:948) ~[eureka-client-1.10.17.jar:1.10.17]
	at java.base/jdk.internal.reflect.NativeMethodAccessorImpl.invoke0(Native Method) ~[na:na]
	at java.base/jdk.internal.reflect.NativeMethodAccessorImpl.invoke(NativeMethodAccessorImpl.java:77) ~[na:na]
	at java.base/jdk.internal.reflect.DelegatingMethodAccessorImpl.invoke(DelegatingMethodAccessorImpl.java:43) ~[na:na]
	at java.base/java.lang.reflect.Method.invoke(Method.java:569) ~[na:na]
	at org.springframework.beans.factory.annotation.InitDestroyAnnotationBeanPostProcessor$LifecycleElement.invoke(InitDestroyAnnotationBeanPostProcessor.java:389) ~[spring-beans-5.3.29.jar:5.3.29]
	at org.springframework.beans.factory.annotation.InitDestroyAnnotationBeanPostProcessor$LifecycleMetadata.invokeDestroyMethods(InitDestroyAnnotationBeanPostProcessor.java:347) ~[spring-beans-5.3.29.jar:5.3.29]
	at org.springframework.beans.factory.annotation.InitDestroyAnnotationBeanPostProcessor.postProcessBeforeDestruction(InitDestroyAnnotationBeanPostProcessor.java:177) ~[spring-beans-5.3.29.jar:5.3.29]
	at org.springframework.beans.factory.support.DisposableBeanAdapter.destroy(DisposableBeanAdapter.java:197) ~[spring-beans-5.3.29.jar:5.3.29]
	at org.springframework.beans.factory.support.DisposableBeanAdapter.run(DisposableBeanAdapter.java:190) ~[spring-beans-5.3.29.jar:5.3.29]
	at org.springframework.cloud.context.scope.GenericScope$BeanLifecycleWrapper.destroy(GenericScope.java:390) ~[spring-cloud-context-3.1.7.jar:3.1.7]
	at org.springframework.cloud.context.scope.GenericScope.destroy(GenericScope.java:136) ~[spring-cloud-context-3.1.7.jar:3.1.7]
	at org.springframework.beans.factory.support.DisposableBeanAdapter.destroy(DisposableBeanAdapter.java:213) ~[spring-beans-5.3.29.jar:5.3.29]
	at org.springframework.beans.factory.support.DefaultSingletonBeanRegistry.destroyBean(DefaultSingletonBeanRegistry.java:587) ~[spring-beans-5.3.29.jar:5.3.29]
	at org.springframework.beans.factory.support.DefaultSingletonBeanRegistry.destroySingleton(DefaultSingletonBeanRegistry.java:559) ~[spring-beans-5.3.29.jar:5.3.29]
	at org.springframework.beans.factory.support.DefaultListableBeanFactory.destroySingleton(DefaultListableBeanFactory.java:1163) ~[spring-beans-5.3.29.jar:5.3.29]
	at org.springframework.beans.factory.support.DefaultSingletonBeanRegistry.destroySingletons(DefaultSingletonBeanRegistry.java:520) ~[spring-beans-5.3.29.jar:5.3.29]
	at org.springframework.beans.factory.support.DefaultListableBeanFactory.destroySingletons(DefaultListableBeanFactory.java:1156) ~[spring-beans-5.3.29.jar:5.3.29]
	at org.springframework.context.support.AbstractApplicationContext.destroyBeans(AbstractApplicationContext.java:1109) ~[spring-context-5.3.29.jar:5.3.29]
	at org.springframework.context.support.AbstractApplicationContext.doClose(AbstractApplicationContext.java:1078) ~[spring-context-5.3.29.jar:5.3.29]
	at org.springframework.boot.web.servlet.context.ServletWebServerApplicationContext.doClose(ServletWebServerApplicationContext.java:174) ~[spring-boot-2.7.14.jar:2.7.14]
	at org.springframework.context.support.AbstractApplicationContext.close(AbstractApplicationContext.java:1024) ~[spring-context-5.3.29.jar:5.3.29]
	at org.springframework.boot.SpringApplicationShutdownHook.closeAndWait(SpringApplicationShutdownHook.java:145) ~[spring-boot-2.7.14.jar:2.7.14]
	at java.base/java.lang.Iterable.forEach(Iterable.java:75) ~[na:na]
	at org.springframework.boot.SpringApplicationShutdownHook.run(SpringApplicationShutdownHook.java:114) ~[spring-boot-2.7.14.jar:2.7.14]
	at java.base/java.lang.Thread.run(Thread.java:840) ~[na:na]

2025-07-01 08:53:42.258  INFO 71135 --- [ionShutdownHook] com.netflix.discovery.DiscoveryClient    : Completed shut down of DiscoveryClient
